{"schema_version": 1, "timestamp": "2026-06-19T19:06:00-04:00", "cwd": "{PRODUCT_ROOT}", "command": "python3 -c \"import secrets; print('2026-06-19-' + secrets.token_hex(4))\"", "exit_code": 0, "artifacts": [], "redactions": []}
{"schema_version": 1, "timestamp": "2026-06-19T19:06:00-04:00", "cwd": "{PRODUCT_ROOT}", "command": "python3 scripts/kg/validate.py", "exit_code": 1, "artifacts": [], "redactions": [], "note": "precondition: stale coverage-report.yaml"}
{"schema_version": 1, "timestamp": "2026-06-19T19:06:00-04:00", "cwd": "{PRODUCT_ROOT}", "command": "python3 scripts/kg/validate.py --write-coverage-report", "exit_code": 0, "artifacts": ["planning-mds/knowledge-graph/coverage-report.yaml"], "redactions": []}
{"schema_version": 1, "timestamp": "2026-06-19T19:06:00-04:00", "cwd": "{PRODUCT_ROOT}", "command": "python3 scripts/kg/validate.py", "exit_code": 0, "artifacts": [], "redactions": []}
{"schema_version": 1, "timestamp": "2026-06-19T19:06:00-04:00", "cwd": "{PRODUCT_ROOT}", "command": "docker compose ps", "exit_code": 0, "artifacts": [], "redactions": []}
{"schema_version": 1, "timestamp": "2026-06-19T19:06:00-04:00", "cwd": "{PRODUCT_ROOT}", "command": "python3 scripts/kg/workstate.py --state-file .kg-state/F0023-feature.yaml init --role feature --scope F0023 --run-id 2026-06-19-a4e3fdd6 --mode clean --force", "exit_code": 0, "artifacts":[], "redactions": []}
{"schema_version": 1, "timestamp": "2026-06-19T19:06:00-04:00", "cwd": "{PRODUCT_ROOT}", "command": "python3 scripts/kg/lookup.py F0023 --tier 1 --run-id 2026-06-19-a4e3fdd6 --telemetry-file .kg-state/telemetry.jsonl", "exit_code": 0, "artifacts": [], "redactions": []}
{"schema_version": 1, "timestamp": "2026-06-19T19:06:00-04:00", "cwd": "{PRODUCT_ROOT}", "command": "python3 scripts/kg/cochange.py --coverage-gaps", "exit_code": 0, "artifacts": [], "redactions": []}
{"schema_version": 1, "timestamp": "2026-06-19T21:44:38-04:00", "cwd": "{PRODUCT_ROOT}", "command": "python3 scripts/kg/workstate.py --state-file .kg-state/F0023-feature.yaml decision --topic plan-story-reconcile --rationale '...' 'Added KG Binding Plan section'", "exit_code": 0, "artifacts": [], "redactions": []}
{"schema_version": 1, "timestamp": "2026-06-19T21:44:38-04:00", "cwd": "{PRODUCT_ROOT}", "command": "python3 scripts/kg/workstate.py --state-file .kg-state/F0023-feature.yaml touch planning-mds/features/F0023-global-search-saved-views-and-operational-reporting/feature-assembly-plan.md", "exit_code": 0, "artifacts": [], "redactions": []}
{"schema_version": 1, "timestamp": "2026-06-19T21:44:38-04:00", "cwd": "{PRODUCT_ROOT}", "command": "python3 agents/product-manager/scripts/validate-feature-evidence.py --product-root {PRODUCT_ROOT} --feature F0023 --run-id 2026-06-19-a4e3fdd6 --stage G0", "exit_code": 0, "artifacts": ["planning-mds/operations/evidence/runs/2026-06-19-a4e3fdd6/g0-assembly-plan-validation.md"], "redactions": []}
{"schema_version": 1, "timestamp": "2026-06-19T21:44:38-04:00", "cwd": "{PRODUCT_ROOT}", "command": "git diff --name-only HEAD", "exit_code": 0, "artifacts": ["planning-mds/operations/evidence/runs/2026-06-19-a4e3fdd6/artifacts/diffs/changed-files.txt"], "redactions": []}
{"schema_version": 1, "timestamp": "2026-06-19T21:44:38-04:00", "cwd": "{PRODUCT_ROOT}", "command": "curl -s -o /dev/null -w '%{http_code}' http://localhost:8080/healthz", "exit_code": 0, "artifacts": [], "redactions": []}
{"schema_version": 1, "timestamp": "2026-06-19T21:44:38-04:00", "cwd": "{PRODUCT_ROOT}", "command": "docker compose exec -T db pg_isready -U postgres", "exit_code": 0, "artifacts": [], "redactions": []}
{"schema_version": 1, "timestamp": "2026-06-19T21:44:38-04:00", "cwd": "{PRODUCT_ROOT}", "command": "python3 agents/product-manager/scripts/validate-feature-evidence.py --product-root {PRODUCT_ROOT} --feature F0023 --run-id 2026-06-19-a4e3fdd6 --stage G1", "exit_code": 0, "artifacts": ["planning-mds/operations/evidence/runs/2026-06-19-a4e3fdd6/g1-runtime-preflight.md"], "redactions": []}
{"schema_version": 1, "timestamp": "2026-06-19T22:54:28-04:00", "cwd": "{PRODUCT_ROOT}", "command": "python3 scripts/kg/hint.py engine/src/Nebula.Domain/Entities/SearchDocument.cs --run-id 2026-06-19-a4e3fdd6 --telemetry-file .kg-state/telemetry.jsonl", "exit_code": 0, "artifacts": [], "redactions": []}
{"schema_version": 1, "timestamp": "2026-06-19T22:54:28-04:00", "cwd": "{PRODUCT_ROOT}", "command": "python3 scripts/kg/blast.py engine/src/Nebula.Infrastructure/Persistence/AppDbContext.cs --run-id 2026-06-19-a4e3fdd6 --telemetry-file .kg-state/telemetry.jsonl", "exit_code": 0, "artifacts": [], "redactions": []}
{"schema_version": 1, "timestamp": "2026-06-19T22:54:28-04:00", "cwd": "{PRODUCT_ROOT}/engine", "command": "dotnet build Nebula.slnx -c Debug", "exit_code": 0, "artifacts": [], "redactions": []}
{"schema_version": 1, "timestamp": "2026-06-19T22:54:28-04:00", "cwd": "{PRODUCT_ROOT}/engine", "command": "dotnet ef migrations add F0023_SearchSavedViewsOperationalReporting --project src/Nebula.Infrastructure --startup-project src/Nebula.Api", "exit_code": 0, "artifacts": [], "redactions": []}
{"schema_version": 1, "timestamp": "2026-06-19T22:54:28-04:00", "cwd": "{PRODUCT_ROOT}/engine", "command": "dotnet ef migrations has-pending-model-changes --project src/Nebula.Infrastructure --startup-project src/Nebula.Api", "exit_code": 0, "artifacts": [], "redactions": []}
{"schema_version": 1, "timestamp": "2026-06-19T22:54:28-04:00", "cwd": "{PRODUCT_ROOT}/engine", "command": "dotnet ef database update --project src/Nebula.Infrastructure --startup-project src/Nebula.Api", "exit_code": 0, "artifacts": [], "redactions": []}
{"schema_version": 1, "timestamp": "2026-06-19T22:54:28-04:00", "cwd": "{PRODUCT_ROOT}", "command": "docker compose exec -T db psql -U postgres -d nebula -c \"SELECT table_name FROM information_schema.tables WHERE table_name IN (...)\"", "exit_code": 0, "artifacts": [], "redactions": []}
{"schema_version": 1, "timestamp": "2026-06-20T00:14:01-04:00", "cwd": "{PRODUCT_ROOT}/engine", "command": "dotnet build Nebula.slnx -c Debug", "exit_code": 0, "artifacts": [], "redactions": []}
{"schema_version": 1, "timestamp": "2026-06-20T00:14:01-04:00", "cwd": "{PRODUCT_ROOT}/engine", "command": "dotnet ef migrations add F0023_SearchSavedViewsOperationalReporting --project src/Nebula.Infrastructure --startup-project src/Nebula.Api (regen snapshot, F0023-only)", "exit_code": 0, "artifacts": [], "redactions": []}
{"schema_version": 1, "timestamp": "2026-06-20T00:14:01-04:00", "cwd": "{PRODUCT_ROOT}/engine", "command": "dotnet ef database update --project src/Nebula.Infrastructure --startup-project src/Nebula.Api", "exit_code": 0, "artifacts": [], "redactions": []}
{"schema_version": 1, "timestamp": "2026-06-20T00:14:01-04:00", "cwd": "{PRODUCT_ROOT}/engine", "command": "dotnet test Nebula.slnx --filter FullyQualifiedName~SearchReporting", "exit_code": 0, "artifacts": [], "redactions": []}
{"schema_version": 1, "timestamp": "2026-06-20T00:14:01-04:00", "cwd": "{PRODUCT_ROOT}", "command": "docker compose build api", "exit_code": 0, "artifacts": [], "redactions": []}
{"schema_version": 1, "timestamp": "2026-06-20T00:14:01-04:00", "cwd": "{PRODUCT_ROOT}", "command": "docker compose up -d api", "exit_code": 0, "artifacts": [], "redactions": []}
{"schema_version": 1, "timestamp": "2026-06-20T00:14:01-04:00", "cwd": "{PRODUCT_ROOT}", "command": "curl -s -o /dev/null -w '%{http_code}' http://localhost:8080/search-results?q=acme", "exit_code": 0, "artifacts": [], "redactions": []}
{"schema_version": 1, "timestamp": "2026-06-20T02:09:33-04:00", "cwd": "{PRODUCT_ROOT}/experience", "command": "pnpm build", "exit_code": 0, "artifacts": [], "redactions": []}
{"schema_version": 1, "timestamp": "2026-06-20T02:09:33-04:00", "cwd": "{PRODUCT_ROOT}/experience", "command": "pnpm lint", "exit_code": 0, "artifacts": [], "redactions": []}
{"schema_version": 1, "timestamp": "2026-06-20T02:09:33-04:00", "cwd": "{PRODUCT_ROOT}/experience", "command": "pnpm lint:theme", "exit_code": 0, "artifacts": [], "redactions": []}
{"schema_version": 1, "timestamp": "2026-06-20T02:09:33-04:00", "cwd": "{PRODUCT_ROOT}/experience", "command": "pnpm exec vitest run src/features/search src/features/reports", "exit_code": 0, "artifacts": [], "redactions": []}
{"schema_version": 1, "timestamp": "2026-06-20T02:42:28-04:00", "cwd": "{PRODUCT_ROOT}", "command": "python3 scripts/kg/validate.py --check-symbols", "exit_code": 0, "artifacts": [], "redactions": []}
{"schema_version": 1, "timestamp": "2026-06-20T02:42:28-04:00", "cwd": "{PRODUCT_ROOT}", "command": "python3 scripts/kg/validate.py --check-drift", "exit_code": 0, "artifacts": [], "redactions": []}
{"schema_version": 1, "timestamp": "2026-06-20T02:42:28-04:00", "cwd": "{PRODUCT_ROOT}", "command": "git checkout -- planning-mds/knowledge-graph/symbol-index.yaml (restore after extractor-broken regen)", "exit_code": 0, "artifacts": [], "redactions": []}
{"schema_version": 1, "timestamp": "2026-06-20T08:31:23-04:00", "cwd": "{PRODUCT_ROOT}", "command": "python3 scripts/kg/validate.py --write-coverage-report", "exit_code": 0, "artifacts": [], "redactions": []}
{"schema_version": 1, "timestamp": "2026-06-20T08:31:23-04:00", "cwd": "{PRODUCT_ROOT}", "command": "python3 scripts/kg/validate.py --check-drift", "exit_code": 0, "artifacts": [], "redactions": []}
{"schema_version": 1, "timestamp": "2026-06-20T08:31:23-04:00", "cwd": "{PRODUCT_ROOT}", "command": "python3 scripts/kg/validate.py --check-symbols", "exit_code": 0, "artifacts": [], "redactions": []}
{"schema_version": 1, "timestamp": "2026-06-20T08:31:23-04:00", "cwd": "{PRODUCT_ROOT}", "command": "python3 agents/product-manager/scripts/patch-prior-manifest.py --product-root {PRODUCT_ROOT} --feature F0023 --new-run-id 2026-06-19-a4e3fdd6", "exit_code": 0, "artifacts": [], "redactions": []}
{"schema_version": 1, "timestamp": "2026-06-20T08:31:23-04:00", "cwd": "{PRODUCT_ROOT}", "command": "python3 agents/product-manager/scripts/generate-story-index.py {PRODUCT_ROOT}/planning-mds/features/", "exit_code": 0, "artifacts": [], "redactions": []}
{"schema_version": 1, "timestamp": "2026-06-20T08:31:23-04:00", "cwd": "{PRODUCT_ROOT}", "command": "python3 agents/product-manager/scripts/validate-feature-evidence.py --product-root {PRODUCT_ROOT} --feature F0023 --stage closeout", "exit_code": 0, "artifacts": [], "redactions": []}
{"schema_version": 1, "timestamp": "2026-06-20T08:31:23-04:00", "cwd": "{PRODUCT_ROOT}", "command": "python3 agents/product-manager/scripts/validate-trackers.py --feature F0023 --run-id 2026-06-19-a4e3fdd6", "exit_code": 0, "artifacts": [], "redactions": []}
{"schema_version": 1, "timestamp": "2026-06-20T08:31:23-04:00", "cwd": "{PRODUCT_ROOT}", "command": "python3 agents/scripts/validate_templates.py", "exit_code": 0, "artifacts": [], "redactions": []}
