# Lifecycle Gates — F0027 Focused Test

## T0 TEST PLAN

Result: PASS

- Standalone harness test run initialized.
- Scope set to F0027 focused regression testing.

## T1 TEST EXECUTION

Result: PASS

- Backend API build passed.
- Backend test project build passed with the accepted Microsoft.OpenApi advisory warning.
- Frontend build passed with the existing Vite chunk-size warning.
- F0027 frontend component test passed and wrote JSON report.
- F0027 backend service test passed after required VSTest sandbox escalation and wrote TRX plus Cobertura artifacts.
- F0027 scoped feature evidence and tracker validation passed.
- KG symbol/drift checks and template validation passed.

## T2 COVERAGE

Result: PASS WITH WAIVER

- Backend Cobertura artifact exists at `artifacts/coverage/f0027-backend-coverage.cobertura.xml`.
- The run does not enforce a percentage threshold because this is a filtered post-closeout regression test pass; the Cobertura denominator is the full assembly, not only F0027 code.
- `python3 scripts/kg/lookup.py --untested feature:F0027` returned `untested_count=0`.

## T3 SELF-REVIEW GATE

Result: PASS

- Planned acceptance criteria have executed tests or explicit deferred-layer rationale.
- Required raw artifacts exist for the executed layers.
- No implementation or approved feature evidence files were changed by this standalone test action.

## T4 QUALITY GATE

Result: PASS WITH RECOMMENDATIONS

- Focused F0027 regression pass is green.
- Live API integration, browser E2E, and accessibility tests remain recommended follow-ups because no F0027-specific suites exist for those layers yet.
