# Lifecycle Gates Log — F0021 Feature Run 2026-07-01-9cee64f0

## Run Start

Stage: feature action initialization
Timestamp: 2026-07-01T13:24:27Z
Result: PASS
Notes: Separate feature action started after plan action `2026-07-01-c1726908` completed G1-G5 approval. Current gate is G0 assembly plan validation.

## G0 ARCHITECT ASSEMBLY PLAN VALIDATION

Stage: assembly planning
Timestamp: 2026-07-01T13:32:00Z
Result: PASS
Notes: Feature-local `feature-assembly-plan.md` was created, the umbrella architecture assembly plan now references F0021, signoff ownership is already initialized in `STATUS.md`, and `g0-assembly-plan-validation.md` recommends proceeding to G1 runtime preflight.

Command: `.venv/bin/python agents/product-manager/scripts/validate-feature-evidence.py --product-root ../nebula-insurance-crm --feature F0021 --run-id 2026-07-01-9cee64f0 --stage G0`
Stage: G0 evidence validation
Exit Code: 1
Result: BLOCKED
Output References: command output in session transcript
Notes: Validator required complete security scan deferral waivers at G0 because `security_sensitive_scope=true`, and required the manifest diff artifact to resolve.

## G0 VALIDATOR REPAIR

Stage: evidence package repair
Timestamp: 2026-07-01T13:34:00Z
Result: PASS
Notes: Added explicit G0 deferral waivers for dependency, secrets, SAST, and DAST scans. These waivers do not close Security Reviewer obligations; scans/security verdict remain required before security review/signoff. Added the manifest diff artifact path under `artifacts/diffs/changed-files.txt`.

Command: `.venv/bin/python agents/product-manager/scripts/validate-feature-evidence.py --product-root ../nebula-insurance-crm --feature F0021 --run-id 2026-07-01-9cee64f0 --stage G0`
Stage: G0 evidence validation after repair
Exit Code: 1
Result: BLOCKED
Output References: command output in session transcript
Notes: Manifest `changed_paths` did not include `planning-mds/architecture/feature-assembly-plan.md`, which was listed in the diff artifact.

Command: `.venv/bin/python agents/product-manager/scripts/validate-feature-evidence.py --product-root ../nebula-insurance-crm --feature F0021 --run-id 2026-07-01-9cee64f0 --stage G0`
Stage: G0 evidence validation final
Exit Code: 0
Result: PASS
Output References: command output in session transcript
Notes: Feature evidence validation passed; validated=1.

## G7 EVIDENCE VALIDATION

Command: `.venv/bin/python agents/product-manager/scripts/validate-feature-evidence.py --product-root ../nebula-insurance-crm --feature F0021 --run-id 2026-07-01-9cee64f0 --stage G7`
Stage: G7 evidence validation
Exit Code: 0
Result: PASS
Output References: command output in session transcript
Notes: Feature evidence validation passed; validated=1.

## G8 PM CLOSEOUT

Stage: PM closeout
Timestamp: 2026-07-02T09:16:00Z
Result: PASS
Notes: F0021 archived to `planning-mds/features/archive/F0021-communication-hub-and-activity-capture/`; REGISTRY, ROADMAP, BLUEPRINT, STATUS, README, and feature-mappings lifecycle paths updated. `latest-run.json` written after `patch-prior-manifest.py` exited 0 with no prior approved manifests.

Command: `.venv/bin/python agents/product-manager/scripts/generate-story-index.py ../nebula-insurance-crm/planning-mds/features/`
Stage: G8 story index regeneration
Exit Code: 0
Result: PASS
Output References: command output in session transcript
Notes: Generated STORY-INDEX.md; found 158 story files.

Command: `python3 scripts/kg/validate.py --write-coverage-report`
Stage: G8 KG coverage regeneration initial
Exit Code: 1
Result: REWORK
Output References: command output in session transcript
Notes: Initial post-archive coverage run found stale F0021 source-doc paths in canonical-nodes.yaml and code-index.yaml. Rewrote lifecycle paths to the archive location.

Command: `python3 scripts/kg/validate.py --write-coverage-report`
Stage: G8 KG coverage regeneration final
Exit Code: 0
Result: PASS
Output References: command output in session transcript
Notes: Knowledge-graph integrity checks passed after archive path rewrite.

Command: `python3 scripts/kg/validate.py --check-drift`
Stage: G8 KG drift validation
Exit Code: 0
Result: PASS
Output References: command output in session transcript
Notes: Knowledge-graph drift check passed with the pre-existing low-confidence inferred-edge warning.

Command: `.venv/bin/python agents/product-manager/scripts/validate-trackers.py --product-root ../nebula-insurance-crm --feature F0021`
Stage: G8 tracker validation initial
Exit Code: 1
Result: REWORK
Output References: command output in session transcript
Notes: Tracker consistency passed, but embedded G6 evidence validation found pre-archive artifact references in commands.log. Rewrote those artifact references to the archive path.

Command: `.venv/bin/python agents/product-manager/scripts/validate-trackers.py --product-root ../nebula-insurance-crm --feature F0021`
Stage: G8 tracker validation final
Exit Code: 0
Result: PASS
Output References: command output in session transcript
Notes: Feature evidence validation passed; tracker validation reported errors=0, warnings=0, result=PASS.

Command: `.venv/bin/python agents/product-manager/scripts/validate-feature-evidence.py --product-root ../nebula-insurance-crm --feature F0021 --stage closeout`
Stage: G8 closeout evidence validation initial
Exit Code: 1
Result: REWORK
Output References: command output in session transcript
Notes: Validator required exact PM Acceptance Line identifiers for every recommendation-bearing role report. Replaced broad role-level acceptances with one acceptance per recommendation text.

Command: `.venv/bin/python agents/product-manager/scripts/validate-feature-evidence.py --product-root ../nebula-insurance-crm --feature F0021 --stage closeout`
Stage: G8 closeout evidence validation final
Exit Code: 0
Result: PASS
Output References: command output in session transcript
Notes: Feature evidence validation passed; validated=1.

## G5 SIGNOFF GATE

Stage: signoff
Timestamp: 2026-07-02T08:58:53Z
Result: PASS WITH RECOMMENDATIONS
Notes: STATUS.md Story Signoff Provenance and signoff-ledger.md record passing story-level evidence for Quality Engineer, Code Reviewer, Security Reviewer, DevOps, and Architect. DevOps is required for this run because evidence-manifest.json has deployment_config_changed=true. Remaining recommendations are accepted as carry-forward items.

Command: `.venv/bin/python agents/product-manager/scripts/validate-feature-evidence.py --product-root ../nebula-insurance-crm --feature F0021 --run-id 2026-07-01-9cee64f0 --stage G5`
Stage: G5 evidence validation final
Exit Code: 0
Result: PASS
Output References: command output in session transcript
Notes: Feature evidence validation passed; validated=1.

## G6 CANDIDATE EVIDENCE VALIDATION

Stage: candidate evidence validation
Timestamp: 2026-07-02T09:01:56Z
Result: PASS
Notes: Created feature-action-execution.md and kept evidence-manifest.json in pre-closeout state. No PM closeout, tracker sync gate result, latest-run.json, archive move, or feature status finalization has occurred.

Command: `.venv/bin/python agents/product-manager/scripts/validate-feature-evidence.py --product-root ../nebula-insurance-crm --feature F0021 --run-id 2026-07-01-9cee64f0 --stage G6`
Stage: G6 candidate evidence validation
Exit Code: 0
Result: PASS
Output References: command output in session transcript
Notes: Feature evidence validation passed; validated=1.

Command: `.venv/bin/python agents/product-manager/scripts/validate-trackers.py --product-root ../nebula-insurance-crm --feature F0021 --run-id 2026-07-01-9cee64f0`
Stage: G6 tracker validation
Exit Code: 0
Result: PASS
Output References: command output in session transcript
Notes: validate-trackers.py reported errors=0, warnings=0, result=PASS and internally ran feature evidence validation at G6.

## G7 ARCHITECT KG RECONCILIATION

Stage: architect knowledge-graph reconciliation
Timestamp: 2026-07-02T09:08:30Z
Result: PASS
Notes: Architect role activated. Added as-built `entity:communication-event` source bindings to `planning-mds/knowledge-graph/code-index.yaml`; affirmed existing canonical communication nodes, endpoints, schemas, policy rules, and ADR-028. Did not regenerate `coverage-report.yaml` at this gate.

Command: `python3 scripts/kg/validate.py --regenerate-symbols --check-symbols`
Stage: G7 KG symbol validation
Exit Code: 0
Result: PASS
Output References: command output in session transcript
Notes: Symbol index regenerated with 3679 symbols; knowledge-graph integrity checks passed with a pre-existing low-confidence inferred-edge warning.

Command: `python3 scripts/kg/validate.py --check-drift`
Stage: G7 KG drift validation
Exit Code: 0
Result: PASS
Output References: command output in session transcript
Notes: Knowledge-graph drift check passed with the same pre-existing low-confidence inferred-edge warning.

## G4 APPROVAL GATE

Stage: G4 approval
Timestamp: 2026-07-02T08:56:36Z
Result: PASS
Notes: User explicitly approved proceeding after G3. Approval is enabled by the harness because G3 reported 0 critical and 0 high code/security findings. Medium/low recommendations remain non-blocking carry-forward items for later signoff and closeout gates.

Command: `.venv/bin/python agents/product-manager/scripts/validate-feature-evidence.py --product-root ../nebula-insurance-crm --feature F0021 --run-id 2026-07-01-9cee64f0 --stage G4`
Stage: G4 evidence validation final
Exit Code: 0
Result: PASS
Output References: command output in session transcript
Notes: Feature evidence validation passed; validated=1.

## G3 CODE AND SECURITY REVIEW

Stage: G3 code/security review
Timestamp: 2026-07-01T15:22:00Z
Result: PASS WITH RECOMMENDATIONS
Notes: Code review result is APPROVED WITH RECOMMENDATIONS. Security review result is PASS WITH RECOMMENDATIONS. Dependency scan ran with findings, including vulnerable frontend/dev-tooling packages and backend Microsoft.OpenApi advisory. Gitleaks, Semgrep, and ZAP were unavailable/blocked locally; targeted fallback scans were captured and API health fallback passed. Proceed to G4 approval gate only after user reviews the recommendations.

Command: `.venv/bin/python agents/product-manager/scripts/validate-feature-evidence.py --product-root ../nebula-insurance-crm --feature F0021 --run-id 2026-07-01-9cee64f0 --stage G3`
Stage: G3 evidence validation
Exit Code: 1
Result: BLOCKED
Output References: command output in session transcript
Notes: Validator flagged a prose artifact reference in `security-review-report.md` because punctuation was captured as part of the path. Normalized the prose reference.

Command: `.venv/bin/python agents/product-manager/scripts/validate-feature-evidence.py --product-root ../nebula-insurance-crm --feature F0021 --run-id 2026-07-01-9cee64f0 --stage G3`
Stage: G3 evidence validation final
Exit Code: 0
Result: PASS
Output References: command output in session transcript
Notes: Feature evidence validation passed; validated=1.

## G2 SELF REVIEW AND QE CHECKPOINT

Stage: G2 self-review
Timestamp: 2026-07-01T14:47:00Z
Result: PASS WITH RECOMMENDATIONS
Notes: F0021 backend and frontend vertical slice implemented with focused QE coverage. Backend validator tests passed 5/5 with escalated host execution after sandbox MSBuild named-pipe failure. Frontend CommunicationPanel tests passed 2/2 after fixing controlled-form stale state resets. Frontend production build passed. Runtime API health and migration/table checks passed after F0019 migration drift recovery. Proceed to G3 code/security review with recommendations for broader integration/browser coverage and dependency advisory resolution.

Command: `.venv/bin/python agents/product-manager/scripts/validate-feature-evidence.py --product-root ../nebula-insurance-crm --feature F0021 --run-id 2026-07-01-9cee64f0 --stage G2`
Stage: G2 evidence validation
Exit Code: 1
Result: BLOCKED
Output References: command output in session transcript
Notes: Validator required parser-compatible recommendation bullets for G2 reports with PASS WITH RECOMMENDATIONS verdicts. Added `[severity] ... - owner: ...; follow-up: ...` bullets to self-review, test execution, coverage, and deployability reports.

Command: `.venv/bin/python agents/product-manager/scripts/validate-feature-evidence.py --product-root ../nebula-insurance-crm --feature F0021 --run-id 2026-07-01-9cee64f0 --stage G2`
Stage: G2 evidence validation final
Exit Code: 0
Result: PASS
Output References: command output in session transcript
Notes: Feature evidence validation passed; validated=1.

## IMPLEMENTATION BACKEND CHECKPOINT

Stage: backend implementation
Timestamp: 2026-07-01T14:02:00Z
Result: IN PROGRESS
Notes: Added F0021 backend communication source model, DTOs, validators, repository, service, EF mappings, endpoint group, DbContext sets, DI registration, and API route mapping. Host `dotnet build` attempts stalled locally and were terminated; Docker API build reached compile and reported a `CommunicationService` timeline helper type mismatch. Repaired helper signatures to accept entity type/id for both DTO and domain links.

Stage: backend runtime migration
Timestamp: 2026-07-01T14:32:00Z
Result: PASS WITH RECOMMENDATIONS
Notes: Added hand-authored F0021 communication migration after host `dotnet ef migrations add` hung in local MSBuild. API Docker build passed. API restart initially exposed legacy F0019 migration-ID drift where archive columns existed but the current migration ID was not stamped; patched that legacy migration to use IF NOT EXISTS for the archive columns/index. After rebuild/restart, API `/healthz` returned Healthy, F0021 migration was present in `__EFMigrationsHistory`, and all five Communication tables existed.

## G1 RUNTIME PREFLIGHT

Stage: runtime preflight
Timestamp: 2026-07-01T13:40:20Z
Result: PASS WITH RECOMMENDATIONS
Notes: Authentik was initially unhealthy because local `.env` values were absent and migrations were blocked by a stale idle transaction. Created ignored local dev `.env`, restarted Authentik services, terminated only the stale Authentik migration-blocking database backend, and confirmed migrations advanced. Final runtime status: db healthy, Authentik server healthy, Authentik worker healthy, API `/healthz` healthy, and Vite frontend serving on `127.0.0.1:5173`.

Command: `.venv/bin/python agents/product-manager/scripts/validate-feature-evidence.py --product-root ../nebula-insurance-crm --feature F0021 --run-id 2026-07-01-9cee64f0 --stage G1`
Stage: G1 evidence validation
Exit Code: 1
Result: BLOCKED
Output References: command output in session transcript
Notes: Validator required integer `exit_code` values in `commands.log`; repaired the Vite startup entry from a textual running state to integer startup success.

Command: `.venv/bin/python agents/product-manager/scripts/validate-feature-evidence.py --product-root ../nebula-insurance-crm --feature F0021 --run-id 2026-07-01-9cee64f0 --stage G1`
Stage: G1 evidence validation final
Exit Code: 0
Result: PASS
Output References: command output in session transcript
Notes: Feature evidence validation passed; validated=1.
