{"schema_version":1,"timestamp":"2026-07-02T00:00:00+05:30","cwd":"../nandini-nebula-agents","command":"python3 -c \"import datetime, secrets; print(f'{datetime.date.today().isoformat()}-{secrets.token_hex(4)}')\"","exit_code":0,"artifacts":[],"redactions":[]}
{"schema_version":1,"timestamp":"2026-07-02T00:00:00+05:30","cwd":"{PRODUCT_ROOT}","command":"mkdir -p planning-mds/operations/evidence/runs/2026-07-02-b9316621","exit_code":0,"artifacts":["planning-mds/operations/evidence/runs/2026-07-02-b9316621/"],"redactions":[]}
{"schema_version":1,"timestamp":"2026-07-02T00:00:00+05:30","cwd":"../nandini-nebula-agents","command":"sed -n '1,260p' agents/templates/feature-evidence-readme-template.md","exit_code":0,"artifacts":[],"redactions":[]}
{"schema_version":1,"timestamp":"2026-07-02T00:00:00+05:30","cwd":"../nandini-nebula-agents","command":"sed -n '1,280p' agents/templates/feature-assembly-plan-template.md","exit_code":0,"artifacts":[],"redactions":[]}
{"schema_version":1,"timestamp":"2026-07-02T00:00:00+05:30","cwd":"../nandini-nebula-agents","command":"sed -n '180,380p' agents/actions/feature.md","exit_code":0,"artifacts":[],"redactions":[]}
{"schema_version":1,"timestamp":"2026-07-02T00:00:00+05:30","cwd":"{PRODUCT_ROOT}","command":"python3 scripts/kg/lookup.py F0027","exit_code":0,"artifacts":[],"redactions":[]}
{"schema_version":1,"timestamp":"2026-07-02T00:00:00+05:30","cwd":"{PRODUCT_ROOT}","command":"rg --files engine/src | rg 'Document|Submission|Policy|Account|Timeline|Program|DependencyInjection|Endpoint|Controller'","exit_code":0,"artifacts":[],"redactions":[]}
{"schema_version":1,"timestamp":"2026-07-02T00:00:00+05:30","cwd":"{PRODUCT_ROOT}","command":"rg --files experience/src | rg 'documents|submissions|policies|accounts|api|routes|pages'","exit_code":0,"artifacts":[],"redactions":[]}
{"schema_version":1,"timestamp":"2026-07-02T00:00:00+05:30","cwd":"{PRODUCT_ROOT}","command":"rg --files planning-mds/architecture | rg 'feature-assembly-plan'","exit_code":0,"artifacts":[],"redactions":[]}
{"schema_version":1,"timestamp":"2026-07-02T00:00:00+05:30","cwd":"{PRODUCT_ROOT}","command":"sed -n '1,260p' engine/src/Nebula.Application/DTOs/DocumentDtos.cs","exit_code":0,"artifacts":[],"redactions":[]}
{"schema_version":1,"timestamp":"2026-07-02T00:00:00+05:30","cwd":"{PRODUCT_ROOT}","command":"sed -n '1,260p' engine/src/Nebula.Application/Services/DocumentService.cs","exit_code":0,"artifacts":[],"redactions":[]}
{"schema_version":1,"timestamp":"2026-07-02T00:00:00+05:30","cwd":"{PRODUCT_ROOT}","command":"sed -n '1,260p' engine/src/Nebula.Application/Services/DocumentTemplateService.cs","exit_code":0,"artifacts":[],"redactions":[]}
{"schema_version":1,"timestamp":"2026-07-02T00:00:00+05:30","cwd":"{PRODUCT_ROOT}","command":"sed -n '1,260p' engine/src/Nebula.Api/Endpoints/DocumentEndpoints.cs","exit_code":0,"artifacts":[],"redactions":[]}
{"schema_version":1,"timestamp":"2026-07-02T00:00:00+05:30","cwd":"{PRODUCT_ROOT}","command":"sed -n '1,240p' engine/src/Nebula.Application/Interfaces/IDocumentRepository.cs","exit_code":0,"artifacts":[],"redactions":[]}
{"schema_version":1,"timestamp":"2026-07-02T00:00:00+05:30","cwd":"{PRODUCT_ROOT}","command":"sed -n '1,340p' engine/src/Nebula.Infrastructure/Documents/LocalFileSystemDocumentRepository.cs","exit_code":0,"artifacts":[],"redactions":[]}
{"schema_version":1,"timestamp":"2026-07-02T00:00:00+05:30","cwd":"{PRODUCT_ROOT}","command":"sed -n '1,220p' engine/src/Nebula.Infrastructure/Documents/DocumentClassificationGate.cs","exit_code":0,"artifacts":[],"redactions":[]}
{"schema_version":1,"timestamp":"2026-07-02T00:00:00+05:30","cwd":"{PRODUCT_ROOT}","command":"sed -n '1,220p' engine/src/Nebula.Infrastructure/Authorization/PolicyAuthorizationService.cs","exit_code":0,"artifacts":[],"redactions":[]}
{"schema_version":1,"timestamp":"2026-07-02T00:00:00+05:30","cwd":"{PRODUCT_ROOT}","command":"sed -n '1,260p' experience/src/features/documents/types.ts","exit_code":0,"artifacts":[],"redactions":[]}
{"schema_version":1,"timestamp":"2026-07-02T00:00:00+05:30","cwd":"{PRODUCT_ROOT}","command":"sed -n '1,280p' experience/src/features/documents/hooks.ts","exit_code":0,"artifacts":[],"redactions":[]}
{"schema_version":1,"timestamp":"2026-07-02T00:00:00+05:30","cwd":"{PRODUCT_ROOT}","command":"sed -n '1,320p' experience/src/features/documents/components/ParentDocumentsPanel.tsx","exit_code":0,"artifacts":[],"redactions":[]}
{"schema_version":1,"timestamp":"2026-07-02T00:00:00+05:30","cwd":"{PRODUCT_ROOT}","command":"sed -n '1,260p' experience/src/features/documents/components/DocumentTemplatesLibrary.tsx","exit_code":0,"artifacts":[],"redactions":[]}
{"schema_version":1,"timestamp":"2026-07-02T00:00:00+05:30","cwd":"{PRODUCT_ROOT}","command":"sed -n '1,220p' planning-mds/architecture/feature-assembly-plan.md","exit_code":0,"artifacts":[],"redactions":[]}
{"schema_version":1,"timestamp":"2026-07-02T00:00:00+05:30","cwd":"../nandini-nebula-agents","command":"python3 agents/product-manager/scripts/validate-feature-evidence.py --product-root /Users/wallstreet288/Nebula_pr/nebula-insurance-crm --feature F0027 --run-id 2026-07-02-b9316621 --stage G0","exit_code":1,"artifacts":[],"redactions":[]}
{"schema_version":1,"timestamp":"2026-07-02T00:00:00+05:30","cwd":"../nandini-nebula-agents","command":"python3 agents/product-manager/scripts/validate-feature-evidence.py --product-root /Users/wallstreet288/Nebula_pr/nebula-insurance-crm --feature F0027 --run-id 2026-07-02-b9316621 --stage G0","exit_code":0,"artifacts":[],"redactions":[]}
{"schema_version":1,"timestamp":"2026-07-02T20:22:18+05:30","cwd":"{PRODUCT_ROOT}","command":"docker compose ps","exit_code":1,"artifacts":[],"redactions":[]}
{"schema_version":1,"timestamp":"2026-07-02T20:22:33+05:30","cwd":"{PRODUCT_ROOT}","command":"docker compose ps","exit_code":0,"artifacts":["planning-mds/operations/evidence/runs/2026-07-02-b9316621/g1-runtime-preflight.md"],"redactions":[]}
{"schema_version":1,"timestamp":"2026-07-02T20:22:33+05:30","cwd":"../nandini-nebula-agents","command":"python3 agents/product-manager/scripts/validate-feature-evidence.py --product-root /Users/wallstreet288/Nebula_pr/nebula-insurance-crm --feature F0027 --run-id 2026-07-02-b9316621 --stage G1","exit_code":1,"artifacts":[],"redactions":[]}
{"schema_version":1,"timestamp":"2026-07-02T00:00:00+05:30","cwd":"../nandini-nebula-agents","command":"python3 agents/product-manager/scripts/validate-feature-evidence.py --product-root /Users/wallstreet288/Nebula_pr/nebula-insurance-crm --feature F0027 --run-id 2026-07-02-b9316621 --stage G0","exit_code":1,"artifacts":[],"redactions":[]}
{"schema_version":1,"timestamp":"2026-07-02T20:26:00+05:30","cwd":"../nandini-nebula-agents","command":"python3 agents/product-manager/scripts/validate-feature-evidence.py --product-root /Users/wallstreet288/Nebula_pr/nebula-insurance-crm --feature F0027 --run-id 2026-07-02-b9316621 --stage G1","exit_code":0,"artifacts":[],"redactions":[]}
{"schema_version":1,"timestamp":"2026-07-02T20:30:00+05:30","cwd":"{PRODUCT_ROOT}","command":"dotnet build engine/Nebula.sln","exit_code":1,"artifacts":[],"redactions":[]}
{"schema_version":1,"timestamp":"2026-07-02T20:31:00+05:30","cwd":"{PRODUCT_ROOT}","command":"dotnet build engine/src/Nebula.Api/Nebula.Api.csproj","exit_code":0,"artifacts":[],"redactions":[]}
{"schema_version":1,"timestamp":"2026-07-02T20:35:00+05:30","cwd":"{PRODUCT_ROOT}","command":"pnpm --dir experience build","exit_code":0,"artifacts":[],"redactions":[]}
{"schema_version":1,"timestamp":"2026-07-02T20:36:00+05:30","cwd":"{PRODUCT_ROOT}","command":"dotnet build engine/tests/Nebula.Tests/Nebula.Tests.csproj","exit_code":1,"artifacts":[],"redactions":[]}
{"schema_version":1,"timestamp":"2026-07-02T20:37:00+05:30","cwd":"{PRODUCT_ROOT}","command":"dotnet build engine/tests/Nebula.Tests/Nebula.Tests.csproj","exit_code":0,"artifacts":[],"redactions":[]}
{"schema_version":1,"timestamp":"2026-07-02T20:37:30+05:30","cwd":"{PRODUCT_ROOT}","command":"dotnet test engine/tests/Nebula.Tests/Nebula.Tests.csproj --filter OutboundDocumentGenerationServiceTests --no-build","exit_code":1,"artifacts":[],"redactions":[]}
{"schema_version":1,"timestamp":"2026-07-02T20:38:00+05:30","cwd":"{PRODUCT_ROOT}","command":"dotnet test engine/tests/Nebula.Tests/Nebula.Tests.csproj --filter OutboundDocumentGenerationServiceTests --no-build","exit_code":0,"artifacts":["engine/tests/Nebula.Tests/TestResults/e59f00e1-1d0f-4371-9b3d-01942eee61aa/coverage.cobertura.xml"],"redactions":[]}
{"schema_version":1,"timestamp":"2026-07-02T20:38:20+05:30","cwd":"{PRODUCT_ROOT}","command":"pnpm --dir experience test src/features/documents/tests/ParentDocumentsPanel.test.tsx","exit_code":1,"artifacts":[],"redactions":[]}
{"schema_version":1,"timestamp":"2026-07-02T20:38:40+05:30","cwd":"{PRODUCT_ROOT}","command":"pnpm --dir experience test src/features/documents/tests/ParentDocumentsPanel.test.tsx","exit_code":0,"artifacts":[],"redactions":[]}
{"schema_version":1,"timestamp":"2026-07-02T20:39:00+05:30","cwd":"{PRODUCT_ROOT}","command":"pnpm --dir experience lint:theme","exit_code":0,"artifacts":[],"redactions":[]}
{"schema_version":1,"timestamp":"2026-07-02T20:41:00+05:30","cwd":"../nandini-nebula-agents","command":"python3 agents/product-manager/scripts/validate-feature-evidence.py --product-root /Users/wallstreet288/Nebula_pr/nebula-insurance-crm --feature F0027 --run-id 2026-07-02-b9316621 --stage G2","exit_code":1,"artifacts":[],"redactions":[]}
{"schema_version":1,"timestamp":"2026-07-02T20:42:00+05:30","cwd":"../nandini-nebula-agents","command":"python3 agents/product-manager/scripts/validate-feature-evidence.py --product-root /Users/wallstreet288/Nebula_pr/nebula-insurance-crm --feature F0027 --run-id 2026-07-02-b9316621 --stage G2","exit_code":1,"artifacts":[],"redactions":[]}
{"schema_version":1,"timestamp":"2026-07-02T20:43:00+05:30","cwd":"../nandini-nebula-agents","command":"python3 agents/product-manager/scripts/validate-feature-evidence.py --product-root /Users/wallstreet288/Nebula_pr/nebula-insurance-crm --feature F0027 --run-id 2026-07-02-b9316621 --stage G2","exit_code":0,"artifacts":[],"redactions":[]}
{"schema_version":1,"timestamp":"2026-07-02T20:47:00+05:30","cwd":"../nandini-nebula-agents","command":"python3 agents/security/scripts/security-audit.py /Users/wallstreet288/Nebula_pr/nebula-insurance-crm/planning-mds/security --strict","exit_code":0,"artifacts":[],"redactions":[]}
{"schema_version":1,"timestamp":"2026-07-02T20:49:00+05:30","cwd":"../nandini-nebula-agents","command":"sh agents/security/scripts/scan-dependencies.sh --frontend-dir /Users/wallstreet288/Nebula_pr/nebula-insurance-crm/experience --backend-dir /Users/wallstreet288/Nebula_pr/nebula-insurance-crm/engine --skip-ai","exit_code":1,"artifacts":["planning-mds/operations/evidence/runs/2026-07-02-b9316621/artifacts/security/dependency-scan-summary.md"],"redactions":[]}
{"schema_version":1,"timestamp":"2026-07-02T20:50:00+05:30","cwd":"../nandini-nebula-agents","command":"sh agents/security/scripts/check-secrets.sh --path /Users/wallstreet288/Nebula_pr/nebula-insurance-crm --report-dir /Users/wallstreet288/Nebula_pr/nebula-insurance-crm/planning-mds/operations/evidence/runs/2026-07-02-b9316621/artifacts/security","exit_code":2,"artifacts":["planning-mds/operations/evidence/runs/2026-07-02-b9316621/artifacts/security/secrets-scan-summary.md"],"redactions":[]}
{"schema_version":1,"timestamp":"2026-07-02T20:50:30+05:30","cwd":"../nandini-nebula-agents","command":"sh agents/security/scripts/run-sast-scan.sh --path /Users/wallstreet288/Nebula_pr/nebula-insurance-crm --report-dir /Users/wallstreet288/Nebula_pr/nebula-insurance-crm/planning-mds/operations/evidence/runs/2026-07-02-b9316621/artifacts/security","exit_code":2,"artifacts":["planning-mds/operations/evidence/runs/2026-07-02-b9316621/artifacts/security/sast-scan-summary.md"],"redactions":[]}
{"schema_version":1,"timestamp":"2026-07-02T20:51:00+05:30","cwd":"../nandini-nebula-agents","command":"sh agents/security/scripts/run-dast-scan.sh --target http://localhost:8080 --max-minutes 1 --report-dir /Users/wallstreet288/Nebula_pr/nebula-insurance-crm/planning-mds/operations/evidence/runs/2026-07-02-b9316621/artifacts/security --ignore-warn","exit_code":1,"artifacts":["planning-mds/operations/evidence/runs/2026-07-02-b9316621/artifacts/security/dast-scan-summary.md"],"redactions":[]}
{"schema_version":1,"timestamp":"2026-07-02T20:51:30+05:30","cwd":"../nandini-nebula-agents","command":"sh agents/security/scripts/run-dast-scan.sh --target http://localhost:8080 --max-minutes 1 --report-dir /Users/wallstreet288/Nebula_pr/nebula-insurance-crm/planning-mds/operations/evidence/runs/2026-07-02-b9316621/artifacts/security --ignore-warn","exit_code":2,"artifacts":["planning-mds/operations/evidence/runs/2026-07-02-b9316621/artifacts/security/dast-scan-summary.md"],"redactions":[]}
{"schema_version":1,"timestamp":"2026-07-02T20:53:00+05:30","cwd":"../nandini-nebula-agents","command":"python3 agents/product-manager/scripts/validate-feature-evidence.py --product-root /Users/wallstreet288/Nebula_pr/nebula-insurance-crm --feature F0027 --run-id 2026-07-02-b9316621 --stage G3","exit_code":1,"artifacts":[],"redactions":[]}
{"schema_version":1,"timestamp":"2026-07-02T20:54:00+05:30","cwd":"../nandini-nebula-agents","command":"python3 agents/product-manager/scripts/validate-feature-evidence.py --product-root /Users/wallstreet288/Nebula_pr/nebula-insurance-crm --feature F0027 --run-id 2026-07-02-b9316621 --stage G3","exit_code":1,"artifacts":[],"redactions":[]}
{"schema_version":1,"timestamp":"2026-07-02T20:55:00+05:30","cwd":"../nandini-nebula-agents","command":"python3 agents/product-manager/scripts/validate-feature-evidence.py --product-root /Users/wallstreet288/Nebula_pr/nebula-insurance-crm --feature F0027 --run-id 2026-07-02-b9316621 --stage G3","exit_code":1,"artifacts":[],"redactions":[]}
{"schema_version":1,"timestamp":"2026-07-02T20:56:00+05:30","cwd":"../nandini-nebula-agents","command":"python3 agents/product-manager/scripts/validate-feature-evidence.py --product-root /Users/wallstreet288/Nebula_pr/nebula-insurance-crm --feature F0027 --run-id 2026-07-02-b9316621 --stage G3","exit_code":1,"artifacts":[],"redactions":[]}
{"schema_version":1,"timestamp":"2026-07-03T12:08:00+05:30","cwd":"{PRODUCT_ROOT}","command":"pnpm --dir experience audit --audit-level high","exit_code":1,"artifacts":[],"redactions":[]}
{"schema_version":1,"timestamp":"2026-07-03T12:10:00+05:30","cwd":"{PRODUCT_ROOT}","command":"pnpm --dir experience update --latest vitest @vitest/coverage-v8 vite @vitejs/plugin-react @tailwindcss/vite @playwright/test @lhci/cli @pact-foundation/pact eslint eslint-plugin-react-hooks eslint-plugin-react-refresh stylelint stylelint-config-standard stylelint-config-tailwindcss typescript-eslint jsdom msw","exit_code":1,"artifacts":["experience/package.json","experience/pnpm-lock.yaml"],"redactions":[]}
{"schema_version":1,"timestamp":"2026-07-03T12:12:00+05:30","cwd":"{PRODUCT_ROOT}","command":"pnpm --dir experience audit --audit-level high","exit_code":1,"artifacts":[],"redactions":[]}
{"schema_version":1,"timestamp":"2026-07-03T12:13:00+05:30","cwd":"{PRODUCT_ROOT}","command":"pnpm --dir experience update --latest react-router-dom ajv ajv-errors ajv-formats @lhci/cli","exit_code":1,"artifacts":["experience/package.json","experience/pnpm-lock.yaml"],"redactions":[]}
{"schema_version":1,"timestamp":"2026-07-03T12:14:00+05:30","cwd":"{PRODUCT_ROOT}","command":"pnpm --dir experience audit --audit-level high","exit_code":1,"artifacts":[],"redactions":[]}
{"schema_version":1,"timestamp":"2026-07-03T12:15:00+05:30","cwd":"{PRODUCT_ROOT}","command":"pnpm --dir experience install","exit_code":1,"artifacts":[],"redactions":[]}
{"schema_version":1,"timestamp":"2026-07-03T12:16:00+05:30","cwd":"{PRODUCT_ROOT}","command":"pnpm --dir experience install","exit_code":0,"artifacts":["experience/pnpm-workspace.yaml","experience/pnpm-lock.yaml"],"redactions":[]}
{"schema_version":1,"timestamp":"2026-07-03T12:17:00+05:30","cwd":"{PRODUCT_ROOT}","command":"pnpm --dir experience audit --audit-level high","exit_code":0,"artifacts":[],"redactions":[]}
{"schema_version":1,"timestamp":"2026-07-03T12:18:00+05:30","cwd":"{PRODUCT_ROOT}","command":"dotnet add engine/src/Nebula.Api/Nebula.Api.csproj package Microsoft.AspNetCore.OpenApi","exit_code":0,"artifacts":["engine/src/Nebula.Api/Nebula.Api.csproj"],"redactions":[]}
{"schema_version":1,"timestamp":"2026-07-03T12:19:00+05:30","cwd":"{PRODUCT_ROOT}","command":"dotnet add engine/src/Nebula.Api/Nebula.Api.csproj package Microsoft.OpenApi","exit_code":0,"artifacts":["engine/src/Nebula.Api/Nebula.Api.csproj"],"redactions":[]}
{"schema_version":1,"timestamp":"2026-07-03T12:20:00+05:30","cwd":"{PRODUCT_ROOT}","command":"dotnet build engine/src/Nebula.Api/Nebula.Api.csproj","exit_code":1,"artifacts":[],"redactions":[]}
{"schema_version":1,"timestamp":"2026-07-03T12:21:00+05:30","cwd":"{PRODUCT_ROOT}","command":"dotnet add engine/src/Nebula.Api/Nebula.Api.csproj package Microsoft.OpenApi --version 2.3.11","exit_code":0,"artifacts":["engine/src/Nebula.Api/Nebula.Api.csproj"],"redactions":[]}
{"schema_version":1,"timestamp":"2026-07-03T12:22:00+05:30","cwd":"{PRODUCT_ROOT}","command":"dotnet add engine/src/Nebula.Api/Nebula.Api.csproj package Microsoft.OpenApi --version 2.3.12","exit_code":0,"artifacts":["engine/src/Nebula.Api/Nebula.Api.csproj"],"redactions":[]}
{"schema_version":1,"timestamp":"2026-07-03T12:23:00+05:30","cwd":"{PRODUCT_ROOT}","command":"dotnet build engine/src/Nebula.Api/Nebula.Api.csproj","exit_code":0,"artifacts":[],"redactions":[]}
{"schema_version":1,"timestamp":"2026-07-03T12:23:30+05:30","cwd":"{PRODUCT_ROOT}","command":"dotnet list engine/tests/Nebula.Tests/Nebula.Tests.csproj package --vulnerable --include-transitive --format json","exit_code":0,"artifacts":[],"redactions":[]}
{"schema_version":1,"timestamp":"2026-07-03T12:24:00+05:30","cwd":"../nandini-nebula-agents","command":"sh agents/security/scripts/scan-dependencies.sh --frontend-dir /Users/wallstreet288/Nebula_pr/nebula-insurance-crm/experience --backend-dir /Users/wallstreet288/Nebula_pr/nebula-insurance-crm/engine --skip-ai","exit_code":0,"artifacts":["planning-mds/operations/evidence/runs/2026-07-02-b9316621/artifacts/security/dependency-scan-summary.md"],"redactions":[]}
{"schema_version":1,"timestamp":"2026-07-03T12:24:30+05:30","cwd":"{PRODUCT_ROOT}","command":"pnpm --dir experience build","exit_code":0,"artifacts":[],"redactions":[]}
{"schema_version":1,"timestamp":"2026-07-03T12:25:00+05:30","cwd":"{PRODUCT_ROOT}","command":"pnpm --dir experience test src/features/documents/tests/ParentDocumentsPanel.test.tsx","exit_code":0,"artifacts":[],"redactions":[]}
{"schema_version":1,"timestamp":"2026-07-03T12:25:30+05:30","cwd":"{PRODUCT_ROOT}","command":"dotnet build engine/tests/Nebula.Tests/Nebula.Tests.csproj","exit_code":0,"artifacts":[],"redactions":[]}
{"schema_version":1,"timestamp":"2026-07-03T12:26:00+05:30","cwd":"{PRODUCT_ROOT}","command":"pnpm --dir experience lint:theme","exit_code":0,"artifacts":[],"redactions":[]}
{"schema_version":1,"timestamp":"2026-07-03T12:26:30+05:30","cwd":"{PRODUCT_ROOT}","command":"dotnet test engine/tests/Nebula.Tests/Nebula.Tests.csproj --filter OutboundDocumentGenerationServiceTests --no-build","exit_code":0,"artifacts":["engine/tests/Nebula.Tests/TestResults/f787b2eb-1986-4666-a5ec-d3edfa6e4acd/coverage.cobertura.xml"],"redactions":[]}
{"schema_version":1,"timestamp":"2026-07-03T12:27:00+05:30","cwd":"../nandini-nebula-agents","command":"python3 agents/product-manager/scripts/validate-feature-evidence.py --product-root /Users/wallstreet288/Nebula_pr/nebula-insurance-crm --feature F0027 --run-id 2026-07-02-b9316621 --stage G3","exit_code":0,"artifacts":[],"redactions":[]}
{"schema_version":1,"timestamp":"2026-07-03T12:45:00+05:30","cwd":"../nandini-nebula-agents","command":"user approval response: approved . use the nandini-nebula-agents harness strictly","exit_code":0,"artifacts":["planning-mds/operations/evidence/runs/2026-07-02-b9316621/gate-decisions.md"],"redactions":[]}
{"schema_version":1,"timestamp":"2026-07-03T12:50:00+05:30","cwd":"../nandini-nebula-agents","command":"create signoff-ledger.md and update story-level STATUS.md signoff provenance","exit_code":0,"artifacts":["planning-mds/operations/evidence/runs/2026-07-02-b9316621/signoff-ledger.md","planning-mds/features/archive/F0027-coi-acord-and-outbound-document-generation/STATUS.md"],"redactions":[]}
{"schema_version":1,"timestamp":"2026-07-03T12:51:00+05:30","cwd":"../nandini-nebula-agents","command":"python3 agents/product-manager/scripts/validate-feature-evidence.py --product-root /Users/wallstreet288/Nebula_pr/nebula-insurance-crm --feature F0027 --run-id 2026-07-02-b9316621 --stage G4","exit_code":1,"artifacts":[],"redactions":[]}
{"schema_version":1,"timestamp":"2026-07-03T12:51:30+05:30","cwd":"../nandini-nebula-agents","command":"python3 agents/product-manager/scripts/validate-feature-evidence.py --product-root /Users/wallstreet288/Nebula_pr/nebula-insurance-crm --feature F0027 --run-id 2026-07-02-b9316621 --stage G5","exit_code":1,"artifacts":[],"redactions":[]}
{"schema_version":1,"timestamp":"2026-07-03T12:52:00+05:30","cwd":"../nandini-nebula-agents","command":"repair evidence-manifest.json DevOps required_artifacts for G4/G5 validator contract","exit_code":0,"artifacts":["planning-mds/operations/evidence/runs/2026-07-02-b9316621/evidence-manifest.json"],"redactions":[]}
{"schema_version":1,"timestamp":"2026-07-03T12:53:00+05:30","cwd":"../nandini-nebula-agents","command":"python3 agents/product-manager/scripts/validate-feature-evidence.py --product-root /Users/wallstreet288/Nebula_pr/nebula-insurance-crm --feature F0027 --run-id 2026-07-02-b9316621 --stage G4","exit_code":0,"artifacts":[],"redactions":[]}
{"schema_version":1,"timestamp":"2026-07-03T12:53:30+05:30","cwd":"../nandini-nebula-agents","command":"python3 agents/product-manager/scripts/validate-feature-evidence.py --product-root /Users/wallstreet288/Nebula_pr/nebula-insurance-crm --feature F0027 --run-id 2026-07-02-b9316621 --stage G5","exit_code":0,"artifacts":[],"redactions":[]}
{"schema_version":1,"timestamp":"2026-07-03T13:00:00+05:30","cwd":"../nandini-nebula-agents","command":"complete feature-action-execution.md candidate timeline and set manifest status to in-progress","exit_code":0,"artifacts":["planning-mds/operations/evidence/runs/2026-07-02-b9316621/feature-action-execution.md","planning-mds/operations/evidence/runs/2026-07-02-b9316621/evidence-manifest.json","planning-mds/operations/evidence/runs/2026-07-02-b9316621/gate-decisions.md"],"redactions":[]}
{"schema_version":1,"timestamp":"2026-07-03T13:01:00+05:30","cwd":"../nandini-nebula-agents","command":"python3 agents/product-manager/scripts/validate-feature-evidence.py --product-root /Users/wallstreet288/Nebula_pr/nebula-insurance-crm --feature F0027 --run-id 2026-07-02-b9316621 --stage G6","exit_code":0,"artifacts":[],"redactions":[]}
{"schema_version":1,"timestamp":"2026-07-03T13:01:30+05:30","cwd":"../nandini-nebula-agents","command":"python3 agents/product-manager/scripts/validate-trackers.py --feature F0027 --run-id 2026-07-02-b9316621","exit_code":0,"artifacts":[],"redactions":[]}
{"schema_version":1,"timestamp":"2026-07-03T13:07:00+05:30","cwd":"{PRODUCT_ROOT}","command":"python3 scripts/kg/validate.py --regenerate-symbols --check-symbols","exit_code":0,"artifacts":["planning-mds/knowledge-graph/symbol-index.yaml"],"redactions":[]}
{"schema_version":1,"timestamp":"2026-07-03T13:08:00+05:30","cwd":"{PRODUCT_ROOT}","command":"python3 scripts/kg/validate.py --check-drift","exit_code":0,"artifacts":[],"redactions":[]}
{"schema_version":1,"timestamp":"2026-07-03T13:10:00+05:30","cwd":"../nandini-nebula-agents","command":"write G7 Architect KG reconciliation evidence","exit_code":0,"artifacts":["planning-mds/operations/evidence/runs/2026-07-02-b9316621/kg-reconciliation.md","planning-mds/knowledge-graph/code-index.yaml"],"redactions":[]}
{"schema_version":1,"timestamp":"2026-07-03T13:11:00+05:30","cwd":"../nandini-nebula-agents","command":"python3 agents/product-manager/scripts/validate-feature-evidence.py --product-root /Users/wallstreet288/Nebula_pr/nebula-insurance-crm --feature F0027 --run-id 2026-07-02-b9316621 --stage G7","exit_code":0,"artifacts":[],"redactions":[]}
{"schema_version":1,"timestamp":"2026-07-03T13:20:00+05:30","cwd":"{PRODUCT_ROOT}","command":"update F0027 STATUS.md, README.md, REGISTRY.md, ROADMAP.md, BLUEPRINT.md, and feature-mappings.yaml for G8 closeout","exit_code":0,"artifacts":["planning-mds/features/archive/F0027-coi-acord-and-outbound-document-generation/STATUS.md","planning-mds/features/archive/F0027-coi-acord-and-outbound-document-generation/README.md","planning-mds/features/REGISTRY.md","planning-mds/features/ROADMAP.md","planning-mds/BLUEPRINT.md","planning-mds/knowledge-graph/feature-mappings.yaml"],"redactions":[]}
{"schema_version":1,"timestamp":"2026-07-03T13:21:00+05:30","cwd":"{PRODUCT_ROOT}","command":"mv planning-mds/features/F0027-coi-acord-and-outbound-document-generation planning-mds/features/archive/F0027-coi-acord-and-outbound-document-generation","exit_code":0,"artifacts":["planning-mds/features/archive/F0027-coi-acord-and-outbound-document-generation"],"redactions":[]}
{"schema_version":1,"timestamp":"2026-07-03T13:22:00+05:30","cwd":"{PRODUCT_ROOT}","command":"mechanically update F0027 KG source_doc paths to archived feature path","exit_code":0,"artifacts":["planning-mds/knowledge-graph/feature-mappings.yaml","planning-mds/knowledge-graph/canonical-nodes.yaml"],"redactions":[]}
{"schema_version":1,"timestamp":"2026-07-03T13:23:00+05:30","cwd":"{PRODUCT_ROOT}","command":"python3 scripts/kg/validate.py --write-coverage-report","exit_code":0,"artifacts":["planning-mds/knowledge-graph/coverage-report.yaml"],"redactions":[]}
{"schema_version":1,"timestamp":"2026-07-03T13:24:00+05:30","cwd":"{PRODUCT_ROOT}","command":"python3 scripts/kg/validate.py --check-drift","exit_code":0,"artifacts":[],"redactions":[]}
{"schema_version":1,"timestamp":"2026-07-03T13:25:00+05:30","cwd":"../nandini-nebula-agents","command":"python3 agents/product-manager/scripts/generate-story-index.py /Users/wallstreet288/Nebula_pr/nebula-insurance-crm/planning-mds/features/","exit_code":0,"artifacts":["planning-mds/features/STORY-INDEX.md"],"redactions":[]}
{"schema_version":1,"timestamp":"2026-07-03T13:26:00+05:30","cwd":"../nandini-nebula-agents","command":"python3 agents/product-manager/scripts/patch-prior-manifest.py --product-root /Users/wallstreet288/Nebula_pr/nebula-insurance-crm --feature F0027 --new-run-id 2026-07-02-b9316621","exit_code":0,"artifacts":[],"redactions":[]}
{"schema_version":1,"timestamp":"2026-07-03T13:27:00+05:30","cwd":"{PRODUCT_ROOT}","command":"mkdir -p planning-mds/operations/evidence/features/F0027-coi-acord-and-outbound-document-generation","exit_code":0,"artifacts":["planning-mds/operations/evidence/features/F0027-coi-acord-and-outbound-document-generation"],"redactions":[]}
{"schema_version":1,"timestamp":"2026-07-03T13:30:00+05:30","cwd":"{PRODUCT_ROOT}","command":"write pm-closeout.md, latest-run.json, and finalize evidence-manifest.json for G8","exit_code":0,"artifacts":["planning-mds/operations/evidence/runs/2026-07-02-b9316621/pm-closeout.md","planning-mds/operations/evidence/features/F0027-coi-acord-and-outbound-document-generation/latest-run.json","planning-mds/operations/evidence/runs/2026-07-02-b9316621/evidence-manifest.json"],"redactions":[]}
{"schema_version":1,"timestamp":"2026-07-03T13:31:00+05:30","cwd":"../nandini-nebula-agents","command":"python3 agents/product-manager/scripts/validate-feature-evidence.py --product-root /Users/wallstreet288/Nebula_pr/nebula-insurance-crm --feature F0027 --stage closeout","exit_code":1,"artifacts":[],"redactions":[]}
{"schema_version":1,"timestamp":"2026-07-03T13:31:30+05:30","cwd":"../nandini-nebula-agents","command":"python3 agents/product-manager/scripts/validate-trackers.py","exit_code":1,"artifacts":[],"redactions":[]}
{"schema_version":1,"timestamp":"2026-07-03T13:32:00+05:30","cwd":"../nandini-nebula-agents","command":"python3 agents/scripts/validate_templates.py","exit_code":0,"artifacts":[],"redactions":[]}
{"schema_version":1,"timestamp":"2026-07-03T13:33:00+05:30","cwd":"{PRODUCT_ROOT}","command":"repair pm-closeout.md story acceptance lines and archived command artifact paths","exit_code":0,"artifacts":["planning-mds/operations/evidence/runs/2026-07-02-b9316621/pm-closeout.md","planning-mds/operations/evidence/runs/2026-07-02-b9316621/commands.log"],"redactions":[]}
{"schema_version":1,"timestamp":"2026-07-03T13:34:00+05:30","cwd":"../nandini-nebula-agents","command":"python3 agents/product-manager/scripts/validate-feature-evidence.py --product-root /Users/wallstreet288/Nebula_pr/nebula-insurance-crm --feature F0027 --stage closeout","exit_code":0,"artifacts":[],"redactions":[]}
{"schema_version":1,"timestamp":"2026-07-03T13:34:30+05:30","cwd":"../nandini-nebula-agents","command":"python3 agents/product-manager/scripts/validate-trackers.py --feature F0027 --run-id 2026-07-02-b9316621","exit_code":1,"artifacts":[],"redactions":[]}
{"schema_version":1,"timestamp":"2026-07-03T13:35:00+05:30","cwd":"{PRODUCT_ROOT}","command":"append PM-accepted final PASS/APPROVED STATUS.md signoff rows for tracker contract","exit_code":0,"artifacts":["planning-mds/features/archive/F0027-coi-acord-and-outbound-document-generation/STATUS.md"],"redactions":[]}
{"schema_version":1,"timestamp":"2026-07-03T13:36:00+05:30","cwd":"../nandini-nebula-agents","command":"python3 agents/product-manager/scripts/validate-feature-evidence.py --product-root /Users/wallstreet288/Nebula_pr/nebula-insurance-crm --feature F0027 --stage closeout","exit_code":0,"artifacts":[],"redactions":[]}
{"schema_version":1,"timestamp":"2026-07-03T13:36:30+05:30","cwd":"../nandini-nebula-agents","command":"python3 agents/product-manager/scripts/validate-trackers.py --feature F0027 --run-id 2026-07-02-b9316621","exit_code":0,"artifacts":[],"redactions":[]}
{"schema_version":1,"timestamp":"2026-07-03T13:37:00+05:30","cwd":"{PRODUCT_ROOT}","command":"update pm-closeout.md final validator result table","exit_code":0,"artifacts":["planning-mds/operations/evidence/runs/2026-07-02-b9316621/pm-closeout.md"],"redactions":[]}
{"schema_version":1,"timestamp":"2026-07-03T13:38:00+05:30","cwd":"../nandini-nebula-agents","command":"python3 agents/product-manager/scripts/validate-feature-evidence.py --product-root /Users/wallstreet288/Nebula_pr/nebula-insurance-crm --feature F0027 --stage closeout","exit_code":0,"artifacts":[],"redactions":[]}
{"schema_version":1,"timestamp":"2026-07-03T13:38:30+05:30","cwd":"../nandini-nebula-agents","command":"python3 agents/product-manager/scripts/validate-trackers.py --feature F0027 --run-id 2026-07-02-b9316621","exit_code":0,"artifacts":[],"redactions":[]}
