# Lifecycle Gates Log — F0022-work-queues-assignment-rules-and-coverage-management run 2026-07-03-8aa72827

## Lifecycle Gate Run

Per-invocation rows below.

## Skipped Gates

- None.

### Pre-Plan KG Validate
Command: `.venv/bin/python scripts/kg/validate.py`
Stage: pre-plan
Exit Code: 1
Result: FAIL
Output References: -
Notes: Failed because `coverage-report.yaml` was stale.

### Pre-Plan KG Coverage Regeneration
Command: `.venv/bin/python scripts/kg/validate.py --write-coverage-report`
Stage: pre-plan
Exit Code: 0
Result: PASS
Output References: `planning-mds/knowledge-graph/coverage-report.yaml`

### Pre-Plan KG Validate Retry
Command: `.venv/bin/python scripts/kg/validate.py`
Stage: pre-plan
Exit Code: 0
Result: PASS
Output References: -
Notes: Passed with pre-existing symbol-reference warnings.

### G2 Story Validation
Command: `.venv/bin/python agents/product-manager/scripts/validate-stories.py /Users/wallstreet/Desktop/nebula_workspace/nebula-insurance-crm/planning-mds/features/F0022-work-queues-assignment-rules-and-coverage-management`
Stage: G2
Exit Code: 0
Result: PASS
Output References: -

### G2 Story Index Generation
Command: `.venv/bin/python agents/product-manager/scripts/generate-story-index.py /Users/wallstreet/Desktop/nebula_workspace/nebula-insurance-crm/planning-mds/features/`
Stage: G2
Exit Code: 0
Result: PASS
Output References: `planning-mds/features/STORY-INDEX.md`

### G2 Tracker Validation
Command: `.venv/bin/python agents/product-manager/scripts/validate-trackers.py --product-root /Users/wallstreet/Desktop/nebula_workspace/nebula-insurance-crm --feature F0022 --run-id 2026-07-03-8aa72827 --skip-feature-evidence`
Stage: G2
Exit Code: 0
Result: PASS
Output References: -
Notes: `--skip-feature-evidence` is intentional for plan action per `plan-operator-friendly.md`; feature evidence validation starts later at feature action G0.

### G2 KG Validate
Command: `.venv/bin/python scripts/kg/validate.py`
Stage: G2
Exit Code: 1
Result: FAIL
Output References: -
Notes: Failed because `coverage-report.yaml` was stale after story/mapping updates.

### G2 KG Coverage Regeneration
Command: `.venv/bin/python scripts/kg/validate.py --write-coverage-report`
Stage: G2
Exit Code: 0
Result: PASS
Output References: `planning-mds/knowledge-graph/coverage-report.yaml`

### G2 KG Validate Retry
Command: `.venv/bin/python scripts/kg/validate.py`
Stage: G2
Exit Code: 0
Result: PASS
Output References: -
Notes: Passed with pre-existing symbol-reference warnings.

### G2 KG Drift Check
Command: `.venv/bin/python scripts/kg/validate.py --check-drift`
Stage: G2
Exit Code: 0
Result: PASS
Output References: -
Notes: Passed with pre-existing symbol-reference warnings.

### G2 Template Validation
Command: `.venv/bin/python agents/scripts/validate_templates.py`
Stage: G2
Exit Code: 0
Result: PASS
Output References: -

### G4 API Contract Validation
Command: `.venv/bin/python agents/architect/scripts/validate-api-contract.py /Users/wallstreet/Desktop/nebula_workspace/nebula-insurance-crm/planning-mds/api/nebula-api.yaml`
Stage: G4
Exit Code: 0
Result: PASS
Output References: `planning-mds/api/nebula-api.yaml`
Notes: Passed with pre-existing non-F0022 warnings.

### G4 KG Coverage Regeneration
Command: `.venv/bin/python scripts/kg/validate.py --write-coverage-report`
Stage: G4
Exit Code: 1
Result: FAIL
Output References: -
Notes: Failed because initial F0022 code-index bindings referenced planned runtime files not present during plan action.

### G4 KG Code Index Correction
Command: `apply_patch planning-mds/knowledge-graph/code-index.yaml`
Stage: G4
Exit Code: 0
Result: PASS
Output References: `planning-mds/knowledge-graph/code-index.yaml`
Notes: Rebound `capability:operations-routing` to existing Phase B planning, architecture, API, schema, and security artifacts.

### G4 KG Coverage Regeneration Retry
Command: `.venv/bin/python scripts/kg/validate.py --write-coverage-report`
Stage: G4
Exit Code: 0
Result: PASS
Output References: `planning-mds/knowledge-graph/coverage-report.yaml`
Notes: Passed with pre-existing symbol-reference warnings.

### G4 Story Index Generation
Command: `.venv/bin/python agents/product-manager/scripts/generate-story-index.py /Users/wallstreet/Desktop/nebula_workspace/nebula-insurance-crm/planning-mds/features/`
Stage: G4
Exit Code: 0
Result: PASS
Output References: `planning-mds/features/STORY-INDEX.md`

### G4 Tracker Validation
Command: `.venv/bin/python agents/product-manager/scripts/validate-trackers.py --product-root /Users/wallstreet/Desktop/nebula_workspace/nebula-insurance-crm --feature F0022 --run-id 2026-07-03-8aa72827 --skip-feature-evidence`
Stage: G4
Exit Code: 0
Result: PASS
Output References: -
Notes: `--skip-feature-evidence` remains intentional for plan action.

### G4 KG Validate
Command: `.venv/bin/python scripts/kg/validate.py`
Stage: G4
Exit Code: 0
Result: PASS
Output References: -
Notes: Passed with pre-existing symbol-reference warnings.

### G4 KG Drift Check
Command: `.venv/bin/python scripts/kg/validate.py --check-drift`
Stage: G4
Exit Code: 0
Result: PASS
Output References: -
Notes: Passed with pre-existing symbol-reference warnings.

### G4 JSON Schema Syntax Check
Command: `.venv/bin/python -c "import json, pathlib; files=['work-queue.schema.json','work-queue-upsert-request.schema.json','queue-member-upsert-request.schema.json','assignment-rule.schema.json','assignment-rule-upsert-request.schema.json','coverage-window.schema.json','coverage-window-upsert-request.schema.json','queue-work-item.schema.json','queue-reassignment-request.schema.json','queue-rebalance-request.schema.json','routing-event.schema.json']; [json.load(open(pathlib.Path('planning-mds/schemas')/f)) for f in files]; print('JSON schema syntax OK:', len(files))"`
Stage: G4
Exit Code: 0
Result: PASS
Output References: `planning-mds/schemas/*.schema.json`

### G4 Template Validation
Command: `.venv/bin/python agents/scripts/validate_templates.py`
Stage: G4
Exit Code: 0
Result: PASS
Output References: -
