{"schema_version":1,"timestamp":"2026-07-03T11:55:00+05:30","cwd":"nebula-insurance-crm-sagar","command":"git switch -c feature/F0028-carrier-and-market-relationship-management","exit_code":0,"artifacts":[],"redactions":[]}
{"schema_version":1,"timestamp":"2026-07-03T11:56:00+05:30","cwd":"nebula-insurance-crm-sagar","command":"mkdir -p planning-mds/operations/evidence/runs/2026-07-03-88c2e668/artifacts","exit_code":0,"artifacts":["planning-mds/operations/evidence/runs/2026-07-03-88c2e668"],"redactions":[]}
{"schema_version":1,"timestamp":"2026-07-03T12:00:00+05:30","cwd":"nebula-agents-sagar","command":".venv/bin/python agents/product-manager/scripts/validate-feature-evidence.py --product-root /Users/wallstreet289/Documents/workspace/nebula-insurance-crm-sagar --feature F0028 --run-id 2026-07-02-736e7854 --stage G8","exit_code":0,"artifacts":[],"redactions":[]}
{"schema_version":1,"timestamp":"2026-07-03T12:01:00+05:30","cwd":"nebula-agents-sagar","command":".venv/bin/python agents/product-manager/scripts/validate-trackers.py --product-root /Users/wallstreet289/Documents/workspace/nebula-insurance-crm-sagar --feature F0028 --run-id 2026-07-02-736e7854","exit_code":0,"artifacts":[],"redactions":[]}
{"schema_version":1,"timestamp":"2026-07-03T12:02:00+05:30","cwd":"nebula-insurance-crm-sagar","command":".venv/bin/python scripts/kg/validate.py","exit_code":0,"artifacts":[],"redactions":[]}
{"schema_version":1,"timestamp":"2026-07-03T12:03:00+05:30","cwd":"nebula-insurance-crm-sagar","command":".venv/bin/python scripts/kg/validate.py --check-drift","exit_code":0,"artifacts":[],"redactions":[]}
{"schema_version":1,"timestamp":"2026-07-03T12:04:00+05:30","cwd":"nebula-agents-sagar","command":".venv/bin/python agents/scripts/validate_templates.py","exit_code":0,"artifacts":[],"redactions":[]}
{"schema_version":1,"timestamp":"2026-07-03T12:05:00+05:30","cwd":"nebula-agents-sagar","command":".venv/bin/python agents/product-manager/scripts/validate-stories.py /Users/wallstreet289/Documents/workspace/nebula-insurance-crm-sagar/planning-mds/features/F0028-carrier-and-market-relationship-management","exit_code":0,"artifacts":[],"redactions":[]}
{"schema_version":1,"timestamp":"2026-07-03T12:10:00+05:30","cwd":"nebula-insurance-crm-sagar","command":"docker compose ps","exit_code":0,"artifacts":[],"redactions":[]}
{"schema_version":1,"timestamp":"2026-07-03T12:10:16+05:30","cwd":"nebula-insurance-crm-sagar","command":"curl -sS -i http://127.0.0.1:8080/healthz","exit_code":0,"artifacts":[],"redactions":[]}
{"schema_version":1,"timestamp":"2026-07-03T12:10:17+05:30","cwd":"nebula-insurance-crm-sagar","command":"curl -sS -i http://127.0.0.1:8080/carrier-markets","exit_code":0,"artifacts":[],"redactions":[]}
{"schema_version":1,"timestamp":"2026-07-03T12:11:00+05:30","cwd":"nebula-insurance-crm-sagar","command":"dotnet build engine/src/Nebula.Api/Nebula.Api.csproj --no-restore -m:1 /p:UseSharedCompilation=false","exit_code":0,"artifacts":[],"redactions":[]}
{"schema_version":1,"timestamp":"2026-07-03T12:12:00+05:30","cwd":"nebula-insurance-crm-sagar/experience","command":"npm run build","exit_code":0,"artifacts":["experience/dist"],"redactions":[]}
{"schema_version":1,"timestamp":"2026-07-03T12:13:00+05:30","cwd":"nebula-insurance-crm-sagar","command":"dotnet build engine/tests/Nebula.Tests/Nebula.Tests.csproj --no-restore -m:1 /p:UseSharedCompilation=false","exit_code":0,"artifacts":[],"redactions":[]}
{"schema_version":1,"timestamp":"2026-07-03T12:14:00+05:30","cwd":"nebula-insurance-crm-sagar","command":"dotnet test engine/tests/Nebula.Tests/Nebula.Tests.csproj --no-build --filter \"FullyQualifiedName~CarrierMarketEndpointTests|FullyQualifiedName~CasbinAuthorizationServiceTests\"","exit_code":1,"artifacts":[],"redactions":["sandbox socket permission; rerun with approval"]}
{"schema_version":1,"timestamp":"2026-07-03T12:15:00+05:30","cwd":"nebula-insurance-crm-sagar","command":"dotnet test engine/tests/Nebula.Tests/Nebula.Tests.csproj --no-build --filter \"FullyQualifiedName~CarrierMarketEndpointTests|FullyQualifiedName~CasbinAuthorizationServiceTests\"","exit_code":0,"artifacts":["engine/tests/Nebula.Tests/TestResults/d6881809-b08a-4444-97c6-8a9dc4533db2/coverage.cobertura.xml"],"redactions":[]}
{"schema_version":1,"timestamp":"2026-07-03T12:16:00+05:30","cwd":"nebula-insurance-crm-sagar/experience","command":"NODE_OPTIONS=--localstorage-file=/private/tmp/nebula-vitest-localstorage npm run test -- App.test.tsx","exit_code":0,"artifacts":[],"redactions":[]}
{"schema_version":1,"timestamp":"2026-07-03T12:17:00+05:30","cwd":"nebula-insurance-crm-sagar","command":"git diff --check","exit_code":2,"artifacts":[],"redactions":["two PRD trailing whitespace findings repaired"]}
{"schema_version":1,"timestamp":"2026-07-03T12:18:00+05:30","cwd":"nebula-insurance-crm-sagar","command":"apply_patch remove F0028 PRD trailing whitespace","exit_code":0,"artifacts":["planning-mds/features/F0028-carrier-and-market-relationship-management/PRD.md"],"redactions":[]}
{"schema_version":1,"timestamp":"2026-07-03T12:19:00+05:30","cwd":"nebula-insurance-crm-sagar","command":"git diff --check","exit_code":0,"artifacts":[],"redactions":[]}
{"schema_version":1,"timestamp":"2026-07-03T12:20:00+05:30","cwd":"nebula-insurance-crm-sagar","command":".venv/bin/python scripts/kg/validate.py --write-coverage-report","exit_code":0,"artifacts":["planning-mds/knowledge-graph/coverage-report.yaml"],"redactions":[]}
{"schema_version":1,"timestamp":"2026-07-03T12:21:00+05:30","cwd":"nebula-insurance-crm-sagar","command":".venv/bin/python scripts/kg/validate.py","exit_code":0,"artifacts":[],"redactions":[]}
{"schema_version":1,"timestamp":"2026-07-03T12:22:00+05:30","cwd":"nebula-insurance-crm-sagar","command":".venv/bin/python scripts/kg/validate.py --check-drift","exit_code":0,"artifacts":[],"redactions":[]}
{"schema_version":1,"timestamp":"2026-07-03T12:23:00+05:30","cwd":"nebula-agents-sagar","command":".venv/bin/python agents/product-manager/scripts/validate-feature-evidence.py --product-root /Users/wallstreet289/Documents/workspace/nebula-insurance-crm-sagar --feature F0028 --run-id 2026-07-02-736e7854 --stage G8 --json-out /Users/wallstreet289/Documents/workspace/nebula-insurance-crm-sagar/planning-mds/operations/evidence/runs/2026-07-03-88c2e668/artifacts/feature-evidence.json","exit_code":0,"artifacts":["planning-mds/operations/evidence/runs/2026-07-03-88c2e668/artifacts/feature-evidence.json"],"redactions":[]}
