# Lifecycle Gates — Feature Review F0027 run 2026-07-03-9d22c359

## FR0 — Setup

Result: PASS

- Resolved product root, harness root, F0027 archived feature path, latest approved feature run, and closeout-audit mode.
- Created review evidence package at `planning-mds/operations/evidence/runs/2026-07-03-9d22c359/`.

## FR1 — Completion Review

Result: PASS

- Reviewed F0027 closeout evidence from run `2026-07-02-b9316621`.
- Confirmed latest-run points to the archived F0027 package and approved feature evidence.
- Confirmed no implementation edits were made during this review run.

## FR2 — Runtime And Validation Review

Result: CONDITIONALLY DONE

- F0027-specific backend, frontend, KG, template, and evidence validations passed.
- Repo-wide frontend unit suite has unrelated shared localStorage/session test failures under the current Node/Vitest runtime.
- Repo-wide unscoped tracker validation has legacy archived evidence failures unrelated to F0027; F0027 scoped tracker validation passed.

## FR3 — DevOps And Release Readiness Review

Result: CONDITIONALLY DONE

- Backend and frontend builds pass.
- No deployment blocker found in F0027-specific validation.
- Release notes should carry the existing Microsoft.OpenApi advisory waiver and note deferred endpoint/browser E2E coverage.

## FR4 — Final Decision

Result: CONDITIONALLY DONE

- F0027 is implementation-ready for focused QA/UAT based on scoped evidence.
- Do not treat the full repository validation baseline as fully green until the unrelated frontend test and legacy evidence issues are repaired.
