{"schema_version":1,"timestamp":"2026-05-23T20:58:00-04:00","cwd":"{PRODUCT_ROOT}","command":"python3 -c \"import secrets, datetime; print(f'{datetime.date.today().isoformat()}-{secrets.token_hex(4)}')\"","exit_code":0,"artifacts":[],"redactions":[]}
{"schema_version":1,"timestamp":"2026-05-23T20:58:30-04:00","cwd":"{PRODUCT_ROOT}","command":"python3 scripts/kg/validate.py","exit_code":1,"artifacts":[],"redactions":[]}
{"schema_version":1,"timestamp":"2026-05-23T20:59:30-04:00","cwd":"{PRODUCT_ROOT}","command":"python3 scripts/kg/validate.py --write-coverage-report","exit_code":0,"artifacts":["planning-mds/knowledge-graph/coverage-report.yaml"],"redactions":[]}
{"schema_version":1,"timestamp":"2026-05-23T20:59:45-04:00","cwd":"{PRODUCT_ROOT}","command":"python3 scripts/kg/validate.py","exit_code":0,"artifacts":[],"redactions":[]}
{"schema_version":1,"timestamp":"2026-05-23T21:00:11-04:00","cwd":"{PRODUCT_ROOT}","command":"mkdir -p planning-mds/operations/evidence/runs/2026-05-23-41109356","exit_code":0,"artifacts":["planning-mds/operations/evidence/runs/2026-05-23-41109356/"],"redactions":[]}
{"schema_version":1,"timestamp":"2026-05-23T21:30:30-04:00","cwd":"nebula-agents","command":"python3 agents/product-manager/scripts/validate-stories.py planning-mds/features/F0035-session-continuity-and-token-refresh/","exit_code":1,"artifacts":[],"redactions":[]}
{"schema_version":1,"timestamp":"2026-05-23T21:30:35-04:00","cwd":"nebula-agents","command":"python3 agents/product-manager/scripts/generate-story-index.py planning-mds/features/","exit_code":0,"artifacts":["planning-mds/features/STORY-INDEX.md"],"redactions":[]}
{"schema_version":1,"timestamp":"2026-05-23T21:30:40-04:00","cwd":"nebula-agents","command":"python3 agents/product-manager/scripts/validate-trackers.py","exit_code":0,"artifacts":[],"redactions":[]}
{"schema_version":1,"timestamp":"2026-05-23T21:31:00-04:00","cwd":"nebula-agents","command":"python3 agents/product-manager/scripts/validate-stories.py planning-mds/features/F0035-session-continuity-and-token-refresh/","exit_code":0,"artifacts":[],"redactions":[]}
{"schema_version":1,"timestamp":"2026-05-24T00:06:00-04:00","cwd":"{PRODUCT_ROOT}","command":"python3 scripts/kg/validate.py --write-coverage-report","exit_code":0,"artifacts":["planning-mds/knowledge-graph/coverage-report.yaml"],"redactions":[]}
{"schema_version":1,"timestamp":"2026-05-24T00:06:15-04:00","cwd":"{PRODUCT_ROOT}","command":"python3 scripts/kg/validate.py","exit_code":0,"artifacts":[],"redactions":[]}
{"schema_version":1,"timestamp":"2026-05-24T00:06:30-04:00","cwd":"{PRODUCT_ROOT}","command":"python3 scripts/kg/validate.py --check-drift","exit_code":0,"artifacts":[],"redactions":[]}
{"schema_version":1,"timestamp":"2026-05-24T00:10:30-04:00","cwd":"nebula-agents","command":"python3 agents/product-manager/scripts/validate-trackers.py","exit_code":0,"artifacts":[],"redactions":[]}
{"schema_version":1,"timestamp":"2026-05-24T00:10:45-04:00","cwd":"nebula-agents","command":"python3 agents/product-manager/scripts/generate-story-index.py planning-mds/features/","exit_code":0,"artifacts":["planning-mds/features/STORY-INDEX.md"],"redactions":[]}
{"schema_version":1,"timestamp":"2026-05-24T00:10:55-04:00","cwd":"nebula-agents","command":"python3 scripts/kg/validate.py --check-drift","exit_code":0,"artifacts":[],"redactions":[]}
{"schema_version":1,"timestamp":"2026-05-24T00:11:00-04:00","cwd":"nebula-agents","command":"python3 agents/scripts/validate_templates.py","exit_code":0,"artifacts":[],"redactions":[]}
{"schema_version":1,"timestamp":"2026-05-24T01:01:00-04:00","cwd":"nebula-agents","command":"python3 agents/product-manager/scripts/validate-stories.py planning-mds/features/F0035-session-continuity-and-token-refresh/","exit_code":0,"artifacts":[],"redactions":[]}
{"schema_version":1,"timestamp":"2026-05-24T01:01:15-04:00","cwd":"nebula-agents","command":"python3 agents/product-manager/scripts/generate-story-index.py planning-mds/features/","exit_code":0,"artifacts":["planning-mds/features/STORY-INDEX.md"],"redactions":[]}
{"schema_version":1,"timestamp":"2026-05-24T01:01:30-04:00","cwd":"nebula-agents","command":"python3 agents/product-manager/scripts/validate-trackers.py","exit_code":0,"artifacts":[],"redactions":[]}
{"schema_version":1,"timestamp":"2026-05-24T01:01:45-04:00","cwd":"{PRODUCT_ROOT}","command":"python3 scripts/kg/validate.py --write-coverage-report","exit_code":0,"artifacts":["planning-mds/knowledge-graph/coverage-report.yaml"],"redactions":[]}
{"schema_version":1,"timestamp":"2026-05-24T01:02:00-04:00","cwd":"{PRODUCT_ROOT}","command":"python3 scripts/kg/validate.py","exit_code":0,"artifacts":[],"redactions":[]}
{"schema_version":1,"timestamp":"2026-05-24T01:02:15-04:00","cwd":"{PRODUCT_ROOT}","command":"python3 scripts/kg/validate.py --check-drift","exit_code":0,"artifacts":[],"redactions":[]}
{"schema_version":1,"timestamp":"2026-05-24T01:05:00-04:00","cwd":"nebula-agents","command":"python3 agents/scripts/validate_templates.py","exit_code":0,"artifacts":[],"redactions":[]}
