{"schema_version":1,"timestamp":"2026-07-02T00:00:00+05:30","cwd":"../nandini-nebula-agents","command":"python3 -c \"import datetime, secrets; print(f'{datetime.date.today().isoformat()}-{secrets.token_hex(4)}')\"","exit_code":0,"artifacts":[],"redactions":[]}
{"schema_version":1,"timestamp":"2026-07-02T00:00:00+05:30","cwd":"{PRODUCT_ROOT}","command":"mkdir -p planning-mds/operations/evidence/runs/2026-07-02-e8a31f35","exit_code":0,"artifacts":["planning-mds/operations/evidence/runs/2026-07-02-e8a31f35/"],"redactions":[]}
{"schema_version":1,"timestamp":"2026-07-02T00:00:00+05:30","cwd":"../nandini-nebula-agents","command":"sed -n '1,220p' agents/templates/artifact-trace-template.md","exit_code":0,"artifacts":[],"redactions":[]}
{"schema_version":1,"timestamp":"2026-07-02T00:00:00+05:30","cwd":"../nandini-nebula-agents","command":"sed -n '1,180p' agents/templates/gate-decisions-template.md","exit_code":0,"artifacts":[],"redactions":[]}
{"schema_version":1,"timestamp":"2026-07-02T00:00:00+05:30","cwd":"../nandini-nebula-agents","command":"rg --files agents/templates | rg 'action-context|readme|lifecycle-gates|commands-log'","exit_code":0,"artifacts":[],"redactions":[]}
{"schema_version":1,"timestamp":"2026-07-02T00:00:00+05:30","cwd":"../nandini-nebula-agents","command":"sed -n '1,220p' CONSUMER-CONTRACT.md","exit_code":0,"artifacts":[],"redactions":[]}
{"schema_version":1,"timestamp":"2026-07-02T00:00:00+05:30","cwd":"{PRODUCT_ROOT}","command":"python3 scripts/kg/validate.py --write-coverage-report","exit_code":0,"artifacts":["planning-mds/knowledge-graph/coverage-report.yaml"],"redactions":[]}
{"schema_version":1,"timestamp":"2026-07-02T00:00:00+05:30","cwd":"{PRODUCT_ROOT}","command":"python3 scripts/kg/validate.py","exit_code":0,"artifacts":[],"redactions":[]}
{"schema_version":1,"timestamp":"2026-07-02T00:00:00+05:30","cwd":"{PRODUCT_ROOT}","command":"python3 scripts/kg/validate.py --check-drift","exit_code":0,"artifacts":[],"redactions":[]}
{"schema_version":1,"timestamp":"2026-07-02T00:00:00+05:30","cwd":"../nandini-nebula-agents","command":"sed -n '1,220p' agents/ROUTER.md","exit_code":0,"artifacts":[],"redactions":[]}
{"schema_version":1,"timestamp":"2026-07-02T00:00:00+05:30","cwd":"../nandini-nebula-agents","command":"sed -n '1,220p' agents/AGENT-MAP.md","exit_code":0,"artifacts":[],"redactions":[]}
{"schema_version":1,"timestamp":"2026-07-02T00:00:00+05:30","cwd":"../nandini-nebula-agents","command":"sed -n '1,220p' agents/AGENT-USE.md","exit_code":0,"artifacts":[],"redactions":[]}
{"schema_version":1,"timestamp":"2026-07-02T00:00:00+05:30","cwd":"../nandini-nebula-agents","command":"sed -n '1,260p' agents/actions/plan.md","exit_code":0,"artifacts":[],"redactions":[]}
{"schema_version":1,"timestamp":"2026-07-02T00:00:00+05:30","cwd":"../nandini-nebula-agents","command":"sed -n '1,220p' agents/actions/feature.md","exit_code":0,"artifacts":[],"redactions":[]}
{"schema_version":1,"timestamp":"2026-07-02T00:00:00+05:30","cwd":"{PRODUCT_ROOT}","command":"sed -n '1,220p' planning-mds/features/REGISTRY.md","exit_code":0,"artifacts":[],"redactions":[]}
{"schema_version":1,"timestamp":"2026-07-02T00:00:00+05:30","cwd":"{PRODUCT_ROOT}","command":"sed -n '1,220p' planning-mds/features/ROADMAP.md","exit_code":0,"artifacts":[],"redactions":[]}
{"schema_version":1,"timestamp":"2026-07-02T00:00:00+05:30","cwd":"{PRODUCT_ROOT}","command":"sed -n '1,260p' planning-mds/BLUEPRINT.md","exit_code":0,"artifacts":[],"redactions":[]}
{"schema_version":1,"timestamp":"2026-07-02T00:00:00+05:30","cwd":"{PRODUCT_ROOT}","command":"sed -n '1,220p' planning-mds/knowledge-graph/canonical-nodes.yaml","exit_code":0,"artifacts":[],"redactions":[]}
{"schema_version":1,"timestamp":"2026-07-02T00:00:00+05:30","cwd":"{PRODUCT_ROOT}","command":"sed -n '1,220p' planning-mds/knowledge-graph/solution-ontology.yaml","exit_code":0,"artifacts":[],"redactions":[]}
{"schema_version":1,"timestamp":"2026-07-02T00:00:00+05:30","cwd":"{PRODUCT_ROOT}","command":"sed -n '1,220p' planning-mds/knowledge-graph/feature-mappings.yaml","exit_code":0,"artifacts":[],"redactions":[]}
{"schema_version":1,"timestamp":"2026-07-02T00:00:00+05:30","cwd":"{PRODUCT_ROOT}","command":"rg --files planning-mds/features/F0027-coi-acord-and-outbound-document-generation","exit_code":0,"artifacts":[],"redactions":[]}
{"schema_version":1,"timestamp":"2026-07-02T00:00:00+05:30","cwd":"{PRODUCT_ROOT}","command":"sed -n '1,220p' planning-mds/features/F0027-coi-acord-and-outbound-document-generation/PRD.md","exit_code":0,"artifacts":[],"redactions":[]}
{"schema_version":1,"timestamp":"2026-07-02T00:00:00+05:30","cwd":"{PRODUCT_ROOT}","command":"sed -n '1,220p' planning-mds/features/F0027-coi-acord-and-outbound-document-generation/STATUS.md","exit_code":0,"artifacts":[],"redactions":[]}
{"schema_version":1,"timestamp":"2026-07-02T00:00:00+05:30","cwd":"{PRODUCT_ROOT}","command":"sed -n '1,220p' planning-mds/features/F0027-coi-acord-and-outbound-document-generation/README.md","exit_code":0,"artifacts":[],"redactions":[]}
{"schema_version":1,"timestamp":"2026-07-02T00:00:00+05:30","cwd":"{PRODUCT_ROOT}","command":"sed -n '1,220p' planning-mds/features/F0027-coi-acord-and-outbound-document-generation/GETTING-STARTED.md","exit_code":0,"artifacts":[],"redactions":[]}
{"schema_version":1,"timestamp":"2026-07-02T00:00:00+05:30","cwd":"../nandini-nebula-agents","command":"sed -n '1,220p' agents/product-manager/SKILL.md","exit_code":0,"artifacts":[],"redactions":[]}
{"schema_version":1,"timestamp":"2026-07-02T00:00:00+05:30","cwd":"../nandini-nebula-agents","command":"python3 agents/product-manager/scripts/validate-stories.py /Users/wallstreet288/Nebula_pr/nebula-insurance-crm/planning-mds/features/F0027-coi-acord-and-outbound-document-generation","exit_code":1,"artifacts":[],"redactions":[]}
{"schema_version":1,"timestamp":"2026-07-02T00:00:00+05:30","cwd":"../nandini-nebula-agents","command":"python3 agents/product-manager/scripts/validate-stories.py /Users/wallstreet288/Nebula_pr/nebula-insurance-crm/planning-mds/features/F0027-coi-acord-and-outbound-document-generation","exit_code":0,"artifacts":[],"redactions":[]}
{"schema_version":1,"timestamp":"2026-07-02T00:00:00+05:30","cwd":"../nandini-nebula-agents","command":"python3 agents/product-manager/scripts/generate-story-index.py /Users/wallstreet288/Nebula_pr/nebula-insurance-crm/planning-mds/features/","exit_code":0,"artifacts":["planning-mds/features/STORY-INDEX.md"],"redactions":[]}
{"schema_version":1,"timestamp":"2026-07-02T00:00:00+05:30","cwd":"../nandini-nebula-agents","command":"python3 agents/product-manager/scripts/validate-trackers.py","exit_code":1,"artifacts":[],"redactions":[]}
{"schema_version":1,"timestamp":"2026-07-02T00:00:00+05:30","cwd":"../nandini-nebula-agents","command":"python3 agents/product-manager/scripts/validate-trackers.py --help","exit_code":0,"artifacts":[],"redactions":[]}
{"schema_version":1,"timestamp":"2026-07-02T00:00:00+05:30","cwd":"../nandini-nebula-agents","command":"python3 agents/product-manager/scripts/validate-trackers.py --skip-feature-evidence","exit_code":0,"artifacts":[],"redactions":[]}
{"schema_version":1,"timestamp":"2026-07-02T00:00:00+05:30","cwd":"{PRODUCT_ROOT}","command":"python3 scripts/kg/validate.py --write-coverage-report","exit_code":0,"artifacts":["planning-mds/knowledge-graph/coverage-report.yaml"],"redactions":[]}
{"schema_version":1,"timestamp":"2026-07-02T00:00:00+05:30","cwd":"{PRODUCT_ROOT}","command":"python3 scripts/kg/validate.py","exit_code":0,"artifacts":[],"redactions":[]}
{"schema_version":1,"timestamp":"2026-07-02T00:00:00+05:30","cwd":"{PRODUCT_ROOT}","command":"python3 scripts/kg/validate.py --check-drift","exit_code":0,"artifacts":[],"redactions":[]}
{"schema_version":1,"timestamp":"2026-07-02T00:00:00+05:30","cwd":"../nandini-nebula-agents","command":"python3 agents/scripts/validate_templates.py","exit_code":0,"artifacts":[],"redactions":[]}
{"schema_version":1,"timestamp":"2026-07-02T00:00:00+05:30","cwd":"{PRODUCT_ROOT}","command":"git diff -- planning-mds/features/F0027-coi-acord-and-outbound-document-generation planning-mds/features/ROADMAP.md planning-mds/features/REGISTRY.md planning-mds/BLUEPRINT.md planning-mds/features/STORY-INDEX.md planning-mds/knowledge-graph/feature-mappings.yaml planning-mds/knowledge-graph/coverage-report.yaml planning-mds/operations/evidence/runs/2026-07-02-e8a31f35","exit_code":0,"artifacts":[],"redactions":[]}
{"schema_version":1,"timestamp":"2026-07-02T00:00:00+05:30","cwd":"../nandini-nebula-agents","command":"sed -n '1,240p' agents/architect/SKILL.md","exit_code":0,"artifacts":[],"redactions":[]}
{"schema_version":1,"timestamp":"2026-07-02T00:00:00+05:30","cwd":"{PRODUCT_ROOT}","command":"rg -n \"F0027|Document|Template|ACORD|proposal|ADR-012|ADR-025\" planning-mds -g '*.md' -g '*.yaml'","exit_code":0,"artifacts":[],"redactions":[]}
{"schema_version":1,"timestamp":"2026-07-02T00:00:00+05:30","cwd":"{PRODUCT_ROOT}","command":"rg --files planning-mds | rg 'ADR|adr|api|schema|security|authorization|policy'","exit_code":0,"artifacts":[],"redactions":[]}
{"schema_version":1,"timestamp":"2026-07-02T00:00:00+05:30","cwd":"{PRODUCT_ROOT}","command":"sed -n '1,260p' planning-mds/architecture/decisions/ADR-012-shared-document-storage-and-metadata-architecture.md","exit_code":0,"artifacts":[],"redactions":[]}
{"schema_version":1,"timestamp":"2026-07-02T00:00:00+05:30","cwd":"{PRODUCT_ROOT}","command":"sed -n '1,260p' planning-mds/architecture/decisions/ADR-025-submission-downstream-workflow-quote-approval-bind-and-archive.md","exit_code":0,"artifacts":[],"redactions":[]}
{"schema_version":1,"timestamp":"2026-07-02T00:00:00+05:30","cwd":"{PRODUCT_ROOT}","command":"sed -n '1,220p' planning-mds/architecture/SOLUTION-PATTERNS.md","exit_code":0,"artifacts":[],"redactions":[]}
{"schema_version":1,"timestamp":"2026-07-02T00:00:00+05:30","cwd":"{PRODUCT_ROOT}","command":"sed -n '4110,4515p' planning-mds/api/nebula-api.yaml","exit_code":0,"artifacts":[],"redactions":[]}
{"schema_version":1,"timestamp":"2026-07-02T00:00:00+05:30","cwd":"{PRODUCT_ROOT}","command":"sed -n '1,220p' planning-mds/schemas/document-template.schema.json","exit_code":0,"artifacts":[],"redactions":[]}
{"schema_version":1,"timestamp":"2026-07-02T00:00:00+05:30","cwd":"{PRODUCT_ROOT}","command":"sed -n '1,240p' planning-mds/schemas/document-sidecar.schema.json","exit_code":0,"artifacts":[],"redactions":[]}
{"schema_version":1,"timestamp":"2026-07-02T00:00:00+05:30","cwd":"{PRODUCT_ROOT}","command":"rg -n \"document|template|submission:approve|submission:transition\" planning-mds/security/authorization-matrix.md planning-mds/security/policies/policy.csv","exit_code":0,"artifacts":[],"redactions":[]}
{"schema_version":1,"timestamp":"2026-07-02T00:00:00+05:30","cwd":"{PRODUCT_ROOT}","command":"rg -n \"feature:F0027|story:F0027|document-template|generated|outbound\" planning-mds/knowledge-graph/feature-mappings.yaml planning-mds/knowledge-graph/canonical-nodes.yaml planning-mds/knowledge-graph/solution-ontology.yaml","exit_code":0,"artifacts":[],"redactions":[]}
{"schema_version":1,"timestamp":"2026-07-02T00:00:00+05:30","cwd":"{PRODUCT_ROOT}","command":"python3 -m json.tool planning-mds/schemas/generated-document-request.schema.json","exit_code":0,"artifacts":["planning-mds/schemas/generated-document-request.schema.json"],"redactions":[]}
{"schema_version":1,"timestamp":"2026-07-02T00:00:00+05:30","cwd":"{PRODUCT_ROOT}","command":"python3 -m json.tool planning-mds/schemas/generated-document-preview-response.schema.json","exit_code":0,"artifacts":["planning-mds/schemas/generated-document-preview-response.schema.json"],"redactions":[]}
{"schema_version":1,"timestamp":"2026-07-02T00:00:00+05:30","cwd":"{PRODUCT_ROOT}","command":"python3 -m json.tool planning-mds/schemas/generated-document-issue-response.schema.json","exit_code":0,"artifacts":["planning-mds/schemas/generated-document-issue-response.schema.json"],"redactions":[]}
{"schema_version":1,"timestamp":"2026-07-02T00:00:00+05:30","cwd":"{PRODUCT_ROOT}","command":"python3 planning-mds/testing/validate-nebula-api-contract.py","exit_code":0,"artifacts":[],"redactions":[]}
{"schema_version":1,"timestamp":"2026-07-02T00:00:00+05:30","cwd":"{PRODUCT_ROOT}","command":"python3 scripts/kg/validate.py --write-coverage-report","exit_code":0,"artifacts":["planning-mds/knowledge-graph/coverage-report.yaml"],"redactions":[]}
{"schema_version":1,"timestamp":"2026-07-02T00:00:00+05:30","cwd":"{PRODUCT_ROOT}","command":"python3 scripts/kg/validate.py","exit_code":0,"artifacts":[],"redactions":[]}
{"schema_version":1,"timestamp":"2026-07-02T00:00:00+05:30","cwd":"{PRODUCT_ROOT}","command":"python3 scripts/kg/validate.py --check-drift","exit_code":0,"artifacts":[],"redactions":[]}
{"schema_version":1,"timestamp":"2026-07-02T00:00:00+05:30","cwd":"../nandini-nebula-agents","command":"python3 agents/product-manager/scripts/validate-stories.py /Users/wallstreet288/Nebula_pr/nebula-insurance-crm/planning-mds/features/F0027-coi-acord-and-outbound-document-generation","exit_code":0,"artifacts":[],"redactions":[]}
{"schema_version":1,"timestamp":"2026-07-02T00:00:00+05:30","cwd":"../nandini-nebula-agents","command":"python3 agents/product-manager/scripts/generate-story-index.py /Users/wallstreet288/Nebula_pr/nebula-insurance-crm/planning-mds/features/","exit_code":0,"artifacts":["planning-mds/features/STORY-INDEX.md"],"redactions":[]}
{"schema_version":1,"timestamp":"2026-07-02T00:00:00+05:30","cwd":"../nandini-nebula-agents","command":"python3 agents/product-manager/scripts/validate-trackers.py --skip-feature-evidence","exit_code":0,"artifacts":[],"redactions":[]}
{"schema_version":1,"timestamp":"2026-07-02T00:00:00+05:30","cwd":"../nandini-nebula-agents","command":"python3 agents/scripts/validate_templates.py","exit_code":0,"artifacts":[],"redactions":[]}
