{"schema_version":1,"timestamp":"2026-07-02T00:00:00+05:30","gate":"pre-plan-kg-readiness","status":"pass","command":"python3 scripts/kg/validate.py --write-coverage-report","cwd":"{PRODUCT_ROOT}","notes":"Regenerated stale KG coverage report before formal Phase A planning edits."}
{"schema_version":1,"timestamp":"2026-07-02T00:00:00+05:30","gate":"pre-plan-kg-readiness","status":"pass","command":"python3 scripts/kg/validate.py","cwd":"{PRODUCT_ROOT}","notes":"KG integrity checks passed after coverage report repair."}
{"schema_version":1,"timestamp":"2026-07-02T00:00:00+05:30","gate":"pre-plan-kg-readiness","status":"pass","command":"python3 scripts/kg/validate.py --check-drift","cwd":"{PRODUCT_ROOT}","notes":"KG drift check passed after coverage report repair."}
{"schema_version":1,"timestamp":"2026-07-02T00:00:00+05:30","gate":"G1 CLARIFICATION","status":"pass","command":"user clarification response","cwd":"n/a","notes":"User selected COI + ACORD + reusable proposal template, Preview then explicit Issue, and Admin template editing with service/distribution artifact issue."}
{"schema_version":1,"timestamp":"2026-07-02T00:00:00+05:30","gate":"G2 TRACKER SYNC (A)","status":"pass","command":"python3 agents/product-manager/scripts/validate-stories.py /Users/wallstreet288/Nebula_pr/nebula-insurance-crm/planning-mds/features/F0027-coi-acord-and-outbound-document-generation","cwd":"../nandini-nebula-agents","notes":"All five F0027 story files passed validation."}
{"schema_version":1,"timestamp":"2026-07-02T00:00:00+05:30","gate":"G2 TRACKER SYNC (A)","status":"pass","command":"python3 agents/product-manager/scripts/generate-story-index.py /Users/wallstreet288/Nebula_pr/nebula-insurance-crm/planning-mds/features/","cwd":"../nandini-nebula-agents","notes":"Generated STORY-INDEX.md with 166 story files including F0027-S0001 through F0027-S0005."}
{"schema_version":1,"timestamp":"2026-07-02T00:00:00+05:30","gate":"G2 TRACKER SYNC (A)","status":"pass_with_recommendations","command":"python3 agents/product-manager/scripts/validate-trackers.py","cwd":"../nandini-nebula-agents","notes":"Tracker alignment summary reported zero errors/warnings, but command exited nonzero because full historical feature-evidence scan reports missing artifacts from older runs."}
{"schema_version":1,"timestamp":"2026-07-02T00:00:00+05:30","gate":"G2 TRACKER SYNC (A)","status":"pass","command":"python3 agents/product-manager/scripts/validate-trackers.py --skip-feature-evidence","cwd":"../nandini-nebula-agents","notes":"Scoped tracker validation passed with zero errors/warnings."}
{"schema_version":1,"timestamp":"2026-07-02T00:00:00+05:30","gate":"G2 TRACKER SYNC (A)","status":"pass","command":"python3 scripts/kg/validate.py --write-coverage-report","cwd":"{PRODUCT_ROOT}","notes":"Regenerated KG coverage report after F0027 mapping updates."}
{"schema_version":1,"timestamp":"2026-07-02T00:00:00+05:30","gate":"G2 TRACKER SYNC (A)","status":"pass","command":"python3 scripts/kg/validate.py","cwd":"{PRODUCT_ROOT}","notes":"KG integrity checks passed after F0027 mapping updates; existing warnings remain unrelated to F0027."}
{"schema_version":1,"timestamp":"2026-07-02T00:00:00+05:30","gate":"G2 TRACKER SYNC (A)","status":"pass","command":"python3 scripts/kg/validate.py --check-drift","cwd":"{PRODUCT_ROOT}","notes":"KG drift check passed."}
{"schema_version":1,"timestamp":"2026-07-02T00:00:00+05:30","gate":"G2 TRACKER SYNC (A)","status":"pass","command":"python3 agents/scripts/validate_templates.py","cwd":"../nandini-nebula-agents","notes":"Prompt templates align with action contracts."}
{"schema_version":1,"timestamp":"2026-07-02T00:00:00+05:30","gate":"G3 PHASE A APPROVAL","status":"pass","command":"user approval response","cwd":"n/a","notes":"User approved proceeding and required strict use of nandini-nebula-agents."}
{"schema_version":1,"timestamp":"2026-07-02T00:00:00+05:30","gate":"G4 ONTOLOGY SYNC (B)","status":"pass","command":"python3 -m json.tool planning-mds/schemas/generated-document-request.schema.json","cwd":"{PRODUCT_ROOT}","notes":"Generated document request schema parses as JSON."}
{"schema_version":1,"timestamp":"2026-07-02T00:00:00+05:30","gate":"G4 ONTOLOGY SYNC (B)","status":"pass","command":"python3 -m json.tool planning-mds/schemas/generated-document-preview-response.schema.json","cwd":"{PRODUCT_ROOT}","notes":"Generated document preview response schema parses as JSON."}
{"schema_version":1,"timestamp":"2026-07-02T00:00:00+05:30","gate":"G4 ONTOLOGY SYNC (B)","status":"pass","command":"python3 -m json.tool planning-mds/schemas/generated-document-issue-response.schema.json","cwd":"{PRODUCT_ROOT}","notes":"Generated document issue response schema parses as JSON."}
{"schema_version":1,"timestamp":"2026-07-02T00:00:00+05:30","gate":"G4 ONTOLOGY SYNC (B)","status":"pass","command":"python3 planning-mds/testing/validate-nebula-api-contract.py","cwd":"{PRODUCT_ROOT}","notes":"Nebula API contract checks passed after adding F0027 outbound document endpoints."}
{"schema_version":1,"timestamp":"2026-07-02T00:00:00+05:30","gate":"G4 ONTOLOGY SYNC (B)","status":"pass","command":"python3 scripts/kg/validate.py --write-coverage-report","cwd":"{PRODUCT_ROOT}","notes":"KG coverage report regenerated after Phase B canonical/mapping updates."}
{"schema_version":1,"timestamp":"2026-07-02T00:00:00+05:30","gate":"G4 ONTOLOGY SYNC (B)","status":"pass","command":"python3 scripts/kg/validate.py","cwd":"{PRODUCT_ROOT}","notes":"KG integrity checks passed after Phase B updates; existing unrelated warnings remain."}
{"schema_version":1,"timestamp":"2026-07-02T00:00:00+05:30","gate":"G4 ONTOLOGY SYNC (B)","status":"pass","command":"python3 scripts/kg/validate.py --check-drift","cwd":"{PRODUCT_ROOT}","notes":"KG drift check passed after Phase B updates."}
{"schema_version":1,"timestamp":"2026-07-02T00:00:00+05:30","gate":"G4 ONTOLOGY SYNC (B)","status":"pass","command":"python3 agents/product-manager/scripts/validate-stories.py /Users/wallstreet288/Nebula_pr/nebula-insurance-crm/planning-mds/features/F0027-coi-acord-and-outbound-document-generation","cwd":"../nandini-nebula-agents","notes":"F0027 stories still pass after Phase B status/doc updates."}
{"schema_version":1,"timestamp":"2026-07-02T00:00:00+05:30","gate":"G4 ONTOLOGY SYNC (B)","status":"pass","command":"python3 agents/product-manager/scripts/generate-story-index.py /Users/wallstreet288/Nebula_pr/nebula-insurance-crm/planning-mds/features/","cwd":"../nandini-nebula-agents","notes":"Story index regenerated after Phase B updates."}
{"schema_version":1,"timestamp":"2026-07-02T00:00:00+05:30","gate":"G4 ONTOLOGY SYNC (B)","status":"pass","command":"python3 agents/product-manager/scripts/validate-trackers.py --skip-feature-evidence","cwd":"../nandini-nebula-agents","notes":"Scoped tracker validation passed after Phase B updates."}
{"schema_version":1,"timestamp":"2026-07-02T00:00:00+05:30","gate":"G4 ONTOLOGY SYNC (B)","status":"pass","command":"python3 agents/scripts/validate_templates.py","cwd":"../nandini-nebula-agents","notes":"Prompt templates still align with action contracts."}
{"schema_version":1,"timestamp":"2026-07-02T00:00:00+05:30","gate":"G5 PHASE B APPROVAL","status":"pass","command":"user approval response","cwd":"n/a","notes":"User approved Phase B and authorized starting the separate feature action flow."}
