# Lifecycle Gates Log — F0022-work-queues-assignment-rules-and-coverage-management run 2026-07-03-b9f40b31

## Lifecycle Gate Run

### Session Setup
Command: `.venv/bin/python scripts/kg/workstate.py --state-file /Users/wallstreet/Desktop/nebula_workspace/nebula-insurance-crm/.kg-state/F0022-feature.yaml init --role feature --scope F0022 --run-id 2026-07-03-b9f40b31 --mode clean`
Stage: setup
Exit Code: 0
Result: PASS
Output References: `.kg-state/F0022-feature.yaml`

### Feature Lookup
Command: `.venv/bin/python scripts/kg/lookup.py F0022 --tier 1 --run-id 2026-07-03-b9f40b31 --telemetry-file /Users/wallstreet/Desktop/nebula_workspace/nebula-insurance-crm/.kg-state/telemetry.jsonl`
Stage: setup
Exit Code: 0
Result: PASS
Output References: `.kg-state/telemetry.jsonl`

### Co-change Coverage Gap Scan
Command: `.venv/bin/python scripts/kg/cochange.py --coverage-gaps`
Stage: setup
Exit Code: 0
Result: PASS
Output References: -

### KG Baseline Validation
Command: `.venv/bin/python scripts/kg/validate.py`
Stage: setup
Exit Code: 0
Result: PASS
Output References: -
Notes: Passed with pre-existing symbol-reference warnings.

### G0 Feature Evidence Validation
Command: `.venv/bin/python agents/product-manager/scripts/validate-feature-evidence.py --product-root /Users/wallstreet/Desktop/nebula_workspace/nebula-insurance-crm --feature F0022 --run-id 2026-07-03-b9f40b31 --stage G0`
Stage: G0
Exit Code: 1
Result: FAIL
Output References: -
Notes: Initial G0 evidence validation failed because gate rows used long labels, DevOps was forced by deployability-sensitive runtime changes, security scan deferrals needed explicit waivers, the G0 gate result was missing, and the diff artifact was absent.

### G0 Evidence Repair
Command: `apply_patch planning-mds/operations/evidence/runs/2026-07-03-b9f40b31/evidence-manifest.json planning-mds/operations/evidence/runs/2026-07-03-b9f40b31/gate-decisions.md planning-mds/operations/evidence/runs/2026-07-03-b9f40b31/g0-assembly-plan-validation.md planning-mds/features/F0022-work-queues-assignment-rules-and-coverage-management/STATUS.md planning-mds/operations/evidence/runs/2026-07-03-b9f40b31/artifacts/diffs/changed-files.txt`
Stage: G0
Exit Code: 0
Result: PASS
Output References: `evidence-manifest.json`, `gate-decisions.md`, `g0-assembly-plan-validation.md`, `artifacts/diffs/changed-files.txt`

### G0 Feature Evidence Validation Retry
Command: `.venv/bin/python agents/product-manager/scripts/validate-feature-evidence.py --product-root /Users/wallstreet/Desktop/nebula_workspace/nebula-insurance-crm --feature F0022 --run-id 2026-07-03-b9f40b31 --stage G0`
Stage: G0
Exit Code: 0
Result: PASS
Output References: -
Notes: Passed with absolute cwd warning only; run environment is documented in `artifact-trace.md`.

### G0 Workstate Decision
Command: `.venv/bin/python scripts/kg/workstate.py --state-file /Users/wallstreet/Desktop/nebula_workspace/nebula-insurance-crm/.kg-state/F0022-feature.yaml decision "G0 passed for F0022 feature run 2026-07-03-b9f40b31" --topic g0-assembly-plan-validation --rationale "Assembly plan authored and stage G0 feature evidence validation exited 0." --files planning-mds/features/F0022-work-queues-assignment-rules-and-coverage-management/feature-assembly-plan.md planning-mds/operations/evidence/runs/2026-07-03-b9f40b31/g0-assembly-plan-validation.md`
Stage: G0
Exit Code: 0
Result: PASS
Output References: `.kg-state/F0022-feature.yaml`

### G1 Initial Docker Status
Command: `docker compose ps`
Stage: G1
Exit Code: 1
Result: FAIL
Output References: -
Notes: Initial sandbox command could not access Docker socket; escalated check showed db healthy, authentik unhealthy, and api absent.

### G1 Runtime Recovery
Command: `docker compose exec -T db psql ...` and `docker compose up -d authentik-server authentik-worker api`
Stage: G1
Exit Code: 0
Result: PASS
Output References: -
Notes: Created missing local dev databases expected by `docker/postgres/init-databases.sh`, added gitignored local `.env`, and restarted auth/API services.

### G1 Docker Status Retry
Command: `docker compose ps`
Stage: G1
Exit Code: 0
Result: PASS
Output References: -
Notes: db healthy; authentik server/worker healthy; api running; temporal services up.

### G1 API Health
Command: `curl -fsS http://localhost:8080/healthz`
Stage: G1
Exit Code: 0
Result: PASS
Output References: -

### G1 Frontend Package Manager
Command: `corepack pnpm --dir experience --version`
Stage: G1
Exit Code: 0
Result: PASS
Output References: -

### G1 Local Build Probe
Command: `dotnet build engine/src/Nebula.Api/Nebula.Api.csproj --no-restore`
Stage: G1
Exit Code: 1
Result: WARN
Output References: -
Notes: Probe produced no output for roughly five minutes and was terminated with `killall dotnet`; compile/test evidence is deferred to implementation/QE gates.

### G8 Latest Run Publication
Command: `apply_patch planning-mds/operations/evidence/features/F0022-work-queues-assignment-rules-and-coverage-management/latest-run.json`
Stage: G8
Exit Code: 0
Result: PASS
Output References: `planning-mds/operations/evidence/features/F0022-work-queues-assignment-rules-and-coverage-management/latest-run.json`
Notes: Published the canonical latest-run pointer for approved run `2026-07-03-b9f40b31`.

### G8 tracker-sync
Command: `.venv/bin/python agents/product-manager/scripts/validate-trackers.py --product-root /Users/wallstreet/Desktop/nebula_workspace/nebula-insurance-crm --feature F0022 --run-id 2026-07-03-b9f40b31`
Stage: closeout
Exit Code: 0
Result: PASS
Output References: `lifecycle-gates.log`; tracker validator summary errors 0, warnings 0
Notes: Tracker consistency passed for F0022. The feature evidence sub-check emitted the known non-blocking absolute cwd warning already justified by `artifact-trace.md`.

### G8 Feature Evidence Validation
Command: `.venv/bin/python agents/product-manager/scripts/validate-feature-evidence.py --product-root /Users/wallstreet/Desktop/nebula_workspace/nebula-insurance-crm --feature F0022 --run-id 2026-07-03-b9f40b31 --stage G8`
Stage: G8
Exit Code: 0
Result: PASS
Output References: `pm-closeout.md`, `evidence-manifest.json`, `latest-run.json`, `lifecycle-gates.log`
Notes: Final PM closeout validation passed for run `2026-07-03-b9f40b31`; only the known non-blocking absolute cwd warning was emitted.

### G8 Archive Correction
Command: `mv planning-mds/features/F0022-work-queues-assignment-rules-and-coverage-management planning-mds/features/archive/F0022-work-queues-assignment-rules-and-coverage-management`
Stage: closeout
Exit Code: 0
Result: PASS
Output References: `planning-mds/features/archive/F0022-work-queues-assignment-rules-and-coverage-management/`
Notes: Corrected the completed-feature closeout to perform the mandatory archive move.

### G8 Archive Tracker Metadata Correction
Command: `apply_patch REGISTRY.md ROADMAP.md BLUEPRINT.md feature-mappings.yaml evidence-manifest.json pm-closeout.md archived README.md archived STATUS.md`
Stage: closeout
Exit Code: 0
Result: PASS
Output References: `REGISTRY.md`, `ROADMAP.md`, `BLUEPRINT.md`, `feature-mappings.yaml`, `evidence-manifest.json`, `pm-closeout.md`
Notes: Updated F0022 status/path references to archived state and corrected local archived feature status.

### G8 Story Index Regeneration
Command: `.venv/bin/python agents/product-manager/scripts/generate-story-index.py /Users/wallstreet/Desktop/nebula_workspace/nebula-insurance-crm/planning-mds/features/`
Stage: closeout
Exit Code: 0
Result: PASS
Output References: `planning-mds/features/STORY-INDEX.md`
Notes: Regenerated after the story files moved under `archive/`; 168 story files found.

### G8 Post-Archive KG Coverage Regeneration
Command: `.venv/bin/python scripts/kg/validate.py --write-coverage-report`
Stage: closeout
Exit Code: 0
Result: PASS
Output References: `planning-mds/knowledge-graph/coverage-report.yaml`
Notes: First run exposed stale F0022 source-doc/code-index active paths; after correcting them to archive paths, coverage regeneration passed with only pre-existing unrelated warnings.

### G8 Post-Archive KG Drift Check
Command: `.venv/bin/python scripts/kg/validate.py --check-drift`
Stage: closeout
Exit Code: 0
Result: PASS
Output References: `planning-mds/knowledge-graph/coverage-report.yaml`
Notes: Passed with the same pre-existing unrelated symbol-reference and low-confidence F0028 warnings; no F0022 archive drift remained.

### G8 Supersession Patch
Command: `.venv/bin/python agents/product-manager/scripts/patch-prior-manifest.py --product-root /Users/wallstreet/Desktop/nebula_workspace/nebula-insurance-crm --feature F0022 --new-run-id 2026-07-03-b9f40b31`
Stage: closeout
Exit Code: 0
Result: PASS
Output References: `evidence-manifest.json`, `latest-run.json`
Notes: No prior approved F0022 manifests existed to patch.

### G8 Post-Archive Tracker Validation
Command: `.venv/bin/python agents/product-manager/scripts/validate-trackers.py --product-root /Users/wallstreet/Desktop/nebula_workspace/nebula-insurance-crm --feature F0022 --run-id 2026-07-03-b9f40b31`
Stage: closeout
Exit Code: 0
Result: PASS
Output References: `REGISTRY.md`, `ROADMAP.md`, `STORY-INDEX.md`, `BLUEPRINT.md`, `STATUS.md`
Notes: Passed after archived STATUS provenance normalization and stale evidence artifact path repair.

### G8 Post-Archive Closeout Validation
Command: `.venv/bin/python agents/product-manager/scripts/validate-feature-evidence.py --product-root /Users/wallstreet/Desktop/nebula_workspace/nebula-insurance-crm --feature F0022 --run-id 2026-07-03-b9f40b31 --stage closeout`
Stage: closeout
Exit Code: 0
Result: PASS
Output References: `pm-closeout.md`, `evidence-manifest.json`, `latest-run.json`, `lifecycle-gates.log`
Notes: Final closeout validation passed after archive correction; only the known non-blocking absolute cwd warning was emitted.
