{"schema_version":1,"timestamp":"2026-07-02T19:33:09+05:30","cwd":"nebula-agents-sagar","command":"python3 -c 'import datetime,secrets; print(datetime.date.today().isoformat()+\"-\"+secrets.token_hex(4))'","exit_code":0,"artifacts":[],"redactions":[]}
{"schema_version":1,"timestamp":"2026-07-02T19:33:09+05:30","cwd":"nebula-insurance-crm-sagar","command":"mkdir -p planning-mds/operations/evidence/runs/2026-07-02-0e5b0cce","exit_code":0,"artifacts":["planning-mds/operations/evidence/runs/2026-07-02-0e5b0cce/"],"redactions":[]}
{"schema_version":1,"timestamp":"2026-07-02T19:34:00+05:30","cwd":"nebula-insurance-crm-sagar","command":".venv/bin/python scripts/kg/validate.py --write-coverage-report","exit_code":0,"artifacts":["planning-mds/knowledge-graph/coverage-report.yaml"],"redactions":[]}
{"schema_version":1,"timestamp":"2026-07-02T19:34:10+05:30","cwd":"nebula-insurance-crm-sagar","command":".venv/bin/python scripts/kg/validate.py","exit_code":0,"artifacts":[],"redactions":[]}
{"schema_version":1,"timestamp":"2026-07-02T19:40:00+05:30","cwd":"nebula-agents-sagar","command":".venv/bin/python agents/product-manager/scripts/validate-stories.py --product-root /Users/wallstreet289/Documents/workspace/nebula-insurance-crm-sagar /Users/wallstreet289/Documents/workspace/nebula-insurance-crm-sagar/planning-mds/features/F0028-carrier-and-market-relationship-management","exit_code":1,"artifacts":[],"redactions":[]}
{"schema_version":1,"timestamp":"2026-07-02T19:41:00+05:30","cwd":"nebula-agents-sagar","command":".venv/bin/python agents/product-manager/scripts/validate-stories.py --product-root /Users/wallstreet289/Documents/workspace/nebula-insurance-crm-sagar /Users/wallstreet289/Documents/workspace/nebula-insurance-crm-sagar/planning-mds/features/F0028-carrier-and-market-relationship-management","exit_code":0,"artifacts":[],"redactions":[]}
{"schema_version":1,"timestamp":"2026-07-02T19:42:00+05:30","cwd":"nebula-agents-sagar","command":".venv/bin/python agents/product-manager/scripts/generate-story-index.py /Users/wallstreet289/Documents/workspace/nebula-insurance-crm-sagar/planning-mds/features","exit_code":0,"artifacts":["planning-mds/features/STORY-INDEX.md"],"redactions":[]}
{"schema_version":1,"timestamp":"2026-07-02T19:43:00+05:30","cwd":"nebula-agents-sagar","command":".venv/bin/python agents/product-manager/scripts/validate-trackers.py --product-root /Users/wallstreet289/Documents/workspace/nebula-insurance-crm-sagar --skip-feature-evidence","exit_code":0,"artifacts":[],"redactions":[]}
{"schema_version":1,"timestamp":"2026-07-02T19:43:10+05:30","cwd":"nebula-insurance-crm-sagar","command":".venv/bin/python scripts/kg/validate.py","exit_code":1,"artifacts":[],"redactions":[]}
{"schema_version":1,"timestamp":"2026-07-02T19:43:30+05:30","cwd":"nebula-insurance-crm-sagar","command":".venv/bin/python scripts/kg/validate.py --check-drift","exit_code":0,"artifacts":[],"redactions":[]}
{"schema_version":1,"timestamp":"2026-07-02T19:44:00+05:30","cwd":"nebula-insurance-crm-sagar","command":".venv/bin/python scripts/kg/validate.py --write-coverage-report","exit_code":0,"artifacts":["planning-mds/knowledge-graph/coverage-report.yaml"],"redactions":[]}
{"schema_version":1,"timestamp":"2026-07-02T19:44:10+05:30","cwd":"nebula-agents-sagar","command":".venv/bin/python agents/scripts/validate_templates.py","exit_code":0,"artifacts":[],"redactions":[]}
{"schema_version":1,"timestamp":"2026-07-02T19:45:00+05:30","cwd":"nebula-agents-sagar","command":".venv/bin/python agents/product-manager/scripts/validate-stories.py --product-root /Users/wallstreet289/Documents/workspace/nebula-insurance-crm-sagar /Users/wallstreet289/Documents/workspace/nebula-insurance-crm-sagar/planning-mds/features/F0028-carrier-and-market-relationship-management","exit_code":0,"artifacts":[],"redactions":[]}
{"schema_version":1,"timestamp":"2026-07-02T19:45:10+05:30","cwd":"nebula-agents-sagar","command":".venv/bin/python agents/product-manager/scripts/validate-trackers.py --product-root /Users/wallstreet289/Documents/workspace/nebula-insurance-crm-sagar --skip-feature-evidence","exit_code":0,"artifacts":[],"redactions":[]}
{"schema_version":1,"timestamp":"2026-07-02T19:45:20+05:30","cwd":"nebula-insurance-crm-sagar","command":".venv/bin/python scripts/kg/validate.py","exit_code":0,"artifacts":[],"redactions":[]}
{"schema_version":1,"timestamp":"2026-07-02T19:45:30+05:30","cwd":"nebula-insurance-crm-sagar","command":".venv/bin/python scripts/kg/validate.py --check-drift","exit_code":0,"artifacts":[],"redactions":[]}
{"schema_version":1,"timestamp":"2026-07-02T19:50:00+05:30","cwd":"nebula-insurance-crm-sagar","command":"record G3 approval from user message: G3 Phase A approved","exit_code":0,"artifacts":["planning-mds/operations/evidence/runs/2026-07-02-0e5b0cce/gate-decisions.md"],"redactions":[]}
{"schema_version":1,"timestamp":"2026-07-02T19:50:10+05:30","cwd":"nebula-insurance-crm-sagar","command":".venv/bin/python -c \"import yaml,json, pathlib; yaml.safe_load(open('planning-mds/api/nebula-api.yaml')); yaml.safe_load(open('planning-mds/knowledge-graph/canonical-nodes.yaml')); yaml.safe_load(open('planning-mds/knowledge-graph/feature-mappings.yaml')); yaml.safe_load(open('planning-mds/knowledge-graph/code-index.yaml')); [json.load(open(p)) for p in pathlib.Path('planning-mds/schemas').glob('carrier*.schema.json')]; print('syntax ok')\"","exit_code":0,"artifacts":[],"redactions":[]}
{"schema_version":1,"timestamp":"2026-07-02T19:50:12+05:30","cwd":"nebula-agents-sagar","command":".venv/bin/python agents/product-manager/scripts/validate-stories.py --product-root /Users/wallstreet289/Documents/workspace/nebula-insurance-crm-sagar /Users/wallstreet289/Documents/workspace/nebula-insurance-crm-sagar/planning-mds/features/F0028-carrier-and-market-relationship-management","exit_code":0,"artifacts":[],"redactions":[]}
{"schema_version":1,"timestamp":"2026-07-02T19:50:13+05:30","cwd":"nebula-agents-sagar","command":".venv/bin/python agents/scripts/validate_templates.py","exit_code":0,"artifacts":[],"redactions":[]}
{"schema_version":1,"timestamp":"2026-07-02T19:50:14+05:30","cwd":"nebula-agents-sagar","command":".venv/bin/python agents/product-manager/scripts/generate-story-index.py /Users/wallstreet289/Documents/workspace/nebula-insurance-crm-sagar/planning-mds/features","exit_code":0,"artifacts":["planning-mds/features/STORY-INDEX.md"],"redactions":[]}
{"schema_version":1,"timestamp":"2026-07-02T19:50:15+05:30","cwd":"nebula-agents-sagar","command":".venv/bin/python agents/product-manager/scripts/validate-trackers.py --product-root /Users/wallstreet289/Documents/workspace/nebula-insurance-crm-sagar --skip-feature-evidence","exit_code":0,"artifacts":[],"redactions":[]}
{"schema_version":1,"timestamp":"2026-07-02T19:50:18+05:30","cwd":"nebula-insurance-crm-sagar","command":".venv/bin/python scripts/kg/validate.py --write-coverage-report","exit_code":1,"artifacts":["planning-mds/knowledge-graph/coverage-report.yaml"],"redactions":[]}
{"schema_version":1,"timestamp":"2026-07-02T19:50:20+05:30","cwd":"nebula-insurance-crm-sagar","command":"repair code-index.yaml future implementation bindings to existing planning/API/schema paths only","exit_code":0,"artifacts":["planning-mds/knowledge-graph/code-index.yaml"],"redactions":[]}
{"schema_version":1,"timestamp":"2026-07-02T19:50:22+05:30","cwd":"nebula-insurance-crm-sagar","command":".venv/bin/python scripts/kg/validate.py --write-coverage-report","exit_code":0,"artifacts":["planning-mds/knowledge-graph/coverage-report.yaml"],"redactions":[]}
{"schema_version":1,"timestamp":"2026-07-02T19:50:24+05:30","cwd":"nebula-insurance-crm-sagar","command":".venv/bin/python scripts/kg/validate.py","exit_code":0,"artifacts":[],"redactions":[]}
{"schema_version":1,"timestamp":"2026-07-02T19:50:25+05:30","cwd":"nebula-insurance-crm-sagar","command":".venv/bin/python scripts/kg/validate.py --check-drift","exit_code":0,"artifacts":[],"redactions":[]}
{"schema_version":1,"timestamp":"2026-07-02T19:50:26+05:30","cwd":"nebula-insurance-crm-sagar","command":"repair missing canonical policy_rule:carrier-market-search and rerun KG coverage/drift","exit_code":0,"artifacts":["planning-mds/knowledge-graph/canonical-nodes.yaml","planning-mds/knowledge-graph/feature-mappings.yaml"],"redactions":[]}
{"schema_version":1,"timestamp":"2026-07-02T19:50:28+05:30","cwd":"nebula-insurance-crm-sagar","command":".venv/bin/python scripts/kg/validate.py --write-coverage-report","exit_code":0,"artifacts":["planning-mds/knowledge-graph/coverage-report.yaml"],"redactions":[]}
{"schema_version":1,"timestamp":"2026-07-02T19:50:30+05:30","cwd":"nebula-insurance-crm-sagar","command":".venv/bin/python scripts/kg/validate.py --check-drift","exit_code":0,"artifacts":[],"redactions":[]}
{"schema_version":1,"timestamp":"2026-07-02T19:50:32+05:30","cwd":"nebula-insurance-crm-sagar","command":".venv/bin/python planning-mds/testing/validate-nebula-api-contract.py","exit_code":0,"artifacts":[],"redactions":[]}
{"schema_version":1,"timestamp":"2026-07-02T19:50:34+05:30","cwd":"nebula-insurance-crm-sagar","command":".venv/bin/python scripts/kg/validate.py","exit_code":1,"artifacts":[],"redactions":[]}
{"schema_version":1,"timestamp":"2026-07-02T19:50:36+05:30","cwd":"nebula-insurance-crm-sagar","command":".venv/bin/python scripts/kg/validate.py --write-coverage-report","exit_code":0,"artifacts":["planning-mds/knowledge-graph/coverage-report.yaml"],"redactions":[]}
{"schema_version":1,"timestamp":"2026-07-02T19:50:38+05:30","cwd":"nebula-insurance-crm-sagar","command":".venv/bin/python scripts/kg/validate.py","exit_code":0,"artifacts":[],"redactions":[]}
{"schema_version":1,"timestamp":"2026-07-02T19:50:40+05:30","cwd":"nebula-insurance-crm-sagar","command":".venv/bin/python scripts/kg/validate.py --check-drift","exit_code":0,"artifacts":[],"redactions":[]}
