{"schema_version":1,"timestamp":"2026-07-07T13:09:58+05:30","cwd":"{PRODUCT_ROOT}","command":".venv/bin/python scripts/kg/validate.py --write-coverage-report","exit_code":0,"artifacts":["planning-mds/knowledge-graph/coverage-report.yaml"],"redactions":[]}
{"schema_version":1,"timestamp":"2026-07-07T13:10:02+05:30","cwd":"{PRODUCT_ROOT}","command":".venv/bin/python scripts/kg/validate.py","exit_code":0,"artifacts":["planning-mds/knowledge-graph/coverage-report.yaml"],"redactions":[]}
{"schema_version":1,"timestamp":"2026-07-07T13:16:56+05:30","cwd":"nebula-agents","command":"python3 agents/product-manager/scripts/generate-story-index.py /Users/msig4/Documents/NEBULA/nebula-insurance-crm/planning-mds/features/","exit_code":0,"artifacts":["planning-mds/features/STORY-INDEX.md"],"redactions":[]}
{"schema_version":1,"timestamp":"2026-07-07T13:17:01+05:30","cwd":"nebula-agents","command":"python3 agents/product-manager/scripts/validate-stories.py /Users/msig4/Documents/NEBULA/nebula-insurance-crm/planning-mds/features/F0025-commission-producer-splits-and-revenue-tracking","exit_code":0,"artifacts":[],"redactions":[]}
{"schema_version":1,"timestamp":"2026-07-07T13:17:06+05:30","cwd":"nebula-agents","command":"python3 agents/product-manager/scripts/validate-trackers.py --product-root /Users/msig4/Documents/NEBULA/nebula-insurance-crm --skip-feature-evidence","exit_code":0,"artifacts":[],"redactions":[]}
{"schema_version":1,"timestamp":"2026-07-07T13:17:11+05:30","cwd":"{PRODUCT_ROOT}","command":".venv/bin/python scripts/kg/validate.py","exit_code":1,"artifacts":[],"redactions":[]}
{"schema_version":1,"timestamp":"2026-07-07T13:17:16+05:30","cwd":"{PRODUCT_ROOT}","command":".venv/bin/python scripts/kg/validate.py --write-coverage-report","exit_code":0,"artifacts":["planning-mds/knowledge-graph/coverage-report.yaml"],"redactions":[]}
{"schema_version":1,"timestamp":"2026-07-07T13:17:21+05:30","cwd":"{PRODUCT_ROOT}","command":".venv/bin/python scripts/kg/validate.py","exit_code":0,"artifacts":[],"redactions":[]}
{"schema_version":1,"timestamp":"2026-07-07T13:17:25+05:30","cwd":"nebula-agents","command":".venv/bin/python agents/scripts/validate_templates.py","exit_code":0,"artifacts":[],"redactions":[]}
{"schema_version":1,"timestamp":"2026-07-07T13:17:31+05:30","cwd":"nebula-agents","command":"python3 agents/scripts/validate_templates.py","exit_code":1,"artifacts":[],"redactions":[]}
{"schema_version":1,"timestamp":"2026-07-07T13:17:51+05:30","cwd":"{PRODUCT_ROOT}","command":".venv/bin/python scripts/kg/lookup.py F0025","exit_code":0,"artifacts":[],"redactions":[]}
{"schema_version":1,"timestamp":"2026-07-07T13:18:42+05:30","cwd":"nebula-agents","command":"python3 agents/product-manager/scripts/validate-trackers.py --product-root /Users/msig4/Documents/NEBULA/nebula-insurance-crm --skip-feature-evidence","exit_code":0,"artifacts":[],"redactions":[]}
{"schema_version":1,"timestamp":"2026-07-07T13:34:22+05:30","cwd":"nebula-agents","command":".venv/bin/python agents/architect/scripts/validate-api-contract.py --product-root /Users/msig4/Documents/NEBULA/nebula-insurance-crm planning-mds/api/nebula-api.yaml","exit_code":0,"artifacts":[],"redactions":[]}
{"schema_version":1,"timestamp":"2026-07-07T13:34:22+05:30","cwd":"nebula-agents","command":".venv/bin/python agents/architect/scripts/validate-architecture.py --product-root /Users/msig4/Documents/NEBULA/nebula-insurance-crm","exit_code":0,"artifacts":[],"redactions":[]}
{"schema_version":1,"timestamp":"2026-07-07T13:34:22+05:30","cwd":"{PRODUCT_ROOT}","command":".venv/bin/python scripts/kg/validate.py --write-coverage-report","exit_code":0,"artifacts":["planning-mds/knowledge-graph/coverage-report.yaml"],"redactions":[]}
{"schema_version":1,"timestamp":"2026-07-07T13:34:33+05:30","cwd":"nebula-agents","command":"python3 agents/product-manager/scripts/validate-stories.py /Users/msig4/Documents/NEBULA/nebula-insurance-crm/planning-mds/features/F0025-commission-producer-splits-and-revenue-tracking","exit_code":0,"artifacts":[],"redactions":[]}
{"schema_version":1,"timestamp":"2026-07-07T13:34:33+05:30","cwd":"nebula-agents","command":"python3 agents/product-manager/scripts/generate-story-index.py /Users/msig4/Documents/NEBULA/nebula-insurance-crm/planning-mds/features/","exit_code":0,"artifacts":["planning-mds/features/STORY-INDEX.md"],"redactions":[]}
{"schema_version":1,"timestamp":"2026-07-07T13:34:33+05:30","cwd":"nebula-agents","command":"python3 agents/product-manager/scripts/validate-trackers.py --product-root /Users/msig4/Documents/NEBULA/nebula-insurance-crm --skip-feature-evidence","exit_code":0,"artifacts":[],"redactions":[]}
{"schema_version":1,"timestamp":"2026-07-07T13:34:46+05:30","cwd":"{PRODUCT_ROOT}","command":".venv/bin/python scripts/kg/lookup.py F0025","exit_code":0,"artifacts":[],"redactions":[]}
{"schema_version":1,"timestamp":"2026-07-07T13:34:46+05:30","cwd":"{PRODUCT_ROOT}","command":".venv/bin/python scripts/kg/validate.py --check-drift","exit_code":0,"artifacts":[],"redactions":[]}
{"schema_version":1,"timestamp":"2026-07-07T13:34:46+05:30","cwd":"{PRODUCT_ROOT}","command":".venv/bin/python scripts/kg/validate.py","exit_code":0,"artifacts":[],"redactions":[]}
{"schema_version":1,"timestamp":"2026-07-07T13:34:46+05:30","cwd":"nebula-agents","command":".venv/bin/python agents/scripts/validate_templates.py","exit_code":0,"artifacts":[],"redactions":[]}
{"schema_version":1,"timestamp":"2026-07-07T14:27:07+05:30","cwd":"nebula-agents","command":"python3 agents/product-manager/scripts/validate-trackers.py --product-root /Users/msig4/Documents/NEBULA/nebula-insurance-crm --skip-feature-evidence","exit_code":0,"artifacts":["planning-mds/operations/evidence/runs/2026-07-07-8a9b2629/gate-decisions.md","planning-mds/operations/evidence/runs/2026-07-07-8a9b2629/lifecycle-gates.log","planning-mds/features/F0025-commission-producer-splits-and-revenue-tracking/STATUS.md","planning-mds/features/ROADMAP.md"],"redactions":[]}
{"schema_version":1,"timestamp":"2026-07-07T14:27:11+05:30","cwd":"{PRODUCT_ROOT}","command":".venv/bin/python scripts/kg/validate.py","exit_code":1,"artifacts":["planning-mds/knowledge-graph/coverage-report.yaml"],"redactions":[]}
{"schema_version":1,"timestamp":"2026-07-07T14:27:15+05:30","cwd":"{PRODUCT_ROOT}","command":".venv/bin/python scripts/kg/validate.py --write-coverage-report","exit_code":0,"artifacts":["planning-mds/knowledge-graph/coverage-report.yaml"],"redactions":[]}
{"schema_version":1,"timestamp":"2026-07-07T14:27:19+05:30","cwd":"{PRODUCT_ROOT}","command":".venv/bin/python scripts/kg/validate.py","exit_code":0,"artifacts":["planning-mds/knowledge-graph/coverage-report.yaml"],"redactions":[]}
{"schema_version":1,"timestamp":"2026-07-07T14:27:22+05:30","cwd":"nebula-agents","command":".venv/bin/python agents/scripts/validate_templates.py","exit_code":0,"artifacts":["planning-mds/operations/evidence/runs/2026-07-07-8a9b2629/commands.log"],"redactions":[]}
