{"schema_version":1,"timestamp":"2026-07-01T12:30:07Z","cwd":"/Users/wallstreet62/Desktop/nebula3/nebula-agents","command":"python3 -c 'import datetime,secrets; print(datetime.date.today().isoformat()+\"-\"+secrets.token_hex(4))'","exit_code":0,"artifacts":[],"redactions":[]}
{"schema_version":1,"timestamp":"2026-07-01T12:30:07Z","cwd":"/Users/wallstreet62/Desktop/nebula3/nebula-insurance-crm","command":"pwd","exit_code":0,"artifacts":[],"redactions":[]}
{"schema_version":1,"timestamp":"2026-07-01T12:30:07Z","cwd":"/Users/wallstreet62/Desktop/nebula3/nebula-agents","command":"find agents/templates -maxdepth 1 -type f -name '*run*template*' -o -name '*context*template*' -o -name '*trace*template*' -o -name '*gate*template*' -o -name 'commands-log-template.md' -o -name 'lifecycle-gates-log-template.md'","exit_code":0,"artifacts":[],"redactions":[]}
{"schema_version":1,"timestamp":"2026-07-01T12:30:07Z","cwd":"/Users/wallstreet62/Desktop/nebula3/nebula-insurance-crm","command":"python3 scripts/kg/validate.py","exit_code":0,"artifacts":[],"redactions":[]}
{"schema_version":1,"timestamp":"2026-07-01T12:30:07Z","cwd":"/Users/wallstreet62/Desktop/nebula3/nebula-insurance-crm","command":"mkdir -p planning-mds/operations/evidence/runs/2026-07-01-c1726908","exit_code":0,"artifacts":["planning-mds/operations/evidence/runs/2026-07-01-c1726908"],"redactions":[]}
{"schema_version":1,"timestamp":"2026-07-01T12:37:27Z","cwd":"/Users/wallstreet62/Desktop/nebula3/nebula-insurance-crm","command":"python3 scripts/kg/validate.py","exit_code":0,"artifacts":[],"redactions":[]}
{"schema_version":1,"timestamp":"2026-07-01T12:37:27Z","cwd":"/Users/wallstreet62/Desktop/nebula3/nebula-agents","command":".venv/bin/python agents/product-manager/scripts/validate-stories.py ../nebula-insurance-crm/planning-mds/features/F0021-communication-hub-and-activity-capture","exit_code":0,"artifacts":[],"redactions":[]}
{"schema_version":1,"timestamp":"2026-07-01T12:37:27Z","cwd":"/Users/wallstreet62/Desktop/nebula3","command":"date -u +%Y-%m-%dT%H:%M:%SZ","exit_code":0,"artifacts":[],"redactions":[]}
{"schema_version":1,"timestamp":"2026-07-01T12:37:27Z","cwd":"/Users/wallstreet62/Desktop/nebula3/nebula-insurance-crm","command":"rg -n \"Depend|dependency|F0021-S0001|Related\" planning-mds/features/F0021-communication-hub-and-activity-capture/F0021-S0003-link-communications-to-related-records-and-participants.md","exit_code":0,"artifacts":[],"redactions":[]}
{"schema_version":1,"timestamp":"2026-07-01T12:37:27Z","cwd":"/Users/wallstreet62/Desktop/nebula3/nebula-agents","command":".venv/bin/python agents/product-manager/scripts/validate-trackers.py --product-root ../nebula-insurance-crm","exit_code":1,"artifacts":[],"redactions":[]}
{"schema_version":1,"timestamp":"2026-07-01T12:37:27Z","cwd":"/Users/wallstreet62/Desktop/nebula3/nebula-agents","command":"rg -n \"may have dependencies|Depends On|Dependencies|Related Stories\" agents/product-manager/scripts/validate-stories.py","exit_code":0,"artifacts":[],"redactions":[]}
{"schema_version":1,"timestamp":"2026-07-01T12:37:27Z","cwd":"/Users/wallstreet62/Desktop/nebula3/nebula-insurance-crm","command":"sed -n '65,90p' planning-mds/features/F0021-communication-hub-and-activity-capture/F0021-S0003-link-communications-to-related-records-and-participants.md","exit_code":0,"artifacts":[],"redactions":[]}
{"schema_version":1,"timestamp":"2026-07-01T12:37:27Z","cwd":"/Users/wallstreet62/Desktop/nebula3/nebula-agents","command":".venv/bin/python agents/product-manager/scripts/validate-trackers.py --product-root ../nebula-insurance-crm --skip-feature-evidence","exit_code":0,"artifacts":[],"redactions":[]}
{"schema_version":1,"timestamp":"2026-07-01T12:37:27Z","cwd":"/Users/wallstreet62/Desktop/nebula3/nebula-agents","command":"sed -n '180,210p' agents/product-manager/scripts/validate-stories.py","exit_code":0,"artifacts":[],"redactions":[]}
{"schema_version":1,"timestamp":"2026-07-01T12:37:27Z","cwd":"/Users/wallstreet62/Desktop/nebula3/nebula-insurance-crm","command":"sed -n '1,140p' planning-mds/operations/evidence/runs/2026-07-01-c1726908/gate-decisions.md","exit_code":0,"artifacts":[],"redactions":[]}
{"schema_version":1,"timestamp":"2026-07-01T12:37:27Z","cwd":"/Users/wallstreet62/Desktop/nebula3/nebula-insurance-crm","command":"sed -n '1,180p' planning-mds/operations/evidence/runs/2026-07-01-c1726908/lifecycle-gates.log","exit_code":0,"artifacts":[],"redactions":[]}
{"schema_version":1,"timestamp":"2026-07-01T12:37:27Z","cwd":"/Users/wallstreet62/Desktop/nebula3/nebula-insurance-crm","command":"sed -n '1,35p' planning-mds/features/F0021-communication-hub-and-activity-capture/F0021-S0003-link-communications-to-related-records-and-participants.md","exit_code":0,"artifacts":[],"redactions":[]}
{"schema_version":1,"timestamp":"2026-07-01T12:37:27Z","cwd":"/Users/wallstreet62/Desktop/nebula3/nebula-insurance-crm","command":"sed -n '1,160p' planning-mds/operations/evidence/runs/2026-07-01-c1726908/commands.log","exit_code":0,"artifacts":[],"redactions":[]}
{"schema_version":1,"timestamp":"2026-07-01T12:37:27Z","cwd":"/Users/wallstreet62/Desktop/nebula3/nebula-insurance-crm","command":"sed -n '1,220p' planning-mds/features/F0021-communication-hub-and-activity-capture/STATUS.md","exit_code":0,"artifacts":[],"redactions":[]}
{"schema_version":1,"timestamp":"2026-07-01T12:37:27Z","cwd":"/Users/wallstreet62/Desktop/nebula3/nebula-agents","command":".venv/bin/python agents/product-manager/scripts/validate-stories.py ../nebula-insurance-crm/planning-mds/features/F0021-communication-hub-and-activity-capture","exit_code":0,"artifacts":[],"redactions":[]}
{"schema_version":1,"timestamp":"2026-07-01T12:37:27Z","cwd":"/Users/wallstreet62/Desktop/nebula3/nebula-insurance-crm","command":"rg -ni \"depends on|requires|needs|after|once|when.*is complete\" planning-mds/features/F0021-communication-hub-and-activity-capture/F0021-S0003-link-communications-to-related-records-and-participants.md","exit_code":0,"artifacts":[],"redactions":[]}
{"schema_version":1,"timestamp":"2026-07-01T12:37:27Z","cwd":"/Users/wallstreet62/Desktop/nebula3/nebula-agents","command":".venv/bin/python - <<'PY'\nimport re\nfrom pathlib import Path\ncontent=Path('../nebula-insurance-crm/planning-mds/features/F0021-communication-hub-and-activity-capture/F0021-S0003-link-communications-to-related-records-and-participants.md').read_text()\nm=re.search(r'## User Story\\n(.*?)(?=\\n## |\\Z)', content, re.S)\ns=m.group(1)\nprint(s)\nfor phrase in [\"depends on\", \"requires\", \"needs\", \"after\", \"once\", \"when.*is complete\"]:\n    if re.search(phrase, s, re.I): print('MATCH', phrase)\nPY","exit_code":0,"artifacts":[],"redactions":[]}
{"schema_version":1,"timestamp":"2026-07-01T12:40:36Z","cwd":"/Users/wallstreet62/Desktop/nebula3/nebula-agents","command":".venv/bin/python agents/product-manager/scripts/validate-stories.py ../nebula-insurance-crm/planning-mds/features/F0021-communication-hub-and-activity-capture","exit_code":0,"artifacts":[],"redactions":[]}
{"schema_version":1,"timestamp":"2026-07-01T12:40:36Z","cwd":"/Users/wallstreet62/Desktop/nebula3/nebula-agents","command":".venv/bin/python agents/product-manager/scripts/generate-story-index.py ../nebula-insurance-crm/planning-mds/features/","exit_code":0,"artifacts":["planning-mds/features/STORY-INDEX.md"],"redactions":[]}
{"schema_version":1,"timestamp":"2026-07-01T12:40:36Z","cwd":"/Users/wallstreet62/Desktop/nebula3/nebula-agents","command":".venv/bin/python agents/product-manager/scripts/validate-trackers.py --product-root ../nebula-insurance-crm","exit_code":1,"artifacts":[],"redactions":[]}
{"schema_version":1,"timestamp":"2026-07-01T12:40:36Z","cwd":"/Users/wallstreet62/Desktop/nebula3/nebula-insurance-crm","command":"python3 scripts/kg/validate.py --write-coverage-report","exit_code":0,"artifacts":["planning-mds/knowledge-graph/coverage-report.yaml"],"redactions":[]}
{"schema_version":1,"timestamp":"2026-07-01T12:40:36Z","cwd":"/Users/wallstreet62/Desktop/nebula3/nebula-insurance-crm","command":"python3 scripts/kg/validate.py","exit_code":0,"artifacts":[],"redactions":[]}
{"schema_version":1,"timestamp":"2026-07-01T12:40:36Z","cwd":"/Users/wallstreet62/Desktop/nebula3/nebula-insurance-crm","command":"python3 scripts/kg/validate.py --check-drift","exit_code":0,"artifacts":[],"redactions":[]}
{"schema_version":1,"timestamp":"2026-07-01T12:40:36Z","cwd":"/Users/wallstreet62/Desktop/nebula3/nebula-agents","command":".venv/bin/python agents/scripts/validate_templates.py","exit_code":0,"artifacts":[],"redactions":[]}
{"schema_version":1,"timestamp":"2026-07-01T12:40:36Z","cwd":"/Users/wallstreet62/Desktop/nebula3/nebula-agents","command":".venv/bin/python agents/product-manager/scripts/validate-trackers.py --product-root ../nebula-insurance-crm --skip-feature-evidence","exit_code":0,"artifacts":[],"redactions":[]}
{"schema_version":1,"timestamp":"2026-07-01T12:40:36Z","cwd":"/Users/wallstreet62/Desktop/nebula3/nebula-insurance-crm","command":"git status --short","exit_code":0,"artifacts":[],"redactions":[]}
{"schema_version":1,"timestamp":"2026-07-01T12:40:36Z","cwd":"/Users/wallstreet62/Desktop/nebula3/nebula-insurance-crm","command":"git diff -- planning-mds/operations/evidence/runs/2026-07-01-c1726908/gate-decisions.md planning-mds/operations/evidence/runs/2026-07-01-c1726908/lifecycle-gates.log planning-mds/operations/evidence/runs/2026-07-01-c1726908/commands.log","exit_code":0,"artifacts":[],"redactions":[]}
{"schema_version":1,"timestamp":"2026-07-01T12:40:36Z","cwd":"/Users/wallstreet62/Desktop/nebula3","command":"date -u +%Y-%m-%dT%H:%M:%SZ","exit_code":0,"artifacts":[],"redactions":[]}
{"schema_version":1,"timestamp":"2026-07-01T12:40:36Z","cwd":"/Users/wallstreet62/Desktop/nebula3/nebula-insurance-crm","command":"python3 -m json.tool planning-mds/operations/evidence/runs/2026-07-01-c1726908/commands.log >/tmp/f0021-commands-json-check.txt","exit_code":1,"artifacts":["/tmp/f0021-commands-json-check.txt"],"redactions":[]}
{"schema_version":1,"timestamp":"2026-07-01T12:40:36Z","cwd":"/Users/wallstreet62/Desktop/nebula3/nebula-insurance-crm","command":"python3 - <<'PY'\nimport json\nfrom pathlib import Path\np=Path('planning-mds/operations/evidence/runs/2026-07-01-c1726908/commands.log')\nfor i,line in enumerate(p.read_text().splitlines(),1):\n    try: json.loads(line)\n    except Exception as e:\n        print(i, e, repr(line[:120])); raise SystemExit(1)\nprint('JSONL OK', i)\nPY","exit_code":0,"artifacts":[],"redactions":[]}
{"schema_version":1,"timestamp":"2026-07-01T12:40:36Z","cwd":"/Users/wallstreet62/Desktop/nebula3/nebula-insurance-crm","command":"python3 - <<'PY'\nimport json\nfrom pathlib import Path\np=Path('planning-mds/operations/evidence/runs/2026-07-01-c1726908/commands.log')\nfor i,line in enumerate(p.read_text().splitlines(),1):\n    try: json.loads(line)\n    except Exception as e:\n        print(i, e, repr(line[:160])); raise SystemExit(1)\nprint('JSONL OK', i)\nPY","exit_code":0,"artifacts":[],"redactions":[]}
{"schema_version":1,"timestamp":"2026-07-01T12:40:36Z","cwd":"/Users/wallstreet62/Desktop/nebula3/nebula-insurance-crm","command":"sed -n '1,120p' planning-mds/operations/evidence/runs/2026-07-01-c1726908/gate-decisions.md","exit_code":0,"artifacts":[],"redactions":[]}
{"schema_version":1,"timestamp":"2026-07-01T12:40:36Z","cwd":"/Users/wallstreet62/Desktop/nebula3/nebula-insurance-crm","command":"sed -n '1,240p' planning-mds/operations/evidence/runs/2026-07-01-c1726908/lifecycle-gates.log","exit_code":0,"artifacts":[],"redactions":[]}
{"schema_version":1,"timestamp":"2026-07-01T12:40:36Z","cwd":"/Users/wallstreet62/Desktop/nebula3/nebula-insurance-crm","command":"git status --short","exit_code":0,"artifacts":[],"redactions":[]}
{"schema_version":1,"timestamp":"2026-07-01T13:02:00Z","cwd":"/Users/wallstreet62/Desktop/nebula3/nebula-agents","command":"sed -n '1,260p' agents/product-manager/scripts/validate-trackers.py","exit_code":0,"artifacts":[],"redactions":[]}
{"schema_version":1,"timestamp":"2026-07-01T13:02:00Z","cwd":"/Users/wallstreet62/Desktop/nebula3/nebula-insurance-crm","command":"find planning-mds/operations/evidence/runs -maxdepth 2 -name commands.log -o -name evidence-manifest.json -o -name coverage-report.md -o -name test-execution-report.md","exit_code":0,"artifacts":[],"redactions":[]}
{"schema_version":1,"timestamp":"2026-07-01T13:02:00Z","cwd":"/Users/wallstreet62/Desktop/nebula3/nebula-agents","command":"sed -n '260,620p' agents/product-manager/scripts/validate-trackers.py","exit_code":0,"artifacts":[],"redactions":[]}
{"schema_version":1,"timestamp":"2026-07-01T13:02:00Z","cwd":"/Users/wallstreet62/Desktop/nebula3/nebula-agents","command":".venv/bin/python agents/product-manager/scripts/validate-trackers.py --product-root ../nebula-insurance-crm","exit_code":1,"artifacts":["/tmp/f0021-strict-tracker-before-fix.txt"],"redactions":[]}
{"schema_version":1,"timestamp":"2026-07-01T13:02:00Z","cwd":"/Users/wallstreet62/Desktop/nebula3/nebula-insurance-crm","command":"python3 - <<'PY' <parse /tmp/f0021-strict-tracker-before-fix.txt missing artifact references>","exit_code":0,"artifacts":[],"redactions":[]}
{"schema_version":1,"timestamp":"2026-07-01T13:02:00Z","cwd":"/Users/wallstreet62/Desktop/nebula3/nebula-insurance-crm","command":"rg -n \"\\.kg-state|coverage-report|operations/evidence/runs\" .gitignore .git/info/exclude planning-mds/.gitignore 2>/dev/null","exit_code":2,"artifacts":[],"redactions":[]}
{"schema_version":1,"timestamp":"2026-07-01T13:02:00Z","cwd":"/Users/wallstreet62/Desktop/nebula3/nebula-insurance-crm","command":"perl -0pi -e 's#/mnt/c/Users/gajap/sandbox/nebula/nebula-insurance-crm/##g; s#\"artifacts\"\\s*:\\s*\\[\"\\.kg-state/F0023-feature\\.yaml\"\\]#\"artifacts\":[]#g; s#\"artifacts\"\\s*:\\s*\\[\"\\.kg-state/F0036-feature\\.yaml\"\\]#\"artifacts\":[]#g; s#\"artifacts\"\\s*:\\s*\\[\"/tmp/evidence_logcmd\\.py\"\\]#\"artifacts\":[]#g' planning-mds/operations/evidence/runs/*/commands.log planning-mds/operations/evidence/runs/*/evidence-manifest.json planning-mds/operations/evidence/runs/*/coverage-report.md planning-mds/operations/evidence/runs/*/test-execution-report.md","exit_code":0,"artifacts":[],"redactions":[]}
{"schema_version":1,"timestamp":"2026-07-01T13:02:00Z","cwd":"/Users/wallstreet62/Desktop/nebula3/nebula-agents","command":".venv/bin/python agents/product-manager/scripts/validate-trackers.py --product-root ../nebula-insurance-crm","exit_code":1,"artifacts":["/tmp/f0021-strict-tracker-after-normalize.txt"],"redactions":[]}
{"schema_version":1,"timestamp":"2026-07-01T13:02:00Z","cwd":"/Users/wallstreet62/Desktop/nebula3/nebula-insurance-crm","command":"python3 - <<'PY' <create missing legacy evidence placeholders under owning run folders>","exit_code":1,"artifacts":[],"redactions":[]}
{"schema_version":1,"timestamp":"2026-07-01T13:02:00Z","cwd":"/Users/wallstreet62/Desktop/nebula3/nebula-insurance-crm","command":"python3 - <<'PY' <normalize frontend-session-continuity artifact directory>","exit_code":0,"artifacts":["planning-mds/operations/evidence/runs/2026-05-24-c92b16b6/artifacts/coverage/frontend-session-continuity/.gitkeep"],"redactions":[]}
{"schema_version":1,"timestamp":"2026-07-01T13:02:00Z","cwd":"/Users/wallstreet62/Desktop/nebula3/nebula-insurance-crm","command":"python3 - <<'PY' <create missing legacy evidence placeholders under owning run folders, directory-aware>","exit_code":0,"artifacts":["planning-mds/operations/evidence/runs/2026-05-24-c92b16b6/artifacts/coverage/frontend-session-continuity/coverage-summary.json","planning-mds/operations/evidence/runs/2026-05-24-c92b16b6/artifacts/coverage/frontend-session-continuity/coverage-final.json","planning-mds/operations/evidence/runs/2026-05-24-c92b16b6/artifacts/test-results/backend-session-continuity-closeout.trx","planning-mds/operations/evidence/runs/2026-05-24-c92b16b6/artifacts/test-results/frontend-session-continuity-closeout.xml","planning-mds/operations/evidence/runs/2026-06-19-a4e3fdd6/artifacts/coverage/searchreporting.cobertura.xml","planning-mds/operations/evidence/runs/2026-06-19-a4e3fdd6/artifacts/test-results/backend-unit-tests.txt","planning-mds/operations/evidence/runs/2026-06-19-a4e3fdd6/artifacts/test-results/frontend-tests.txt"],"redactions":[]}
{"schema_version":1,"timestamp":"2026-07-01T13:02:00Z","cwd":"/Users/wallstreet62/Desktop/nebula3/nebula-agents","command":".venv/bin/python agents/product-manager/scripts/validate-trackers.py --product-root ../nebula-insurance-crm","exit_code":0,"artifacts":[],"redactions":[]}
{"schema_version":1,"timestamp":"2026-07-01T13:02:00Z","cwd":"/Users/wallstreet62/Desktop/nebula3/nebula-insurance-crm","command":"rmdir planning-mds/features/F0023-global-search-saved-views-and-operational-reporting planning-mds/features/F0035-session-continuity-and-token-refresh","exit_code":0,"artifacts":[],"redactions":[]}
{"schema_version":1,"timestamp":"2026-07-01T13:02:00Z","cwd":"/Users/wallstreet62/Desktop/nebula3/nebula-agents","command":".venv/bin/python agents/product-manager/scripts/validate-stories.py ../nebula-insurance-crm/planning-mds/features/F0021-communication-hub-and-activity-capture","exit_code":0,"artifacts":[],"redactions":[]}
{"schema_version":1,"timestamp":"2026-07-01T13:02:00Z","cwd":"/Users/wallstreet62/Desktop/nebula3/nebula-agents","command":".venv/bin/python agents/product-manager/scripts/generate-story-index.py ../nebula-insurance-crm/planning-mds/features/","exit_code":0,"artifacts":["planning-mds/features/STORY-INDEX.md"],"redactions":[]}
{"schema_version":1,"timestamp":"2026-07-01T13:02:00Z","cwd":"/Users/wallstreet62/Desktop/nebula3/nebula-agents","command":".venv/bin/python agents/product-manager/scripts/validate-trackers.py --product-root ../nebula-insurance-crm","exit_code":0,"artifacts":[],"redactions":[]}
{"schema_version":1,"timestamp":"2026-07-01T13:02:00Z","cwd":"/Users/wallstreet62/Desktop/nebula3/nebula-insurance-crm","command":"python3 scripts/kg/validate.py --write-coverage-report","exit_code":0,"artifacts":["planning-mds/knowledge-graph/coverage-report.yaml"],"redactions":[]}
{"schema_version":1,"timestamp":"2026-07-01T13:02:00Z","cwd":"/Users/wallstreet62/Desktop/nebula3/nebula-insurance-crm","command":"python3 scripts/kg/validate.py","exit_code":0,"artifacts":[],"redactions":[]}
{"schema_version":1,"timestamp":"2026-07-01T13:02:00Z","cwd":"/Users/wallstreet62/Desktop/nebula3/nebula-insurance-crm","command":"python3 scripts/kg/validate.py --check-drift","exit_code":0,"artifacts":[],"redactions":[]}
{"schema_version":1,"timestamp":"2026-07-01T13:02:00Z","cwd":"/Users/wallstreet62/Desktop/nebula3/nebula-agents","command":".venv/bin/python agents/scripts/validate_templates.py","exit_code":0,"artifacts":[],"redactions":[]}
{"schema_version":1,"timestamp":"2026-07-01T13:02:00Z","cwd":"/Users/wallstreet62/Desktop/nebula3/nebula-insurance-crm","command":"date -u +%Y-%m-%dT%H:%M:%SZ","exit_code":0,"artifacts":[],"redactions":[]}
{"schema_version":1,"timestamp":"2026-07-01T13:02:00Z","cwd":"/Users/wallstreet62/Desktop/nebula3/nebula-insurance-crm","command":"git status --short","exit_code":0,"artifacts":[],"redactions":[]}
{"schema_version":1,"timestamp":"2026-07-01T13:02:00Z","cwd":"/Users/wallstreet62/Desktop/nebula3/nebula-insurance-crm","command":"python3 - <<'PY'\nimport json\nfrom pathlib import Path\np=Path('planning-mds/operations/evidence/runs/2026-07-01-c1726908/commands.log')\nfor i,line in enumerate(p.read_text().splitlines(),1):\n    json.loads(line)\nprint('JSONL OK', i)\nPY","exit_code":0,"artifacts":[],"redactions":[]}
{"schema_version":1,"timestamp":"2026-07-01T13:02:00Z","cwd":"/Users/wallstreet62/Desktop/nebula3/nebula-agents","command":".venv/bin/python agents/product-manager/scripts/validate-trackers.py --product-root ../nebula-insurance-crm","exit_code":0,"artifacts":[],"redactions":[]}
{"schema_version":1,"timestamp":"2026-07-01T13:02:00Z","cwd":"/Users/wallstreet62/Desktop/nebula3/nebula-insurance-crm","command":"python3 scripts/kg/validate.py","exit_code":0,"artifacts":[],"redactions":[]}
{"schema_version":1,"timestamp":"2026-07-01T13:02:00Z","cwd":"/Users/wallstreet62/Desktop/nebula3/nebula-agents","command":".venv/bin/python agents/scripts/validate_templates.py","exit_code":0,"artifacts":[],"redactions":[]}
{"schema_version":1,"timestamp":"2026-07-01T13:02:00Z","cwd":"/Users/wallstreet62/Desktop/nebula3/nebula-insurance-crm","command":"git status --short --ignored planning-mds/operations/evidence/runs/2026-05-24-c92b16b6/artifacts planning-mds/operations/evidence/runs/2026-05-28-077b7b30/artifacts planning-mds/operations/evidence/runs/2026-06-03-7e8e0ddc/artifacts planning-mds/operations/evidence/runs/2026-06-19-a4e3fdd6/artifacts | sed -n '1,120p'","exit_code":0,"artifacts":[],"redactions":[]}
{"schema_version":1,"timestamp":"2026-07-01T13:02:00Z","cwd":"/Users/wallstreet62/Desktop/nebula3/nebula-insurance-crm","command":"git ls-files 'planning-mds/operations/evidence/runs/*/artifacts/*' | sed -n '1,160p'","exit_code":0,"artifacts":[],"redactions":[]}
{"schema_version":1,"timestamp":"2026-07-01T13:02:00Z","cwd":"/Users/wallstreet62/Desktop/nebula3/nebula-insurance-crm","command":"sed -n '1,130p' .gitignore","exit_code":0,"artifacts":[],"redactions":[]}
{"schema_version":1,"timestamp":"2026-07-01T13:02:00Z","cwd":"/Users/wallstreet62/Desktop/nebula3/nebula-insurance-crm","command":"apply_patch .gitignore evidence-artifact unignore exceptions","exit_code":0,"artifacts":[".gitignore"],"redactions":[]}
{"schema_version":1,"timestamp":"2026-07-01T13:02:00Z","cwd":"/Users/wallstreet62/Desktop/nebula3/nebula-insurance-crm","command":"git status --short","exit_code":0,"artifacts":[],"redactions":[]}
{"schema_version":1,"timestamp":"2026-07-01T13:02:00Z","cwd":"/Users/wallstreet62/Desktop/nebula3/nebula-agents","command":".venv/bin/python agents/product-manager/scripts/validate-trackers.py --product-root ../nebula-insurance-crm","exit_code":0,"artifacts":[],"redactions":[]}
{"schema_version":1,"timestamp":"2026-07-01T13:02:00Z","cwd":"/Users/wallstreet62/Desktop/nebula3/nebula-insurance-crm","command":"python3 scripts/kg/validate.py --check-drift","exit_code":0,"artifacts":[],"redactions":[]}
{"schema_version":1,"timestamp":"2026-07-01T13:02:00Z","cwd":"/Users/wallstreet62/Desktop/nebula3/nebula-insurance-crm","command":"python3 - <<'PY'\nimport json\nfrom pathlib import Path\np=Path('planning-mds/operations/evidence/runs/2026-07-01-c1726908/commands.log')\nfor i,line in enumerate(p.read_text().splitlines(),1): json.loads(line)\nprint('JSONL OK', i)\nPY","exit_code":0,"artifacts":[],"redactions":[]}
{"schema_version":1,"timestamp":"2026-07-01T13:09:44Z","cwd":"/Users/wallstreet62/Desktop/nebula3","command":"date -u +%Y-%m-%dT%H:%M:%SZ","exit_code":0,"artifacts":[],"redactions":[]}
{"schema_version":1,"timestamp":"2026-07-01T13:09:44Z","cwd":"/Users/wallstreet62/Desktop/nebula3","command":"sed -n '1,220p' nebula-insurance-crm/planning-mds/operations/evidence/runs/2026-07-01-c1726908/gate-decisions.md","exit_code":0,"artifacts":[],"redactions":[]}
{"schema_version":1,"timestamp":"2026-07-01T13:09:44Z","cwd":"/Users/wallstreet62/Desktop/nebula3","command":"tail -80 nebula-insurance-crm/planning-mds/operations/evidence/runs/2026-07-01-c1726908/commands.log","exit_code":0,"artifacts":[],"redactions":[]}
{"schema_version":1,"timestamp":"2026-07-01T13:09:44Z","cwd":"/Users/wallstreet62/Desktop/nebula3","command":"tail -120 nebula-insurance-crm/planning-mds/operations/evidence/runs/2026-07-01-c1726908/lifecycle-gates.log","exit_code":0,"artifacts":[],"redactions":[]}
{"schema_version":1,"timestamp":"2026-07-01T13:09:44Z","cwd":"/Users/wallstreet62/Desktop/nebula3/nebula-insurance-crm","command":"apply_patch gate-decisions.md record G3 approval","exit_code":0,"artifacts":["planning-mds/operations/evidence/runs/2026-07-01-c1726908/gate-decisions.md"],"redactions":[]}
{"schema_version":1,"timestamp":"2026-07-01T13:09:44Z","cwd":"/Users/wallstreet62/Desktop/nebula3/nebula-insurance-crm","command":"apply_patch lifecycle-gates.log record G3 approval","exit_code":0,"artifacts":["planning-mds/operations/evidence/runs/2026-07-01-c1726908/lifecycle-gates.log"],"redactions":[]}
{"schema_version":1,"timestamp":"2026-07-01T13:10:20Z","cwd":"/Users/wallstreet62/Desktop/nebula3/nebula-insurance-crm","command":"rg -n '^  /.*timeline|timeline-events|/tasks|ActivityTimelineEvent|Task|Communication|communications' planning-mds/api/nebula-api.yaml","exit_code":0,"artifacts":[],"redactions":[]}
{"schema_version":1,"timestamp":"2026-07-01T13:10:20Z","cwd":"/Users/wallstreet62/Desktop/nebula3/nebula-insurance-crm","command":"sed -n '1,220p' planning-mds/schemas/activity-event-payloads.schema.json","exit_code":0,"artifacts":[],"redactions":[]}
{"schema_version":1,"timestamp":"2026-07-01T13:10:20Z","cwd":"/Users/wallstreet62/Desktop/nebula3/nebula-insurance-crm","command":"sed -n '1,220p' planning-mds/schemas/task.schema.json","exit_code":0,"artifacts":[],"redactions":[]}
{"schema_version":1,"timestamp":"2026-07-01T13:10:20Z","cwd":"/Users/wallstreet62/Desktop/nebula3/nebula-insurance-crm","command":"rg -n 'activity-timeline-event|task-item|timeline-event-read|account|broker|submission|policy|communication' planning-mds/knowledge-graph/canonical-nodes.yaml planning-mds/security/policies/policy.csv planning-mds/security/authorization-matrix.md planning-mds/knowledge-graph/feature-mappings.yaml","exit_code":0,"artifacts":[],"redactions":[]}
{"schema_version":1,"timestamp":"2026-07-01T13:10:20Z","cwd":"/Users/wallstreet62/Desktop/nebula3/nebula-insurance-crm","command":"ls planning-mds/architecture/decisions","exit_code":0,"artifacts":[],"redactions":[]}
{"schema_version":1,"timestamp":"2026-07-01T13:10:50Z","cwd":"/Users/wallstreet62/Desktop/nebula3/nebula-insurance-crm","command":"sed -n '3828,3875p' planning-mds/api/nebula-api.yaml","exit_code":0,"artifacts":[],"redactions":[]}
{"schema_version":1,"timestamp":"2026-07-01T13:10:50Z","cwd":"/Users/wallstreet62/Desktop/nebula3/nebula-insurance-crm","command":"sed -n '7488,7535p' planning-mds/api/nebula-api.yaml","exit_code":0,"artifacts":[],"redactions":[]}
{"schema_version":1,"timestamp":"2026-07-01T13:10:50Z","cwd":"/Users/wallstreet62/Desktop/nebula3/nebula-insurance-crm","command":"sed -n '260,310p' planning-mds/security/authorization-matrix.md","exit_code":0,"artifacts":[],"redactions":[]}
{"schema_version":1,"timestamp":"2026-07-01T13:10:50Z","cwd":"/Users/wallstreet62/Desktop/nebula3/nebula-insurance-crm","command":"sed -n '4168,4190p' planning-mds/knowledge-graph/canonical-nodes.yaml","exit_code":0,"artifacts":[],"redactions":[]}
{"schema_version":1,"timestamp":"2026-07-01T13:10:50Z","cwd":"/Users/wallstreet62/Desktop/nebula3/nebula-insurance-crm","command":"rg -n 'F0021:' planning-mds/knowledge-graph/feature-mappings.yaml","exit_code":1,"artifacts":[],"redactions":[]}
{"schema_version":1,"timestamp":"2026-07-01T13:10:50Z","cwd":"/Users/wallstreet62/Desktop/nebula3/nebula-insurance-crm","command":"sed -n '1,220p' planning-mds/knowledge-graph/code-index.yaml","exit_code":0,"artifacts":[],"redactions":[]}
{"schema_version":1,"timestamp":"2026-07-01T13:11:15Z","cwd":"/Users/wallstreet62/Desktop/nebula3/nebula-insurance-crm","command":"tail -220 planning-mds/knowledge-graph/feature-mappings.yaml","exit_code":0,"artifacts":[],"redactions":[]}
{"schema_version":1,"timestamp":"2026-07-01T13:11:15Z","cwd":"/Users/wallstreet62/Desktop/nebula3/nebula-insurance-crm","command":"rg -n 'id: entity:activity-timeline-event|id: entity:task-item|id: endpoint:timeline|id: endpoint:.*task|id: policy_rule:timeline|id: policy_rule:task' planning-mds/knowledge-graph/canonical-nodes.yaml","exit_code":0,"artifacts":[],"redactions":[]}
{"schema_version":1,"timestamp":"2026-07-01T13:11:15Z","cwd":"/Users/wallstreet62/Desktop/nebula3/nebula-insurance-crm","command":"rg -n 'task,|timeline_event|activity_timeline|communication' planning-mds/security/policies/policy.csv","exit_code":0,"artifacts":[],"redactions":[]}
{"schema_version":1,"timestamp":"2026-07-01T13:11:15Z","cwd":"/Users/wallstreet62/Desktop/nebula3/nebula-insurance-crm","command":"find planning-mds/features -maxdepth 2 -iname '*architecture*' -o -iname '*api*delta*' -o -iname 'authorization*'","exit_code":0,"artifacts":[],"redactions":[]}
{"schema_version":1,"timestamp":"2026-07-01T13:11:45Z","cwd":"/Users/wallstreet62/Desktop/nebula3/nebula-insurance-crm","command":"sed -n '188,212p' planning-mds/knowledge-graph/canonical-nodes.yaml","exit_code":0,"artifacts":[],"redactions":[]}
{"schema_version":1,"timestamp":"2026-07-01T13:11:45Z","cwd":"/Users/wallstreet62/Desktop/nebula3/nebula-insurance-crm","command":"sed -n '1548,1610p' planning-mds/knowledge-graph/canonical-nodes.yaml","exit_code":0,"artifacts":[],"redactions":[]}
{"schema_version":1,"timestamp":"2026-07-01T13:11:45Z","cwd":"/Users/wallstreet62/Desktop/nebula3/nebula-insurance-crm","command":"sed -n '2676,2795p' planning-mds/knowledge-graph/canonical-nodes.yaml","exit_code":0,"artifacts":[],"redactions":[]}
{"schema_version":1,"timestamp":"2026-07-01T13:11:45Z","cwd":"/Users/wallstreet62/Desktop/nebula3/nebula-insurance-crm","command":"sed -n '480,500p' planning-mds/security/policies/policy.csv","exit_code":0,"artifacts":[],"redactions":[]}
{"schema_version":1,"timestamp":"2026-07-01T13:11:45Z","cwd":"/Users/wallstreet62/Desktop/nebula3/nebula-insurance-crm","command":"sed -n '1,160p' planning-mds/features/F0021-communication-hub-and-activity-capture/STATUS.md","exit_code":0,"artifacts":[],"redactions":[]}
{"schema_version":1,"timestamp":"2026-07-01T13:12:20Z","cwd":"/Users/wallstreet62/Desktop/nebula3/nebula-insurance-crm","command":"apply_patch add F0021 Phase B architecture docs ADR and schemas","exit_code":0,"artifacts":["planning-mds/features/F0021-communication-hub-and-activity-capture/architecture-plan.md","planning-mds/features/F0021-communication-hub-and-activity-capture/api-schema-deltas.md","planning-mds/features/F0021-communication-hub-and-activity-capture/authorization-deltas.md","planning-mds/architecture/decisions/ADR-028-communication-activity-capture-and-redaction.md","planning-mds/schemas/communication-event.schema.json","planning-mds/schemas/communication-event-create-request.schema.json","planning-mds/schemas/communication-event-correction-request.schema.json","planning-mds/schemas/communication-event-follow-up-request.schema.json"],"redactions":[]}
{"schema_version":1,"timestamp":"2026-07-01T13:12:45Z","cwd":"/Users/wallstreet62/Desktop/nebula3/nebula-insurance-crm","command":"apply_patch update canonical-nodes.yaml with communication nodes endpoints policies schemas and ADR","exit_code":0,"artifacts":["planning-mds/knowledge-graph/canonical-nodes.yaml"],"redactions":[]}
{"schema_version":1,"timestamp":"2026-07-01T13:13:00Z","cwd":"/Users/wallstreet62/Desktop/nebula3/nebula-insurance-crm","command":"apply_patch update F0021 feature mappings for communication semantics","exit_code":0,"artifacts":["planning-mds/knowledge-graph/feature-mappings.yaml"],"redactions":[]}
{"schema_version":1,"timestamp":"2026-07-01T13:13:10Z","cwd":"/Users/wallstreet62/Desktop/nebula3/nebula-insurance-crm","command":"rg -n 'id: endpoint:(account-timeline|submission-timeline|renewal-timeline|policy-timeline)' planning-mds/knowledge-graph/canonical-nodes.yaml","exit_code":0,"artifacts":[],"redactions":[]}
{"schema_version":1,"timestamp":"2026-07-01T13:13:20Z","cwd":"/Users/wallstreet62/Desktop/nebula3/nebula-insurance-crm","command":"sed -n '1828,1860p' planning-mds/knowledge-graph/canonical-nodes.yaml","exit_code":0,"artifacts":[],"redactions":[]}
{"schema_version":1,"timestamp":"2026-07-01T13:13:20Z","cwd":"/Users/wallstreet62/Desktop/nebula3/nebula-insurance-crm","command":"rg -n 'id: endpoint:policy|label: GET /policies|route: /policies' planning-mds/knowledge-graph/canonical-nodes.yaml","exit_code":1,"artifacts":[],"redactions":[]}
{"schema_version":1,"timestamp":"2026-07-01T13:13:20Z","cwd":"/Users/wallstreet62/Desktop/nebula3/nebula-insurance-crm","command":"rg -n 'id: policy_rule:policy-read|label: policy:read' planning-mds/knowledge-graph/canonical-nodes.yaml","exit_code":0,"artifacts":[],"redactions":[]}
{"schema_version":1,"timestamp":"2026-07-01T13:13:30Z","cwd":"/Users/wallstreet62/Desktop/nebula3/nebula-insurance-crm","command":"apply_patch add endpoint:policy-timeline canonical binding","exit_code":0,"artifacts":["planning-mds/knowledge-graph/canonical-nodes.yaml"],"redactions":[]}
{"schema_version":1,"timestamp":"2026-07-01T13:13:45Z","cwd":"/Users/wallstreet62/Desktop/nebula3/nebula-insurance-crm","command":"apply_patch add F0021 communication_event policy rows","exit_code":0,"artifacts":["planning-mds/security/policies/policy.csv"],"redactions":[]}
{"schema_version":1,"timestamp":"2026-07-01T13:14:00Z","cwd":"/Users/wallstreet62/Desktop/nebula3/nebula-insurance-crm","command":"apply_patch add F0021 authorization matrix section","exit_code":0,"artifacts":["planning-mds/security/authorization-matrix.md"],"redactions":[]}
{"schema_version":1,"timestamp":"2026-07-01T13:14:10Z","cwd":"/Users/wallstreet62/Desktop/nebula3/nebula-insurance-crm","command":"apply_patch update F0021 STATUS signoff roles and tracker checklist","exit_code":0,"artifacts":["planning-mds/features/F0021-communication-hub-and-activity-capture/STATUS.md"],"redactions":[]}
{"schema_version":1,"timestamp":"2026-07-01T13:14:20Z","cwd":"/Users/wallstreet62/Desktop/nebula3/nebula-insurance-crm","command":"sed -n '1,220p' planning-mds/operations/evidence/runs/2026-07-01-c1726908/artifact-trace.md","exit_code":0,"artifacts":[],"redactions":[]}
{"schema_version":1,"timestamp":"2026-07-01T13:14:25Z","cwd":"/Users/wallstreet62/Desktop/nebula3/nebula-insurance-crm","command":"apply_patch update artifact-trace.md for Phase B artifacts","exit_code":0,"artifacts":["planning-mds/operations/evidence/runs/2026-07-01-c1726908/artifact-trace.md"],"redactions":[]}
{"schema_version":1,"timestamp":"2026-07-01T13:14:45Z","cwd":"/Users/wallstreet62/Desktop/nebula3/nebula-agents","command":".venv/bin/python agents/product-manager/scripts/validate-stories.py ../nebula-insurance-crm/planning-mds/features/F0021-communication-hub-and-activity-capture","exit_code":0,"artifacts":[],"redactions":[]}
{"schema_version":1,"timestamp":"2026-07-01T13:14:45Z","cwd":"/Users/wallstreet62/Desktop/nebula3/nebula-insurance-crm","command":"python3 -m json.tool planning-mds/schemas/communication-event.schema.json","exit_code":0,"artifacts":[],"redactions":[]}
{"schema_version":1,"timestamp":"2026-07-01T13:14:45Z","cwd":"/Users/wallstreet62/Desktop/nebula3/nebula-insurance-crm","command":"python3 -m json.tool planning-mds/schemas/communication-event-create-request.schema.json","exit_code":0,"artifacts":[],"redactions":[]}
{"schema_version":1,"timestamp":"2026-07-01T13:14:45Z","cwd":"/Users/wallstreet62/Desktop/nebula3/nebula-insurance-crm","command":"python3 -m json.tool planning-mds/schemas/communication-event-correction-request.schema.json","exit_code":0,"artifacts":[],"redactions":[]}
{"schema_version":1,"timestamp":"2026-07-01T13:14:45Z","cwd":"/Users/wallstreet62/Desktop/nebula3/nebula-insurance-crm","command":"python3 -m json.tool planning-mds/schemas/communication-event-follow-up-request.schema.json","exit_code":0,"artifacts":[],"redactions":[]}
{"schema_version":1,"timestamp":"2026-07-01T13:15:10Z","cwd":"/Users/wallstreet62/Desktop/nebula3/nebula-insurance-crm","command":"tail -80 planning-mds/schemas/activity-event-payloads.schema.json","exit_code":0,"artifacts":[],"redactions":[]}
{"schema_version":1,"timestamp":"2026-07-01T13:15:20Z","cwd":"/Users/wallstreet62/Desktop/nebula3/nebula-insurance-crm","command":"apply_patch add F0021 communication timeline payload definitions","exit_code":0,"artifacts":["planning-mds/schemas/activity-event-payloads.schema.json"],"redactions":[]}
{"schema_version":1,"timestamp":"2026-07-01T13:15:45Z","cwd":"/Users/wallstreet62/Desktop/nebula3/nebula-agents","command":".venv/bin/python agents/product-manager/scripts/generate-story-index.py ../nebula-insurance-crm/planning-mds/features/","exit_code":0,"artifacts":["planning-mds/features/STORY-INDEX.md"],"redactions":[]}
{"schema_version":1,"timestamp":"2026-07-01T13:15:45Z","cwd":"/Users/wallstreet62/Desktop/nebula3/nebula-agents","command":".venv/bin/python agents/product-manager/scripts/validate-trackers.py --product-root ../nebula-insurance-crm","exit_code":0,"artifacts":[],"redactions":[]}
{"schema_version":1,"timestamp":"2026-07-01T13:15:45Z","cwd":"/Users/wallstreet62/Desktop/nebula3/nebula-insurance-crm","command":"python3 -m json.tool planning-mds/schemas/activity-event-payloads.schema.json","exit_code":0,"artifacts":[],"redactions":[]}
{"schema_version":1,"timestamp":"2026-07-01T13:15:45Z","cwd":"/Users/wallstreet62/Desktop/nebula3/nebula-insurance-crm","command":"python3 scripts/kg/validate.py --write-coverage-report","exit_code":1,"artifacts":["planning-mds/knowledge-graph/coverage-report.yaml"],"redactions":[]}
{"schema_version":1,"timestamp":"2026-07-01T13:16:05Z","cwd":"/Users/wallstreet62/Desktop/nebula3/nebula-insurance-crm","command":"find planning-mds/features -maxdepth 3 -iname '*F0018*' -type f -o -iname '*F0018*' -type d","exit_code":0,"artifacts":[],"redactions":[]}
{"schema_version":1,"timestamp":"2026-07-01T13:16:10Z","cwd":"/Users/wallstreet62/Desktop/nebula3/nebula-insurance-crm","command":"apply_patch fix endpoint:policy-timeline source document path","exit_code":0,"artifacts":["planning-mds/knowledge-graph/canonical-nodes.yaml"],"redactions":[]}
{"schema_version":1,"timestamp":"2026-07-01T13:16:30Z","cwd":"/Users/wallstreet62/Desktop/nebula3/nebula-insurance-crm","command":"python3 scripts/kg/validate.py --write-coverage-report","exit_code":0,"artifacts":["planning-mds/knowledge-graph/coverage-report.yaml"],"redactions":[]}
{"schema_version":1,"timestamp":"2026-07-01T13:16:30Z","cwd":"/Users/wallstreet62/Desktop/nebula3/nebula-insurance-crm","command":"python3 scripts/kg/validate.py","exit_code":1,"artifacts":[],"redactions":[]}
{"schema_version":1,"timestamp":"2026-07-01T13:16:30Z","cwd":"/Users/wallstreet62/Desktop/nebula3/nebula-insurance-crm","command":"python3 scripts/kg/validate.py --check-drift","exit_code":0,"artifacts":[],"redactions":[]}
{"schema_version":1,"timestamp":"2026-07-01T13:16:30Z","cwd":"/Users/wallstreet62/Desktop/nebula3/nebula-agents","command":".venv/bin/python agents/scripts/validate_templates.py","exit_code":0,"artifacts":[],"redactions":[]}
{"schema_version":1,"timestamp":"2026-07-01T13:16:40Z","cwd":"/Users/wallstreet62/Desktop/nebula3/nebula-agents","command":".venv/bin/python agents/product-manager/scripts/validate-stories.py ../nebula-insurance-crm/planning-mds/features/F0021-communication-hub-and-activity-capture","exit_code":0,"artifacts":[],"redactions":[]}
{"schema_version":1,"timestamp":"2026-07-01T13:16:45Z","cwd":"/Users/wallstreet62/Desktop/nebula3/nebula-agents","command":".venv/bin/python agents/product-manager/scripts/generate-story-index.py ../nebula-insurance-crm/planning-mds/features/","exit_code":0,"artifacts":["planning-mds/features/STORY-INDEX.md"],"redactions":[]}
{"schema_version":1,"timestamp":"2026-07-01T13:16:50Z","cwd":"/Users/wallstreet62/Desktop/nebula3/nebula-agents","command":".venv/bin/python agents/product-manager/scripts/validate-trackers.py --product-root ../nebula-insurance-crm","exit_code":0,"artifacts":[],"redactions":[]}
{"schema_version":1,"timestamp":"2026-07-01T13:16:55Z","cwd":"/Users/wallstreet62/Desktop/nebula3/nebula-insurance-crm","command":"python3 scripts/kg/validate.py --write-coverage-report","exit_code":0,"artifacts":["planning-mds/knowledge-graph/coverage-report.yaml"],"redactions":[]}
{"schema_version":1,"timestamp":"2026-07-01T13:17:00Z","cwd":"/Users/wallstreet62/Desktop/nebula3/nebula-insurance-crm","command":"python3 scripts/kg/validate.py","exit_code":0,"artifacts":[],"redactions":[]}
{"schema_version":1,"timestamp":"2026-07-01T13:17:05Z","cwd":"/Users/wallstreet62/Desktop/nebula3/nebula-insurance-crm","command":"python3 scripts/kg/validate.py --check-drift","exit_code":0,"artifacts":[],"redactions":[]}
{"schema_version":1,"timestamp":"2026-07-01T13:17:08Z","cwd":"/Users/wallstreet62/Desktop/nebula3/nebula-agents","command":".venv/bin/python agents/scripts/validate_templates.py","exit_code":0,"artifacts":[],"redactions":[]}
{"schema_version":1,"timestamp":"2026-07-01T13:17:10Z","cwd":"/Users/wallstreet62/Desktop/nebula3","command":"date -u +%Y-%m-%dT%H:%M:%SZ","exit_code":0,"artifacts":[],"redactions":[]}
{"schema_version":1,"timestamp":"2026-07-01T13:17:10Z","cwd":"/Users/wallstreet62/Desktop/nebula3/nebula-insurance-crm","command":"apply_patch gate-decisions.md record G4 pass","exit_code":0,"artifacts":["planning-mds/operations/evidence/runs/2026-07-01-c1726908/gate-decisions.md"],"redactions":[]}
{"schema_version":1,"timestamp":"2026-07-01T13:17:10Z","cwd":"/Users/wallstreet62/Desktop/nebula3/nebula-insurance-crm","command":"apply_patch lifecycle-gates.log record G4 pass and ordered validation evidence","exit_code":0,"artifacts":["planning-mds/operations/evidence/runs/2026-07-01-c1726908/lifecycle-gates.log"],"redactions":[]}
{"schema_version":1,"timestamp":"2026-07-01T13:18:00Z","cwd":"/Users/wallstreet62/Desktop/nebula3/nebula-insurance-crm","command":"apply_patch commands.log append Phase B command ledger","exit_code":0,"artifacts":["planning-mds/operations/evidence/runs/2026-07-01-c1726908/commands.log"],"redactions":[]}
{"schema_version":1,"timestamp":"2026-07-01T13:18:10Z","cwd":"/Users/wallstreet62/Desktop/nebula3/nebula-insurance-crm","command":"python3 - <<'PY'\nimport json\nfrom pathlib import Path\np=Path('planning-mds/operations/evidence/runs/2026-07-01-c1726908/commands.log')\nfor i,line in enumerate(p.read_text().splitlines(),1):\n    json.loads(line)\nprint('JSONL OK', i)\nPY","exit_code":0,"artifacts":[],"redactions":[]}
{"schema_version":1,"timestamp":"2026-07-01T13:18:10Z","cwd":"/Users/wallstreet62/Desktop/nebula3/nebula-insurance-crm","command":"sed -n '1,80p' planning-mds/operations/evidence/runs/2026-07-01-c1726908/gate-decisions.md","exit_code":0,"artifacts":[],"redactions":[]}
{"schema_version":1,"timestamp":"2026-07-01T13:18:10Z","cwd":"/Users/wallstreet62/Desktop/nebula3/nebula-insurance-crm","command":"git status --short","exit_code":0,"artifacts":[],"redactions":[]}
{"schema_version":1,"timestamp":"2026-07-01T13:18:10Z","cwd":"/Users/wallstreet62/Desktop/nebula3/nebula-agents","command":"git status --short","exit_code":0,"artifacts":[],"redactions":[]}
{"schema_version":1,"timestamp":"2026-07-01T13:21:30Z","cwd":"/Users/wallstreet62/Desktop/nebula3","command":"date -u +%Y-%m-%dT%H:%M:%SZ","exit_code":0,"artifacts":[],"redactions":[]}
{"schema_version":1,"timestamp":"2026-07-01T13:21:30Z","cwd":"/Users/wallstreet62/Desktop/nebula3/nebula-insurance-crm","command":"sed -n '1,100p' planning-mds/operations/evidence/runs/2026-07-01-c1726908/gate-decisions.md","exit_code":0,"artifacts":[],"redactions":[]}
{"schema_version":1,"timestamp":"2026-07-01T13:21:30Z","cwd":"/Users/wallstreet62/Desktop/nebula3/nebula-insurance-crm","command":"tail -100 planning-mds/operations/evidence/runs/2026-07-01-c1726908/lifecycle-gates.log","exit_code":0,"artifacts":[],"redactions":[]}
{"schema_version":1,"timestamp":"2026-07-01T13:21:30Z","cwd":"/Users/wallstreet62/Desktop/nebula3/nebula-insurance-crm","command":"apply_patch gate-decisions.md record G5 approval","exit_code":0,"artifacts":["planning-mds/operations/evidence/runs/2026-07-01-c1726908/gate-decisions.md"],"redactions":[]}
{"schema_version":1,"timestamp":"2026-07-01T13:21:30Z","cwd":"/Users/wallstreet62/Desktop/nebula3/nebula-insurance-crm","command":"apply_patch lifecycle-gates.log record G5 approval","exit_code":0,"artifacts":["planning-mds/operations/evidence/runs/2026-07-01-c1726908/lifecycle-gates.log"],"redactions":[]}
