{"schema_version":1,"timestamp":"2026-07-02T19:58:53+05:30","cwd":"nebula-agents-sagar","command":"python3 -c 'import datetime,secrets; print(datetime.date.today().isoformat()+\"-\"+secrets.token_hex(4))'","exit_code":0,"artifacts":[],"redactions":[]}
{"schema_version":1,"timestamp":"2026-07-02T19:58:53+05:30","cwd":"nebula-insurance-crm-sagar","command":"mkdir -p planning-mds/operations/evidence/runs/2026-07-02-736e7854/artifacts/security planning-mds/operations/evidence/runs/2026-07-02-736e7854/artifacts/diffs planning-mds/operations/evidence/features/F0028-carrier-and-market-relationship-management","exit_code":0,"artifacts":["planning-mds/operations/evidence/runs/2026-07-02-736e7854/","planning-mds/operations/evidence/features/F0028-carrier-and-market-relationship-management/"],"redactions":[]}
{"schema_version":1,"timestamp":"2026-07-02T19:58:53+05:30","cwd":"nebula-insurance-crm-sagar","command":".venv/bin/python scripts/kg/lookup.py F0028","exit_code":0,"artifacts":[],"redactions":[]}
{"schema_version":1,"timestamp":"2026-07-02T20:00:00+05:30","cwd":"nebula-agents-sagar","command":".venv/bin/python agents/product-manager/scripts/validate-feature-evidence.py --product-root /Users/wallstreet289/Documents/workspace/nebula-insurance-crm-sagar --feature F0028 --run-id 2026-07-02-736e7854 --stage G0","exit_code":1,"artifacts":[],"redactions":[]}
{"schema_version":1,"timestamp":"2026-07-02T20:00:30+05:30","cwd":"nebula-agents-sagar","command":".venv/bin/python agents/product-manager/scripts/validate-feature-evidence.py --product-root /Users/wallstreet289/Documents/workspace/nebula-insurance-crm-sagar --feature F0028 --run-id 2026-07-02-736e7854 --stage G0","exit_code":1,"artifacts":[],"redactions":[]}
{"schema_version":1,"timestamp":"2026-07-02T20:01:00+05:30","cwd":"nebula-agents-sagar","command":".venv/bin/python agents/product-manager/scripts/validate-feature-evidence.py --product-root /Users/wallstreet289/Documents/workspace/nebula-insurance-crm-sagar --feature F0028 --run-id 2026-07-02-736e7854 --stage G0","exit_code":0,"artifacts":[],"redactions":[]}
{"schema_version":1,"timestamp":"2026-07-02T20:05:27+05:30","cwd":"nebula-insurance-crm-sagar","command":"docker compose ps","exit_code":0,"artifacts":[],"redactions":[]}
{"schema_version":1,"timestamp":"2026-07-02T20:05:36+05:30","cwd":"nebula-insurance-crm-sagar","command":"docker compose logs --tail=80 authentik-worker api","exit_code":0,"artifacts":[],"redactions":["authentik runtime logs summarized in g1-runtime-preflight.md"]}
{"schema_version":1,"timestamp":"2026-07-02T20:05:36+05:30","cwd":"nebula-insurance-crm-sagar","command":"ls -la .env .env.example docker-compose.yml","exit_code":1,"artifacts":[],"redactions":[]}
{"schema_version":1,"timestamp":"2026-07-02T20:05:36+05:30","cwd":"nebula-insurance-crm-sagar","command":"sed -n '1,220p' docker-compose.yml","exit_code":0,"artifacts":[],"redactions":[]}
{"schema_version":1,"timestamp":"2026-07-02T20:06:00+05:30","cwd":"nebula-insurance-crm-sagar","command":"sed -n '1,160p' .env.example","exit_code":0,"artifacts":[],"redactions":[]}
{"schema_version":1,"timestamp":"2026-07-02T20:06:00+05:30","cwd":"nebula-insurance-crm-sagar","command":"rg -n \"^\\.env|env\" .gitignore .dockerignore","exit_code":0,"artifacts":[],"redactions":[]}
{"schema_version":1,"timestamp":"2026-07-02T20:06:00+05:30","cwd":"nebula-insurance-crm-sagar","command":"openssl rand -base64 48","exit_code":0,"artifacts":[],"redactions":["generated local AUTHENTIK_SECRET_KEY redacted"]}
{"schema_version":1,"timestamp":"2026-07-02T20:06:30+05:30","cwd":"nebula-insurance-crm-sagar","command":"apply_patch add local gitignored .env","exit_code":0,"artifacts":[".env"],"redactions":["local development secrets redacted"]}
{"schema_version":1,"timestamp":"2026-07-02T20:07:00+05:30","cwd":"nebula-insurance-crm-sagar","command":"docker compose up -d --force-recreate db authentik-server authentik-worker api","exit_code":0,"artifacts":[],"redactions":[]}
{"schema_version":1,"timestamp":"2026-07-02T20:11:00+05:30","cwd":"nebula-insurance-crm-sagar","command":"docker compose logs --tail=120 authentik-server","exit_code":0,"artifacts":[],"redactions":["authentik runtime logs summarized in g1-runtime-preflight.md"]}
{"schema_version":1,"timestamp":"2026-07-02T20:11:30+05:30","cwd":"nebula-insurance-crm-sagar","command":"docker compose exec -T db psql -U postgres -c \"CREATE DATABASE authentik;\"","exit_code":0,"artifacts":[],"redactions":[]}
{"schema_version":1,"timestamp":"2026-07-02T20:12:42+05:30","cwd":"nebula-insurance-crm-sagar","command":"docker compose ps","exit_code":0,"artifacts":[],"redactions":[]}
{"schema_version":1,"timestamp":"2026-07-02T20:12:42+05:30","cwd":"nebula-insurance-crm-sagar","command":"curl -sS -i http://localhost:8080/health","exit_code":7,"artifacts":[],"redactions":[]}
{"schema_version":1,"timestamp":"2026-07-02T20:12:42+05:30","cwd":"nebula-insurance-crm-sagar","command":"docker compose logs --tail=80 api","exit_code":0,"artifacts":[],"redactions":["verbose EF startup logs summarized in g1-runtime-preflight.md"]}
{"schema_version":1,"timestamp":"2026-07-02T20:13:10+05:30","cwd":"nebula-insurance-crm-sagar","command":"rg -n \"Map(Get|Health|OpenApi|Swagger|Scalar|/api)\" engine/src/Nebula.Api/Program.cs engine/src/Nebula.Api -g '*.cs'","exit_code":0,"artifacts":[],"redactions":[]}
{"schema_version":1,"timestamp":"2026-07-02T20:13:17+05:30","cwd":"nebula-insurance-crm-sagar","command":"curl -sS -i http://127.0.0.1:8080/swagger/index.html","exit_code":0,"artifacts":[],"redactions":[]}
{"schema_version":1,"timestamp":"2026-07-02T20:13:29+05:30","cwd":"nebula-insurance-crm-sagar","command":"curl -sS -i http://127.0.0.1:8080/healthz","exit_code":0,"artifacts":[],"redactions":[]}
{"schema_version":1,"timestamp":"2026-07-02T20:14:00+05:30","cwd":"nebula-agents-sagar","command":".venv/bin/python agents/product-manager/scripts/validate-feature-evidence.py --product-root /Users/wallstreet289/Documents/workspace/nebula-insurance-crm-sagar --feature F0028 --run-id 2026-07-02-736e7854 --stage G1","exit_code":0,"artifacts":[],"redactions":[]}
{"schema_version":1,"timestamp":"2026-07-02T20:15:00+05:30","cwd":"nebula-insurance-crm-sagar","command":".venv/bin/python scripts/kg/hint.py engine/src/Nebula.Domain/Entities","exit_code":0,"artifacts":[],"redactions":[]}
{"schema_version":1,"timestamp":"2026-07-02T20:15:00+05:30","cwd":"nebula-insurance-crm-sagar","command":".venv/bin/python scripts/kg/hint.py engine/src/Nebula.Application","exit_code":0,"artifacts":[],"redactions":[]}
{"schema_version":1,"timestamp":"2026-07-02T20:15:00+05:30","cwd":"nebula-insurance-crm-sagar","command":".venv/bin/python scripts/kg/hint.py engine/src/Nebula.Infrastructure/Persistence","exit_code":0,"artifacts":[],"redactions":[]}
{"schema_version":1,"timestamp":"2026-07-02T20:15:00+05:30","cwd":"nebula-insurance-crm-sagar","command":".venv/bin/python scripts/kg/hint.py engine/src/Nebula.Api/Endpoints","exit_code":0,"artifacts":[],"redactions":[]}
{"schema_version":1,"timestamp":"2026-07-02T20:15:00+05:30","cwd":"nebula-insurance-crm-sagar","command":".venv/bin/python scripts/kg/hint.py experience/src","exit_code":0,"artifacts":[],"redactions":[]}
{"schema_version":1,"timestamp":"2026-07-02T20:15:00+05:30","cwd":"nebula-insurance-crm-sagar","command":".venv/bin/python scripts/kg/hint.py engine/tests/Nebula.Tests","exit_code":0,"artifacts":[],"redactions":[]}
{"schema_version":1,"timestamp":"2026-07-02T20:31:00+05:30","cwd":"nebula-insurance-crm-sagar","command":"dotnet build engine/src/Nebula.Api/Nebula.Api.csproj --no-restore -m:1 /p:UseSharedCompilation=false","exit_code":0,"artifacts":[],"redactions":[]}
{"schema_version":1,"timestamp":"2026-07-02T20:32:00+05:30","cwd":"nebula-insurance-crm-sagar","command":"dotnet build engine/tests/Nebula.Tests/Nebula.Tests.csproj --no-restore -m:1 /p:UseSharedCompilation=false","exit_code":0,"artifacts":[],"redactions":[]}
{"schema_version":1,"timestamp":"2026-07-02T20:33:00+05:30","cwd":"nebula-insurance-crm-sagar","command":"dotnet test engine/tests/Nebula.Tests/Nebula.Tests.csproj --no-build --filter \"FullyQualifiedName~CarrierMarketEndpointTests|FullyQualifiedName~CasbinAuthorizationServiceTests\"","exit_code":1,"artifacts":[],"redactions":["sandbox socket permission failure; rerun with approval"]}
{"schema_version":1,"timestamp":"2026-07-02T20:34:00+05:30","cwd":"nebula-insurance-crm-sagar","command":"dotnet test engine/tests/Nebula.Tests/Nebula.Tests.csproj --no-build --filter \"FullyQualifiedName~CarrierMarketEndpointTests|FullyQualifiedName~CasbinAuthorizationServiceTests\"","exit_code":0,"artifacts":["engine/tests/Nebula.Tests/TestResults/2bc5054c-a556-4b70-8d10-c337d946fab7/coverage.cobertura.xml"],"redactions":[]}
{"schema_version":1,"timestamp":"2026-07-02T20:35:00+05:30","cwd":"nebula-insurance-crm-sagar/experience","command":"npm run build","exit_code":0,"artifacts":["experience/dist"],"redactions":[]}
{"schema_version":1,"timestamp":"2026-07-02T20:36:00+05:30","cwd":"nebula-insurance-crm-sagar/experience","command":"npm run test -- App.test.tsx","exit_code":1,"artifacts":[],"redactions":["localStorage unavailable in local Node/jsdom environment"]}
{"schema_version":1,"timestamp":"2026-07-02T20:37:00+05:30","cwd":"nebula-insurance-crm-sagar/experience","command":"NODE_OPTIONS=--localstorage-file=/private/tmp/nebula-vitest-localstorage npm run test -- App.test.tsx","exit_code":0,"artifacts":[],"redactions":[]}
{"schema_version":1,"timestamp":"2026-07-02T20:38:00+05:30","cwd":"nebula-insurance-crm-sagar","command":"docker compose up -d --build api","exit_code":0,"artifacts":[],"redactions":[]}
{"schema_version":1,"timestamp":"2026-07-02T20:39:00+05:30","cwd":"nebula-insurance-crm-sagar","command":"curl -sS -i http://127.0.0.1:8080/healthz","exit_code":0,"artifacts":[],"redactions":[]}
{"schema_version":1,"timestamp":"2026-07-02T20:39:30+05:30","cwd":"nebula-insurance-crm-sagar","command":"curl -sS -i http://127.0.0.1:8080/carrier-markets","exit_code":0,"artifacts":[],"redactions":[]}
{"schema_version":1,"timestamp":"2026-07-02T20:40:00+05:30","cwd":"nebula-insurance-crm-sagar","command":".venv/bin/python scripts/kg/validate.py --write-coverage-report","exit_code":0,"artifacts":["planning-mds/knowledge-graph/coverage-report.yaml"],"redactions":[]}
{"schema_version":1,"timestamp":"2026-07-02T20:41:00+05:30","cwd":"nebula-insurance-crm-sagar","command":".venv/bin/python scripts/kg/validate.py","exit_code":0,"artifacts":[],"redactions":[]}
{"schema_version":1,"timestamp":"2026-07-02T20:42:00+05:30","cwd":"nebula-insurance-crm-sagar","command":".venv/bin/python scripts/kg/validate.py --check-drift","exit_code":0,"artifacts":[],"redactions":[]}
{"schema_version":1,"timestamp":"2026-07-02T20:43:00+05:30","cwd":"nebula-agents-sagar","command":".venv/bin/python agents/product-manager/scripts/validate-stories.py /Users/wallstreet289/Documents/workspace/nebula-insurance-crm-sagar/planning-mds/features/F0028-carrier-and-market-relationship-management","exit_code":0,"artifacts":[],"redactions":[]}
{"schema_version":1,"timestamp":"2026-07-02T20:43:30+05:30","cwd":"nebula-agents-sagar","command":".venv/bin/python agents/scripts/validate_templates.py","exit_code":0,"artifacts":[],"redactions":[]}
{"schema_version":1,"timestamp":"2026-07-02T20:51:00+05:30","cwd":"nebula-insurance-crm-sagar","command":"apply_patch update G2-G8 evidence, manifest, gate decisions, lifecycle log, command log, and status artifacts","exit_code":0,"artifacts":["planning-mds/operations/evidence/runs/2026-07-02-736e7854"],"redactions":[]}
{"schema_version":1,"timestamp":"2026-07-02T20:55:00+05:30","cwd":"nebula-agents-sagar","command":".venv/bin/python agents/product-manager/scripts/validate-trackers.py --product-root /Users/wallstreet289/Documents/workspace/nebula-insurance-crm-sagar --feature F0028 --run-id 2026-07-02-736e7854","exit_code":0,"artifacts":[],"redactions":[]}
{"schema_version":1,"timestamp":"2026-07-02T20:56:00+05:30","cwd":"nebula-agents-sagar","command":".venv/bin/python agents/product-manager/scripts/validate-feature-evidence.py --product-root /Users/wallstreet289/Documents/workspace/nebula-insurance-crm-sagar --feature F0028 --run-id 2026-07-02-736e7854 --stage G8","exit_code":0,"artifacts":[],"redactions":[]}
{"schema_version":1,"timestamp":"2026-07-02T20:57:00+05:30","cwd":"nebula-insurance-crm-sagar","command":".venv/bin/python scripts/kg/validate.py","exit_code":1,"artifacts":[],"redactions":["coverage-report.yaml stale after evidence/status edits; refreshed immediately afterward"]}
{"schema_version":1,"timestamp":"2026-07-02T20:58:00+05:30","cwd":"nebula-insurance-crm-sagar","command":".venv/bin/python scripts/kg/validate.py --write-coverage-report","exit_code":0,"artifacts":["planning-mds/knowledge-graph/coverage-report.yaml"],"redactions":[]}
{"schema_version":1,"timestamp":"2026-07-02T20:59:00+05:30","cwd":"nebula-insurance-crm-sagar","command":".venv/bin/python scripts/kg/validate.py","exit_code":0,"artifacts":[],"redactions":[]}
{"schema_version":1,"timestamp":"2026-07-02T20:59:30+05:30","cwd":"nebula-insurance-crm-sagar","command":".venv/bin/python scripts/kg/validate.py --check-drift","exit_code":0,"artifacts":[],"redactions":[]}
{"schema_version":1,"timestamp":"2026-07-02T21:00:00+05:30","cwd":"nebula-insurance-crm-sagar","command":"docker compose ps","exit_code":0,"artifacts":[],"redactions":[]}
{"schema_version":1,"timestamp":"2026-07-02T21:00:30+05:30","cwd":"nebula-insurance-crm-sagar","command":"curl -sS -i http://127.0.0.1:8080/healthz","exit_code":0,"artifacts":[],"redactions":[]}
{"schema_version":1,"timestamp":"2026-07-02T21:00:31+05:30","cwd":"nebula-insurance-crm-sagar","command":"curl -sS -i http://127.0.0.1:8080/carrier-markets","exit_code":0,"artifacts":[],"redactions":[]}
{"schema_version":1,"timestamp":"2026-07-02T21:01:00+05:30","cwd":"nebula-insurance-crm-sagar/experience","command":"npm run build","exit_code":0,"artifacts":["experience/dist"],"redactions":[]}
{"schema_version":1,"timestamp":"2026-07-03T15:03:40+05:30","cwd":"nebula-insurance-crm-sagar","command":".venv/bin/python scripts/kg/hint.py engine/src/Nebula.Infrastructure/Persistence/DevSeedData.cs","exit_code":0,"artifacts":[],"redactions":[]}
{"schema_version":1,"timestamp":"2026-07-03T15:03:40+05:30","cwd":"nebula-insurance-crm-sagar","command":".venv/bin/python scripts/kg/lookup.py F0028","exit_code":0,"artifacts":[],"redactions":[]}
{"schema_version":1,"timestamp":"2026-07-03T15:03:40+05:30","cwd":"nebula-insurance-crm-sagar","command":"dotnet build engine/tests/Nebula.Tests/Nebula.Tests.csproj --no-restore --nologo -v:minimal -p:UseSharedCompilation=false -p:BuildInParallel=false -m:1","exit_code":0,"artifacts":[],"redactions":["existing NU1903 and nullable warnings unchanged"]}
{"schema_version":1,"timestamp":"2026-07-03T15:03:40+05:30","cwd":"nebula-insurance-crm-sagar/experience","command":"pnpm build","exit_code":0,"artifacts":["experience/dist"],"redactions":["existing Vite chunk-size warning unchanged"]}
{"schema_version":1,"timestamp":"2026-07-03T15:03:40+05:30","cwd":"nebula-insurance-crm-sagar/experience","command":"NODE_OPTIONS=--localstorage-file=/private/tmp/nebula-vitest-localstorage pnpm test src/features/auth/tests/LoginPage.test.tsx src/features/auth/tests/ProtectedRoute.test.tsx src/services/api.test.ts","exit_code":0,"artifacts":[],"redactions":[]}
{"schema_version":1,"timestamp":"2026-07-03T15:03:40+05:30","cwd":"nebula-insurance-crm-sagar","command":"dotnet test engine/tests/Nebula.Tests/Nebula.Tests.csproj --no-build --filter FullyQualifiedName~CarrierMarketEndpointTests --nologo -v:minimal","exit_code":1,"artifacts":[],"redactions":["sandbox socket permission failure; rerun with approval"]}
{"schema_version":1,"timestamp":"2026-07-03T15:03:40+05:30","cwd":"nebula-insurance-crm-sagar","command":"dotnet test engine/tests/Nebula.Tests/Nebula.Tests.csproj --no-build --filter FullyQualifiedName~CarrierMarketEndpointTests --nologo -v:minimal","exit_code":0,"artifacts":["engine/tests/Nebula.Tests/TestResults/3f3d475d-6dc1-436f-8dc5-2f5e723c9729/coverage.cobertura.xml"],"redactions":[]}
{"schema_version":1,"timestamp":"2026-07-03T15:03:40+05:30","cwd":"nebula-insurance-crm-sagar","command":"node -e synthetic dev-token fetch http://127.0.0.1:5173/carrier-markets","exit_code":0,"artifacts":[],"redactions":["JWT payload summarized; response contained three F0028 demo markets"]}
{"schema_version":1,"timestamp":"2026-07-03T15:03:40+05:30","cwd":"nebula-agents-sagar","command":"python3 agents/product-manager/scripts/validate-feature-evidence.py --product-root /Users/wallstreet289/Documents/workspace/nebula-insurance-crm-sagar --feature F0028 --stage closeout","exit_code":0,"artifacts":[],"redactions":[]}
{"schema_version":1,"timestamp":"2026-07-03T15:03:40+05:30","cwd":"nebula-insurance-crm-sagar","command":".venv/bin/python scripts/kg/validate.py --check-symbols","exit_code":0,"artifacts":[],"redactions":["existing KG warnings unchanged"]}
{"schema_version":1,"timestamp":"2026-07-03T15:03:40+05:30","cwd":"nebula-insurance-crm-sagar","command":".venv/bin/python scripts/kg/validate.py --check-drift","exit_code":0,"artifacts":[],"redactions":["existing KG warnings unchanged"]}
{"schema_version":1,"timestamp":"2026-07-03T15:03:40+05:30","cwd":"nebula-agents-sagar","command":"python3 agents/scripts/validate_templates.py","exit_code":1,"artifacts":[],"redactions":["system Python missing PyYAML; rerun with agents venv"]}
{"schema_version":1,"timestamp":"2026-07-03T15:03:40+05:30","cwd":"nebula-agents-sagar","command":".venv/bin/python agents/scripts/validate_templates.py","exit_code":0,"artifacts":[],"redactions":[]}
{"schema_version":1,"timestamp":"2026-07-03T15:10:25+05:30","cwd":"nebula-insurance-crm-sagar","command":".venv/bin/python scripts/kg/lookup.py F0028","exit_code":0,"artifacts":[],"redactions":[]}
{"schema_version":1,"timestamp":"2026-07-03T15:10:25+05:30","cwd":"nebula-insurance-crm-sagar/experience","command":"NODE_OPTIONS=--localstorage-file=/private/tmp/nebula-vitest-localstorage pnpm test src/services/api.test.ts","exit_code":0,"artifacts":[],"redactions":[]}
{"schema_version":1,"timestamp":"2026-07-03T15:10:25+05:30","cwd":"nebula-insurance-crm-sagar/experience","command":"pnpm build","exit_code":0,"artifacts":["experience/dist"],"redactions":["existing Vite chunk-size warning unchanged"]}
{"schema_version":1,"timestamp":"2026-07-03T15:10:25+05:30","cwd":"nebula-insurance-crm-sagar","command":"kill stale Vite dev server on port 5173","exit_code":0,"artifacts":[],"redactions":[]}
{"schema_version":1,"timestamp":"2026-07-03T15:10:25+05:30","cwd":"nebula-insurance-crm-sagar/experience","command":"pnpm dev --host 0.0.0.0","exit_code":0,"artifacts":["http://localhost:5173/"],"redactions":["long-running dev server restarted"]}
{"schema_version":1,"timestamp":"2026-07-03T15:10:25+05:30","cwd":"nebula-insurance-crm-sagar","command":"node -e synthetic dev-token fetch http://127.0.0.1:5173/carrier-markets","exit_code":0,"artifacts":[],"redactions":["JWT payload summarized; response contained three F0028 demo markets"]}
